#
# There is insufficient memory for the Java Runtime Environment to continue.
# Native memory allocation (malloc) failed to allocate 1048576 bytes. Error detail: AllocateHeap
# Possible reasons:
#   The system is out of physical RAM or swap space
#   This process is running with CompressedOops enabled, and the Java Heap may be blocking the growth of the native heap
# Possible solutions:
#   Reduce memory load on the system
#   Increase physical memory or swap space
#   Check if swap backing store is full
#   Decrease Java heap size (-Xmx/-Xms)
#   Decrease number of Java threads
#   Decrease Java thread stack sizes (-Xss)
#   Set larger code cache with -XX:ReservedCodeCacheSize=
#   JVM is running with Unscaled Compressed Oops mode in which the Java heap is
#     placed in the first 4GB address space. The Java Heap base address is the
#     maximum limit for the native heap growth. Please use -XX:HeapBaseMinAddress
#     to set the Java Heap base and to place the Java Heap above 4GB virtual address.
# This output file may be truncated or incomplete.
#
#  Out of Memory Error (allocation.cpp:44), pid=4092, tid=10292
#
# JRE version:  (21.0.7+6) (build )
# Java VM: OpenJDK 64-Bit Server VM (21.0.7+6-LTS, mixed mode, tiered, compressed oops, compressed class ptrs, parallel gc, windows-amd64)
# No core dump will be written. Minidumps are not enabled by default on client versions of Windows
#

---------------  S U M M A R Y ------------

Command Line: --add-modules=ALL-SYSTEM --add-opens=java.base/java.util=ALL-UNNAMED --add-opens=java.base/java.lang=ALL-UNNAMED --add-opens=java.base/sun.nio.fs=ALL-UNNAMED -Declipse.application=org.eclipse.jdt.ls.core.id1 -Dosgi.bundles.defaultStartLevel=4 -Declipse.product=org.eclipse.jdt.ls.core.product -Djava.import.generatesMetadataFilesAtProjectRoot=false -DDetectVMInstallationsJob.disabled=true -Dfile.encoding=utf8 -XX:+UseParallelGC -XX:GCTimeRatio=4 -XX:AdaptiveSizePolicyWeight=90 -Dsun.zip.disableMemoryMapping=true -Xmx2G -Xms100m -Xlog:disable -javaagent:c:\Users\ASUS\.vscode\extensions\redhat.java-1.43.0-win32-x64\lombok\lombok-1.18.39-4050.jar -XX:+HeapDumpOnOutOfMemoryError -XX:HeapDumpPath=c:\Users\ASUS\AppData\Roaming\Code\User\workspaceStorage\1c914d512f7e911657de6445cdf574a6\redhat.java -Daether.dependencyCollector.impl=bf c:\Users\ASUS\.vscode\extensions\redhat.java-1.43.0-win32-x64\server\plugins\org.eclipse.equinox.launcher_1.7.0.v20250519-0528.jar -configuration c:\Users\ASUS\AppData\Roaming\Code\User\globalStorage\redhat.java\1.43.0\config_win -data c:\Users\ASUS\AppData\Roaming\Code\User\workspaceStorage\1c914d512f7e911657de6445cdf574a6\redhat.java\jdt_ws --pipe=\\.\pipe\lsp-922f7a747f67cbc10e87dc41a5f9c5f4-sock

Host: Intel(R) Core(TM) i3-10110U CPU @ 2.10GHz, 4 cores, 7G,  Windows 11 , 64 bit Build 22621 (10.0.22621.5415)
Time: Tue Jul  1 19:04:58 2025 SE Asia Standard Time elapsed time: 0.208309 seconds (0d 0h 0m 0s)

---------------  T H R E A D  ---------------

Current thread (0x000001e911580050):  JavaThread "Unknown thread" [_thread_in_vm, id=10292, stack(0x0000004922f00000,0x0000004923000000) (1024K)]

Stack: [0x0000004922f00000,0x0000004923000000]
Native frames: (J=compiled Java code, j=interpreted, Vv=VM code, C=native code)
V  [jvm.dll+0x6ce119]
V  [jvm.dll+0x8a84a1]
V  [jvm.dll+0x8aa9ce]
V  [jvm.dll+0x8ab0b3]
V  [jvm.dll+0x27f8a6]
V  [jvm.dll+0xbfba7]
V  [jvm.dll+0x702092]
V  [jvm.dll+0x702dcc]
V  [jvm.dll+0x6dcc63]
V  [jvm.dll+0x871dbc]
V  [jvm.dll+0x3bc47c]
V  [jvm.dll+0x85a848]
V  [jvm.dll+0x45080e]
V  [jvm.dll+0x452451]
C  [jli.dll+0x5278]
C  [ucrtbase.dll+0x29333]
C  [KERNEL32.DLL+0x1259d]
C  [ntdll.dll+0x5af78]


---------------  P R O C E S S  ---------------

Threads class SMR info:
_java_thread_list=0x000001e9115e7370, length=1, elements={
0x000001e911580050
}

Java Threads: ( => current thread )
=>0x000001e911580050 JavaThread "Unknown thread"             [_thread_in_vm, id=10292, stack(0x0000004922f00000,0x0000004923000000) (1024K)]
Total: 1

Other Threads:
  0x000001e9115e7c40 WatcherThread "VM Periodic Task Thread"        [id=13692, stack(0x0000004923100000,0x0000004923200000) (1024K)]
  0x000001e91159d1b0 WorkerThread "GC Thread#0"                     [id=3116, stack(0x0000004923000000,0x0000004923100000) (1024K)]
Total: 2

Threads with active compile tasks:
Total: 0

VM state: not at safepoint (normal execution)

VM Mutex/Monitor currently owned by a thread: None

Heap address: 0x0000000080000000, size: 2048 MB, Compressed Oops mode: 32-bit

CDS archive(s) not mapped
Compressed class space mapped at: 0x0000000100000000-0x0000000140000000, reserved size: 1073741824
Narrow klass base: 0x0000000000000000, Narrow klass shift: 3, Narrow klass range: 0x140000000

GC Precious Log:
 CardTable entry size: 512
 CPUs: 4 total, 4 available
 Memory: 8029M
 Large Page Support: Disabled
 NUMA Support: Disabled
 Compressed Oops: Enabled (32-bit)
 Alignments: Space 512K, Generation 512K, Heap 2M
 Heap Min Capacity: 100M
 Heap Initial Capacity: 100M
 Heap Max Capacity: 2G
 Pre-touch: Disabled
 Parallel Workers: 4

Heap:
 PSYoungGen      total 29696K, used 512K [0x00000000d5580000, 0x00000000d7680000, 0x0000000100000000)
  eden space 25600K, 2% used [0x00000000d5580000,0x00000000d5600070,0x00000000d6e80000)
  from space 4096K, 0% used [0x00000000d7280000,0x00000000d7280000,0x00000000d7680000)
  to   space 4096K, 0% used [0x00000000d6e80000,0x00000000d6e80000,0x00000000d7280000)
 ParOldGen       total 68608K, used 0K [0x0000000080000000, 0x0000000084300000, 0x00000000d5580000)
  object space 68608K, 0% used [0x0000000080000000,0x0000000080000000,0x0000000084300000)
 Metaspace       used 1392K, committed 1472K, reserved 1114112K
  class space    used 109K, committed 128K, reserved 1048576K

Card table byte_map: [0x000001e910f50000,0x000001e911360000] _byte_map_base: 0x000001e910b50000

Marking Bits: (ParMarkBitMap*) 0x00007ffd188031f0
 Begin Bits: [0x000001e923a20000, 0x000001e925a20000)
 End Bits:   [0x000001e925a20000, 0x000001e927a20000)

Polling page: 0x000001e910d40000

Metaspace:

Usage:
  Non-class:      1.25 MB used.
      Class:    109.62 KB used.
       Both:      1.36 MB used.

Virtual space:
  Non-class space:       64.00 MB reserved,       1.31 MB (  2%) committed,  1 nodes.
      Class space:        1.00 GB reserved,     128.00 KB ( <1%) committed,  1 nodes.
             Both:        1.06 GB reserved,       1.44 MB ( <1%) committed. 

Chunk freelists:
   Non-Class:  12.00 MB
       Class:  15.75 MB
        Both:  27.75 MB

MaxMetaspaceSize: unlimited
CompressedClassSpaceSize: 1.00 GB
Initial GC threshold: 21.00 MB
Current GC threshold: 17179869184.00 GB
CDS: off
 - commit_granule_bytes: 65536.
 - commit_granule_words: 8192.
 - virtual_space_node_default_size: 8388608.
 - enlarge_chunks_in_place: 1.
 - use_allocation_guard: 0.


Internal statistics:

num_allocs_failed_limit: 0.
num_arena_births: 2.
num_arena_deaths: 0.
num_vsnodes_births: 2.
num_vsnodes_deaths: 0.
num_space_committed: 23.
num_space_uncommitted: 0.
num_chunks_returned_to_freelist: 0.
num_chunks_taken_from_freelist: 3.
num_chunk_merges: 0.
num_chunk_splits: 2.
num_chunks_enlarged: 0.
num_inconsistent_stats: 0.

CodeHeap 'non-profiled nmethods': size=120000Kb used=0Kb max_used=0Kb free=120000Kb
 bounds [0x000001e91c240000, 0x000001e91c4b0000, 0x000001e923770000]
CodeHeap 'profiled nmethods': size=120000Kb used=0Kb max_used=0Kb free=120000Kb
 bounds [0x000001e914770000, 0x000001e9149e0000, 0x000001e91bca0000]
CodeHeap 'non-nmethods': size=5760Kb used=194Kb max_used=342Kb free=5565Kb
 bounds [0x000001e91bca0000, 0x000001e91bf10000, 0x000001e91c240000]
 total_blobs=70 nmethods=0 adapters=48
 compilation: enabled
              stopped_count=0, restarted_count=0
 full_count=0

Compilation events (0 events):
No events

GC Heap History (0 events):
No events

Dll operation events (2 events):
Event: 0.017 Loaded shared library c:\Users\ASUS\.vscode\extensions\redhat.java-1.43.0-win32-x64\jre\21.0.7-win32-x86_64\bin\java.dll
Event: 0.030 Loaded shared library c:\Users\ASUS\.vscode\extensions\redhat.java-1.43.0-win32-x64\jre\21.0.7-win32-x86_64\bin\zip.dll

Deoptimization events (0 events):
No events

Classes loaded (20 events):
Event: 0.198 Loading class java/util/Iterator
Event: 0.199 Loading class java/util/Iterator done
Event: 0.199 Loading class java/lang/reflect/RecordComponent
Event: 0.199 Loading class java/lang/reflect/RecordComponent done
Event: 0.199 Loading class jdk/internal/vm/vector/VectorSupport
Event: 0.200 Loading class jdk/internal/vm/vector/VectorSupport done
Event: 0.200 Loading class jdk/internal/vm/vector/VectorSupport$VectorPayload
Event: 0.200 Loading class jdk/internal/vm/vector/VectorSupport$VectorPayload done
Event: 0.200 Loading class jdk/internal/vm/vector/VectorSupport$Vector
Event: 0.200 Loading class jdk/internal/vm/vector/VectorSupport$Vector done
Event: 0.200 Loading class jdk/internal/vm/vector/VectorSupport$VectorMask
Event: 0.200 Loading class jdk/internal/vm/vector/VectorSupport$VectorMask done
Event: 0.200 Loading class jdk/internal/vm/vector/VectorSupport$VectorShuffle
Event: 0.200 Loading class jdk/internal/vm/vector/VectorSupport$VectorShuffle done
Event: 0.200 Loading class jdk/internal/vm/FillerObject
Event: 0.200 Loading class jdk/internal/vm/FillerObject done
Event: 0.203 Loading class java/lang/NullPointerException
Event: 0.204 Loading class java/lang/NullPointerException done
Event: 0.204 Loading class java/lang/ArithmeticException
Event: 0.204 Loading class java/lang/ArithmeticException done

Classes unloaded (0 events):
No events

Classes redefined (0 events):
No events

Internal exceptions (0 events):
No events

ZGC Phase Switch (0 events):
No events

VM Operations (0 events):
No events

Memory protections (0 events):
No events

Nmethod flushes (0 events):
No events

Events (1 events):
Event: 0.028 Thread 0x000001e911580050 Thread added: 0x000001e911580050


Dynamic libraries:
0x00007ff67a090000 - 0x00007ff67a09e000 	c:\Users\ASUS\.vscode\extensions\redhat.java-1.43.0-win32-x64\jre\21.0.7-win32-x86_64\bin\java.exe
0x00007ffdbfdb0000 - 0x00007ffdbffc7000 	C:\WINDOWS\SYSTEM32\ntdll.dll
0x00007ffdbe680000 - 0x00007ffdbe744000 	C:\WINDOWS\System32\KERNEL32.DLL
0x00007ffdbcf40000 - 0x00007ffdbd312000 	C:\WINDOWS\System32\KERNELBASE.dll
0x00007ffdbd8f0000 - 0x00007ffdbda01000 	C:\WINDOWS\System32\ucrtbase.dll
0x00007ffd79d30000 - 0x00007ffd79d48000 	c:\Users\ASUS\.vscode\extensions\redhat.java-1.43.0-win32-x64\jre\21.0.7-win32-x86_64\bin\jli.dll
0x00007ffdbdc00000 - 0x00007ffdbddb1000 	C:\WINDOWS\System32\USER32.dll
0x00007ffdbd490000 - 0x00007ffdbd4b6000 	C:\WINDOWS\System32\win32u.dll
0x00007ffdbf780000 - 0x00007ffdbf7a9000 	C:\WINDOWS\System32\GDI32.dll
0x00007ffdbd680000 - 0x00007ffdbd7a3000 	C:\WINDOWS\System32\gdi32full.dll
0x00007ffdbcea0000 - 0x00007ffdbcf3a000 	C:\WINDOWS\System32\msvcp_win.dll
0x00007ffd79d10000 - 0x00007ffd79d2e000 	c:\Users\ASUS\.vscode\extensions\redhat.java-1.43.0-win32-x64\jre\21.0.7-win32-x86_64\bin\VCRUNTIME140.dll
0x00007ffdab220000 - 0x00007ffdab4bb000 	C:\WINDOWS\WinSxS\amd64_microsoft.windows.common-controls_6595b64144ccf1df_6.0.22621.5415_none_270d77d17387d7da\COMCTL32.dll
0x00007ffdbe320000 - 0x00007ffdbe3c7000 	C:\WINDOWS\System32\msvcrt.dll
0x00007ffdbded0000 - 0x00007ffdbdf01000 	C:\WINDOWS\System32\IMM32.DLL
0x00007ffd9b8e0000 - 0x00007ffd9b8ec000 	c:\Users\ASUS\.vscode\extensions\redhat.java-1.43.0-win32-x64\jre\21.0.7-win32-x86_64\bin\vcruntime140_1.dll
0x00007ffd784b0000 - 0x00007ffd7853d000 	c:\Users\ASUS\.vscode\extensions\redhat.java-1.43.0-win32-x64\jre\21.0.7-win32-x86_64\bin\msvcp140.dll
0x00007ffd17b50000 - 0x00007ffd188e0000 	c:\Users\ASUS\.vscode\extensions\redhat.java-1.43.0-win32-x64\jre\21.0.7-win32-x86_64\bin\server\jvm.dll
0x00007ffdbedf0000 - 0x00007ffdbeea1000 	C:\WINDOWS\System32\ADVAPI32.dll
0x00007ffdbdf10000 - 0x00007ffdbdfb8000 	C:\WINDOWS\System32\sechost.dll
0x00007ffdbda10000 - 0x00007ffdbda38000 	C:\WINDOWS\System32\bcrypt.dll
0x00007ffdbecd0000 - 0x00007ffdbede4000 	C:\WINDOWS\System32\RPCRT4.dll
0x00007ffdbdfc0000 - 0x00007ffdbe031000 	C:\WINDOWS\System32\WS2_32.dll
0x00007ffdbcd70000 - 0x00007ffdbcdbd000 	C:\WINDOWS\SYSTEM32\POWRPROF.dll
0x00007ffdb70f0000 - 0x00007ffdb7124000 	C:\WINDOWS\SYSTEM32\WINMM.dll
0x00007ffdb6d50000 - 0x00007ffdb6d5a000 	C:\WINDOWS\SYSTEM32\VERSION.dll
0x00007ffdbcd50000 - 0x00007ffdbcd63000 	C:\WINDOWS\SYSTEM32\UMPDC.dll
0x00007ffdbbe90000 - 0x00007ffdbbea8000 	C:\WINDOWS\SYSTEM32\kernel.appcore.dll
0x00007ffd94d90000 - 0x00007ffd94d9a000 	c:\Users\ASUS\.vscode\extensions\redhat.java-1.43.0-win32-x64\jre\21.0.7-win32-x86_64\bin\jimage.dll
0x00007ffda6b00000 - 0x00007ffda6d33000 	C:\WINDOWS\SYSTEM32\DBGHELP.DLL
0x00007ffdbe750000 - 0x00007ffdbeae3000 	C:\WINDOWS\System32\combase.dll
0x00007ffdbe240000 - 0x00007ffdbe317000 	C:\WINDOWS\System32\OLEAUT32.dll
0x00007ffd95090000 - 0x00007ffd950c2000 	C:\WINDOWS\SYSTEM32\dbgcore.DLL
0x00007ffdbd4c0000 - 0x00007ffdbd53b000 	C:\WINDOWS\System32\bcryptPrimitives.dll
0x00007ffda45b0000 - 0x00007ffda45bf000 	c:\Users\ASUS\.vscode\extensions\redhat.java-1.43.0-win32-x64\jre\21.0.7-win32-x86_64\bin\instrument.dll
0x00007ffd788d0000 - 0x00007ffd788ef000 	c:\Users\ASUS\.vscode\extensions\redhat.java-1.43.0-win32-x64\jre\21.0.7-win32-x86_64\bin\java.dll
0x00007ffd788b0000 - 0x00007ffd788c8000 	c:\Users\ASUS\.vscode\extensions\redhat.java-1.43.0-win32-x64\jre\21.0.7-win32-x86_64\bin\zip.dll

dbghelp: loaded successfully - version: 4.0.5 - missing functions: none
symbol engine: initialized successfully - sym options: 0x614 - pdb path: .;c:\Users\ASUS\.vscode\extensions\redhat.java-1.43.0-win32-x64\jre\21.0.7-win32-x86_64\bin;C:\WINDOWS\SYSTEM32;C:\WINDOWS\WinSxS\amd64_microsoft.windows.common-controls_6595b64144ccf1df_6.0.22621.5415_none_270d77d17387d7da;c:\Users\ASUS\.vscode\extensions\redhat.java-1.43.0-win32-x64\jre\21.0.7-win32-x86_64\bin\server

VM Arguments:
jvm_args: --add-modules=ALL-SYSTEM --add-opens=java.base/java.util=ALL-UNNAMED --add-opens=java.base/java.lang=ALL-UNNAMED --add-opens=java.base/sun.nio.fs=ALL-UNNAMED -Declipse.application=org.eclipse.jdt.ls.core.id1 -Dosgi.bundles.defaultStartLevel=4 -Declipse.product=org.eclipse.jdt.ls.core.product -Djava.import.generatesMetadataFilesAtProjectRoot=false -DDetectVMInstallationsJob.disabled=true -Dfile.encoding=utf8 -XX:+UseParallelGC -XX:GCTimeRatio=4 -XX:AdaptiveSizePolicyWeight=90 -Dsun.zip.disableMemoryMapping=true -Xmx2G -Xms100m -Xlog:disable -javaagent:c:\Users\ASUS\.vscode\extensions\redhat.java-1.43.0-win32-x64\lombok\lombok-1.18.39-4050.jar -XX:+HeapDumpOnOutOfMemoryError -XX:HeapDumpPath=c:\Users\ASUS\AppData\Roaming\Code\User\workspaceStorage\1c914d512f7e911657de6445cdf574a6\redhat.java -Daether.dependencyCollector.impl=bf 
java_command: c:\Users\ASUS\.vscode\extensions\redhat.java-1.43.0-win32-x64\server\plugins\org.eclipse.equinox.launcher_1.7.0.v20250519-0528.jar -configuration c:\Users\ASUS\AppData\Roaming\Code\User\globalStorage\redhat.java\1.43.0\config_win -data c:\Users\ASUS\AppData\Roaming\Code\User\workspaceStorage\1c914d512f7e911657de6445cdf574a6\redhat.java\jdt_ws --pipe=\\.\pipe\lsp-922f7a747f67cbc10e87dc41a5f9c5f4-sock
java_class_path (initial): c:\Users\ASUS\.vscode\extensions\redhat.java-1.43.0-win32-x64\server\plugins\org.eclipse.equinox.launcher_1.7.0.v20250519-0528.jar
Launcher Type: SUN_STANDARD

[Global flags]
    uintx AdaptiveSizePolicyWeight                 = 90                                        {product} {command line}
     intx CICompilerCount                          = 3                                         {product} {ergonomic}
    uintx GCTimeRatio                              = 4                                         {product} {command line}
     bool HeapDumpOnOutOfMemoryError               = true                                   {manageable} {command line}
    ccstr HeapDumpPath                             = c:\Users\ASUS\AppData\Roaming\Code\User\workspaceStorage\1c914d512f7e911657de6445cdf574a6\redhat.java         {manageable} {command line}
   size_t InitialHeapSize                          = 104857600                                 {product} {command line}
   size_t MaxHeapSize                              = 2147483648                                {product} {command line}
   size_t MaxNewSize                               = 715653120                                 {product} {ergonomic}
   size_t MinHeapDeltaBytes                        = 524288                                    {product} {ergonomic}
   size_t MinHeapSize                              = 104857600                                 {product} {command line}
   size_t NewSize                                  = 34603008                                  {product} {ergonomic}
    uintx NonNMethodCodeHeapSize                   = 5832780                                {pd product} {ergonomic}
    uintx NonProfiledCodeHeapSize                  = 122912730                              {pd product} {ergonomic}
   size_t OldSize                                  = 70254592                                  {product} {ergonomic}
    uintx ProfiledCodeHeapSize                     = 122912730                              {pd product} {ergonomic}
    uintx ReservedCodeCacheSize                    = 251658240                              {pd product} {ergonomic}
     bool SegmentedCodeCache                       = true                                      {product} {ergonomic}
   size_t SoftMaxHeapSize                          = 2147483648                             {manageable} {ergonomic}
     bool UseCompressedOops                        = true                           {product lp64_product} {ergonomic}
     bool UseLargePagesIndividualAllocation        = false                                  {pd product} {ergonomic}
     bool UseParallelGC                            = true                                      {product} {command line}

Logging:
Log output configuration:
 #0: stdout all=off uptime,level,tags foldmultilines=false
 #1: stderr all=off uptime,level,tags foldmultilines=false

Environment Variables:
PATH=C:\Program Files\Common Files\Oracle\Java\javapath;C:\WINDOWS\system32;C:\WINDOWS;C:\WINDOWS\System32\Wbem;C:\WINDOWS\System32\WindowsPowerShell\v1.0\;C:\WINDOWS\System32\OpenSSH\;C:\Program Files\Java\jdk\bin;C:\Program Files\dotnet\;C:\Users\ASUS\AppData\Local\Programs\Python\Python38;C:\Users\ASUS\AppData\Local\Programs\Python\Python38\Scripts;C:\Program Files\cURL\bin;C:\ProgramData\ComposerSetup\bin;C:\Program Files\GitHub CLI\;C:\Program Files\Microsoft SQL Server\Client SDK\ODBC\130\Tools\Binn\;C:\ProgramData\chocolatey\bin;C:\Users\ASUS\AppData\Local\Pub\Cache\bin;C:\Program Files\Java\jdk-23\bin;C:\Users\ASUS\AppData\Local\Android\Sdk\platform-tools;D:\Aplication\neo_xampp_php_7\php;C:\Users\ASUS\AppData\Roaming\nvm;C:\Program Files\nodejs;C:\src\flutter\bin\cache\dart-sdk\bin;C:\Program Files\PuTTY\;C:\Program Files\Git\cmd;D:\Aplication\PostgreSQL\17\bin;C:\Users\ASUS\AppData\Local\Programs\Python\Python36\Scripts\;C:\Users\ASUS\AppData\Local\Programs\Python\Python36\;C:\Users\ASUS\AppData\Local\Programs\Python\Python311\Scripts\;C:\Users\ASUS\AppData\Local\Programs\Python\Python311\;C:\Users\ASUS\AppData\Local\Microsoft\WindowsApps;C:\Users\ASUS\AppData\Local\Programs\Microsoft VS Code\bin;C:\Users\ASUS\AppData\Roaming\Composer\vendor\bin;C:\Program Files\heroku\bin;C:\Program Files\Azure Data Studio\bin;C:\tools\dart-sdk\bin;C:\Users\ASUS\AppData\Roaming\Pub\Cache\bin;D:\src\flutter\bin;D:\Aplication\PhpStorm\PhpStorm 2023.3.6\bin;;C:\Users\ASUS\AppData\Roaming\nvm;C:\Program Files\nodejs;C:\Users\ASUS\AppData\Local\Programs\Python\Python39\Scripts;C:\Users\ASUS\AppData\Local\Programs\Python\Python39\;D:\Aplication\Android\Android Studio\jbr\bin;
USERNAME=ASUS
OS=Windows_NT
PROCESSOR_IDENTIFIER=Intel64 Family 6 Model 142 Stepping 12, GenuineIntel
TMP=C:\Users\ASUS\AppData\Local\Temp
TEMP=C:\Users\ASUS\AppData\Local\Temp




Periodic native trim disabled

---------------  S Y S T E M  ---------------

OS:
 Windows 11 , 64 bit Build 22621 (10.0.22621.5415)
OS uptime: 0 days 1:09 hours
Hyper-V role detected

CPU: total 4 (initial active 4) (2 cores per cpu, 2 threads per core) family 6 model 142 stepping 12 microcode 0xea, cx8, cmov, fxsr, ht, mmx, 3dnowpref, sse, sse2, sse3, ssse3, sse4.1, sse4.2, popcnt, lzcnt, tsc, tscinvbit, avx, avx2, aes, erms, clmul, bmi1, bmi2, adx, fma, vzeroupper, clflush, clflushopt, hv, rdtscp, f16c
Processor Information for the first 4 processors :
  Max Mhz: 2501, Current Mhz: 2501, Mhz Limit: 2501

Memory: 4k page, system-wide physical 8029M (571M free)
TotalPageFile size 11777M (AvailPageFile size 8M)
current process WorkingSet (physical memory assigned to process): 17M, peak: 17M
current process commit charge ("private bytes"): 187M, peak: 191M

vm_info: OpenJDK 64-Bit Server VM (21.0.7+6-LTS) for windows-amd64 JRE (21.0.7+6-LTS), built on 2025-04-15T00:00:00Z by "admin" with MS VC++ 17.7 (VS2022)

END.
