#
# There is insufficient memory for the Java Runtime Environment to continue.
# Native memory allocation (malloc) failed to allocate 617776 bytes. Error detail: Chunk::new
# Possible reasons:
#   The system is out of physical RAM or swap space
#   This process is running with CompressedOops enabled, and the Java Heap may be blocking the growth of the native heap
# Possible solutions:
#   Reduce memory load on the system
#   Increase physical memory or swap space
#   Check if swap backing store is full
#   Decrease Java heap size (-Xmx/-Xms)
#   Decrease number of Java threads
#   Decrease Java thread stack sizes (-Xss)
#   Set larger code cache with -XX:ReservedCodeCacheSize=
#   JVM is running with Unscaled Compressed Oops mode in which the Java heap is
#     placed in the first 4GB address space. The Java Heap base address is the
#     maximum limit for the native heap growth. Please use -XX:HeapBaseMinAddress
#     to set the Java Heap base and to place the Java Heap above 4GB virtual address.
# This output file may be truncated or incomplete.
#
#  Out of Memory Error (arena.cpp:168), pid=7936, tid=4968
#
# JRE version: OpenJDK Runtime Environment Temurin-21.0.7+6 (21.0.7+6) (build 21.0.7+6-LTS)
# Java VM: OpenJDK 64-Bit Server VM Temurin-21.0.7+6 (21.0.7+6-LTS, mixed mode, sharing, tiered, compressed oops, compressed class ptrs, parallel gc, windows-amd64)
# No core dump will be written. Minidumps are not enabled by default on client versions of Windows
#

---------------  S U M M A R Y ------------

Command Line: --add-modules=ALL-SYSTEM --add-opens=java.base/java.util=ALL-UNNAMED --add-opens=java.base/java.lang=ALL-UNNAMED --add-opens=java.base/sun.nio.fs=ALL-UNNAMED -Declipse.application=org.eclipse.jdt.ls.core.id1 -Dosgi.bundles.defaultStartLevel=4 -Declipse.product=org.eclipse.jdt.ls.core.product -Djava.import.generatesMetadataFilesAtProjectRoot=false -DDetectVMInstallationsJob.disabled=true -Dfile.encoding=utf8 -XX:+UseParallelGC -XX:GCTimeRatio=4 -XX:AdaptiveSizePolicyWeight=90 -Dsun.zip.disableMemoryMapping=true -Xmx2G -Xms100m -Xlog:disable -javaagent:c:\Users\ASUS\.vscode\extensions\redhat.java-1.43.1-win32-x64\lombok\lombok-1.18.39-4050.jar -XX:+HeapDumpOnOutOfMemoryError -XX:HeapDumpPath=c:\Users\ASUS\AppData\Roaming\Code\User\workspaceStorage\1c914d512f7e911657de6445cdf574a6\redhat.java -Daether.dependencyCollector.impl=bf c:\Users\ASUS\.vscode\extensions\redhat.java-1.43.1-win32-x64\server\plugins\org.eclipse.equinox.launcher_1.7.0.v20250519-0528.jar -configuration c:\Users\ASUS\AppData\Roaming\Code\User\globalStorage\redhat.java\1.43.1\config_win -data c:\Users\ASUS\AppData\Roaming\Code\User\workspaceStorage\1c914d512f7e911657de6445cdf574a6\redhat.java\jdt_ws --pipe=\\.\pipe\lsp-260f3ddd3cd70d073cdb6cf3d1480488-sock

Host: Intel(R) Core(TM) i3-10110U CPU @ 2.10GHz, 4 cores, 7G,  Windows 11 , 64 bit Build 22621 (10.0.22621.5415)
Time: Wed Jul  2 16:36:48 2025 SE Asia Standard Time elapsed time: 43.216054 seconds (0d 0h 0m 43s)

---------------  T H R E A D  ---------------

Current thread (0x0000026f1627cbd0):  JavaThread "C2 CompilerThread0" daemon [_thread_in_native, id=4968, stack(0x000000d895900000,0x000000d895a00000) (1024K)]


Current CompileTask:
C2:43216 7148       4       java.net.URLStreamHandler::parseURL (1124 bytes)

Stack: [0x000000d895900000,0x000000d895a00000]
Native frames: (J=compiled Java code, j=interpreted, Vv=VM code, C=native code)
V  [jvm.dll+0x6ce119]
V  [jvm.dll+0x8a84a1]
V  [jvm.dll+0x8aa9ce]
V  [jvm.dll+0x8ab0b3]
V  [jvm.dll+0x27f8a6]
V  [jvm.dll+0xc507d]
V  [jvm.dll+0xc55b3]
V  [jvm.dll+0x3b692c]
V  [jvm.dll+0x1e0029]
V  [jvm.dll+0x247c42]
V  [jvm.dll+0x2470cf]
V  [jvm.dll+0x1c760e]
V  [jvm.dll+0x25695a]
V  [jvm.dll+0x254efa]
V  [jvm.dll+0x3f03f6]
V  [jvm.dll+0x851f6b]
V  [jvm.dll+0x6cc7dd]
C  [ucrtbase.dll+0x29333]
C  [KERNEL32.DLL+0x1259d]
C  [ntdll.dll+0x5af78]


---------------  P R O C E S S  ---------------

Threads class SMR info:
_java_thread_list=0x0000026f5f91ad20, length=46, elements={
0x0000026f7f897730, 0x0000026f1626da30, 0x0000026f1626e840, 0x0000026f162704d0,
0x0000026f162713e0, 0x0000026f16277e30, 0x0000026f1627bda0, 0x0000026f1627cbd0,
0x0000026f162ea780, 0x0000026f7f900ef0, 0x0000026f5c26f650, 0x0000026f5ca86f90,
0x0000026f5c692130, 0x0000026f5c3524b0, 0x0000026f5cf6c160, 0x0000026f5c3e1930,
0x0000026f5cff4860, 0x0000026f5cdd5cd0, 0x0000026f5cdd2850, 0x0000026f5cdd4920,
0x0000026f5cdd4fb0, 0x0000026f5cdd3c00, 0x0000026f5cdd5640, 0x0000026f5cdd2ee0,
0x0000026f5cdd4290, 0x0000026f5cdd3570, 0x0000026f5e6b70a0, 0x0000026f5e6bc5f0,
0x0000026f5e6bb240, 0x0000026f5e6bcc80, 0x0000026f5e6b7dc0, 0x0000026f5e6b6380,
0x0000026f5e6b9170, 0x0000026f5e6babb0, 0x0000026f5e6b8450, 0x0000026f5e6bbf60,
0x0000026f5e6b7730, 0x0000026f5e6b8ae0, 0x0000026f5e6ba520, 0x0000026f5fad9ba0,
0x0000026f5fad8e80, 0x0000026f5fadaf50, 0x0000026f5fad6090, 0x0000026f5fadbc70,
0x0000026f5fada230, 0x0000026f5fadc300
}

Java Threads: ( => current thread )
  0x0000026f7f897730 JavaThread "main"                              [_thread_blocked, id=12516, stack(0x000000d894e00000,0x000000d894f00000) (1024K)]
  0x0000026f1626da30 JavaThread "Reference Handler"          daemon [_thread_blocked, id=13108, stack(0x000000d895300000,0x000000d895400000) (1024K)]
  0x0000026f1626e840 JavaThread "Finalizer"                  daemon [_thread_blocked, id=6080, stack(0x000000d895400000,0x000000d895500000) (1024K)]
  0x0000026f162704d0 JavaThread "Signal Dispatcher"          daemon [_thread_blocked, id=13144, stack(0x000000d895500000,0x000000d895600000) (1024K)]
  0x0000026f162713e0 JavaThread "Attach Listener"            daemon [_thread_blocked, id=8624, stack(0x000000d895600000,0x000000d895700000) (1024K)]
  0x0000026f16277e30 JavaThread "Service Thread"             daemon [_thread_blocked, id=13112, stack(0x000000d895700000,0x000000d895800000) (1024K)]
  0x0000026f1627bda0 JavaThread "Monitor Deflation Thread"   daemon [_thread_blocked, id=13796, stack(0x000000d895800000,0x000000d895900000) (1024K)]
=>0x0000026f1627cbd0 JavaThread "C2 CompilerThread0"         daemon [_thread_in_native, id=4968, stack(0x000000d895900000,0x000000d895a00000) (1024K)]
  0x0000026f162ea780 JavaThread "C1 CompilerThread0"         daemon [_thread_blocked, id=11440, stack(0x000000d895a00000,0x000000d895b00000) (1024K)]
  0x0000026f7f900ef0 JavaThread "Common-Cleaner"             daemon [_thread_blocked, id=3568, stack(0x000000d895b00000,0x000000d895c00000) (1024K)]
  0x0000026f5c26f650 JavaThread "Notification Thread"        daemon [_thread_blocked, id=11068, stack(0x000000d895c00000,0x000000d895d00000) (1024K)]
  0x0000026f5ca86f90 JavaThread "Active Thread: Equinox Container: 6d4c23b1-46b1-45a6-a146-78cc9ddfc156"        [_thread_blocked, id=14008, stack(0x000000d895d00000,0x000000d895e00000) (1024K)]
  0x0000026f5c692130 JavaThread "Refresh Thread: Equinox Container: 6d4c23b1-46b1-45a6-a146-78cc9ddfc156" daemon [_thread_blocked, id=15148, stack(0x000000d896100000,0x000000d896200000) (1024K)]
  0x0000026f5c3524b0 JavaThread "Framework Event Dispatcher: Equinox Container: 6d4c23b1-46b1-45a6-a146-78cc9ddfc156" daemon [_thread_blocked, id=8188, stack(0x000000d896200000,0x000000d896300000) (1024K)]
  0x0000026f5cf6c160 JavaThread "Start Level: Equinox Container: 6d4c23b1-46b1-45a6-a146-78cc9ddfc156" daemon [_thread_blocked, id=13748, stack(0x000000d896300000,0x000000d896400000) (1024K)]
  0x0000026f5c3e1930 JavaThread "Bundle File Closer"         daemon [_thread_blocked, id=14192, stack(0x000000d896500000,0x000000d896600000) (1024K)]
  0x0000026f5cff4860 JavaThread "SCR Component Actor"        daemon [_thread_blocked, id=3432, stack(0x000000d896400000,0x000000d896500000) (1024K)]
  0x0000026f5cdd5cd0 JavaThread "Worker-JM"                         [_thread_blocked, id=3856, stack(0x000000d896700000,0x000000d896800000) (1024K)]
  0x0000026f5cdd2850 JavaThread "JNA Cleaner"                daemon [_thread_blocked, id=14784, stack(0x000000d896800000,0x000000d896900000) (1024K)]
  0x0000026f5cdd4920 JavaThread "Worker-0"                          [_thread_blocked, id=14144, stack(0x000000d896900000,0x000000d896a00000) (1024K)]
  0x0000026f5cdd4fb0 JavaThread "Worker-1"                          [_thread_blocked, id=6564, stack(0x000000d896a00000,0x000000d896b00000) (1024K)]
  0x0000026f5cdd3c00 JavaThread "Worker-2"                          [_thread_blocked, id=12164, stack(0x000000d896b00000,0x000000d896c00000) (1024K)]
  0x0000026f5cdd5640 JavaThread "Worker-3"                          [_thread_blocked, id=2328, stack(0x000000d896d00000,0x000000d896e00000) (1024K)]
  0x0000026f5cdd2ee0 JavaThread "Java indexing"              daemon [_thread_blocked, id=12196, stack(0x000000d896e00000,0x000000d896f00000) (1024K)]
  0x0000026f5cdd4290 JavaThread "Worker-4: Synchronize Gradle projects with workspace"        [_thread_blocked, id=10700, stack(0x000000d896f00000,0x000000d897000000) (1024K)]
  0x0000026f5cdd3570 JavaThread "Thread-2"                   daemon [_thread_in_native, id=12492, stack(0x000000d897000000,0x000000d897100000) (1024K)]
  0x0000026f5e6b70a0 JavaThread "Thread-3"                   daemon [_thread_in_native, id=9568, stack(0x000000d897100000,0x000000d897200000) (1024K)]
  0x0000026f5e6bc5f0 JavaThread "Thread-4"                   daemon [_thread_in_native, id=11284, stack(0x000000d897200000,0x000000d897300000) (1024K)]
  0x0000026f5e6bb240 JavaThread "Thread-5"                   daemon [_thread_in_native, id=14804, stack(0x000000d897300000,0x000000d897400000) (1024K)]
  0x0000026f5e6bcc80 JavaThread "Thread-6"                   daemon [_thread_in_native, id=4440, stack(0x000000d897400000,0x000000d897500000) (1024K)]
  0x0000026f5e6b7dc0 JavaThread "Worker-5: Initialize Workspace"        [_thread_blocked, id=13208, stack(0x000000d897500000,0x000000d897600000) (1024K)]
  0x0000026f5e6b6380 JavaThread "pool-2-thread-1"                   [_thread_blocked, id=13756, stack(0x000000d897600000,0x000000d897700000) (1024K)]
  0x0000026f5e6b9170 JavaThread "Timer-0"                           [_thread_blocked, id=11048, stack(0x000000d897700000,0x000000d897800000) (1024K)]
  0x0000026f5e6babb0 JavaThread "Timer-1"                           [_thread_blocked, id=14524, stack(0x000000d897800000,0x000000d897900000) (1024K)]
  0x0000026f5e6b8450 JavaThread "WorkspaceEventsHandler"            [_thread_blocked, id=12612, stack(0x000000d897900000,0x000000d897a00000) (1024K)]
  0x0000026f5e6bbf60 JavaThread "pool-1-thread-1"                   [_thread_blocked, id=8440, stack(0x000000d897a00000,0x000000d897b00000) (1024K)]
  0x0000026f5e6b7730 JavaThread "Exec process"                      [_thread_blocked, id=11296, stack(0x000000d896c00000,0x000000d896d00000) (1024K)]
  0x0000026f5e6b8ae0 JavaThread "Exec process Thread 2"             [_thread_blocked, id=7140, stack(0x000000d897c00000,0x000000d897d00000) (1024K)]
  0x0000026f5e6ba520 JavaThread "Exec process Thread 3"             [_thread_blocked, id=7364, stack(0x000000d897d00000,0x000000d897e00000) (1024K)]
  0x0000026f5fad9ba0 JavaThread "Timer-2"                           [_thread_blocked, id=9176, stack(0x000000d897e00000,0x000000d897f00000) (1024K)]
  0x0000026f5fad8e80 JavaThread "Timer-3"                           [_thread_blocked, id=12740, stack(0x000000d897b00000,0x000000d897c00000) (1024K)]
  0x0000026f5fadaf50 JavaThread "Timer-4"                           [_thread_blocked, id=10744, stack(0x000000d897f00000,0x000000d898000000) (1024K)]
  0x0000026f5fad6090 JavaThread "Timer-5"                           [_thread_blocked, id=13832, stack(0x000000d898000000,0x000000d898100000) (1024K)]
  0x0000026f5fadbc70 JavaThread "Timer-6"                           [_thread_blocked, id=11256, stack(0x000000d896600000,0x000000d896700000) (1024K)]
  0x0000026f5fada230 JavaThread "Timer-7"                           [_thread_blocked, id=14344, stack(0x000000d898100000,0x000000d898200000) (1024K)]
  0x0000026f5fadc300 JavaThread "Connection worker"                 [_thread_in_native, id=2532, stack(0x000000d898200000,0x000000d898300000) (1024K)]
Total: 46

Other Threads:
  0x0000026f7f94ea10 VMThread "VM Thread"                           [id=12924, stack(0x000000d895200000,0x000000d895300000) (1024K)]
  0x0000026f1620ca00 WatcherThread "VM Periodic Task Thread"        [id=13948, stack(0x000000d895100000,0x000000d895200000) (1024K)]
  0x0000026f7f8b4950 WorkerThread "GC Thread#0"                     [id=14996, stack(0x000000d895000000,0x000000d895100000) (1024K)]
  0x0000026f5c46a4a0 WorkerThread "GC Thread#1"                     [id=4236, stack(0x000000d895e00000,0x000000d895f00000) (1024K)]
  0x0000026f5c395dd0 WorkerThread "GC Thread#2"                     [id=12872, stack(0x000000d895f00000,0x000000d896000000) (1024K)]
  0x0000026f5c396170 WorkerThread "GC Thread#3"                     [id=12496, stack(0x000000d896000000,0x000000d896100000) (1024K)]
Total: 6

Threads with active compile tasks:
C2 CompilerThread0  43267 7148       4       java.net.URLStreamHandler::parseURL (1124 bytes)
Total: 1

VM state: not at safepoint (normal execution)

VM Mutex/Monitor currently owned by a thread: None

Heap address: 0x0000000080000000, size: 2048 MB, Compressed Oops mode: 32-bit

CDS archive(s) mapped at: [0x0000026f17000000-0x0000026f17ba0000-0x0000026f17ba0000), size 12189696, SharedBaseAddress: 0x0000026f17000000, ArchiveRelocationMode: 1.
Compressed class space mapped at: 0x0000026f18000000-0x0000026f58000000, reserved size: 1073741824
Narrow klass base: 0x0000026f17000000, Narrow klass shift: 0, Narrow klass range: 0x100000000

GC Precious Log:
 CardTable entry size: 512
 CPUs: 4 total, 4 available
 Memory: 8029M
 Large Page Support: Disabled
 NUMA Support: Disabled
 Compressed Oops: Enabled (32-bit)
 Alignments: Space 512K, Generation 512K, Heap 2M
 Heap Min Capacity: 100M
 Heap Initial Capacity: 100M
 Heap Max Capacity: 2G
 Pre-touch: Disabled
 Parallel Workers: 4

Heap:
 PSYoungGen      total 23552K, used 7239K [0x00000000d5580000, 0x00000000d7380000, 0x0000000100000000)
  eden space 22016K, 27% used [0x00000000d5580000,0x00000000d5b5b6b8,0x00000000d6b00000)
  from space 1536K, 80% used [0x00000000d7080000,0x00000000d71b66b0,0x00000000d7200000)
  to   space 1536K, 0% used [0x00000000d7200000,0x00000000d7200000,0x00000000d7380000)
 ParOldGen       total 68608K, used 38191K [0x0000000080000000, 0x0000000084300000, 0x00000000d5580000)
  object space 68608K, 55% used [0x0000000080000000,0x000000008254bf40,0x0000000084300000)
 Metaspace       used 60141K, committed 61376K, reserved 1114112K
  class space    used 7390K, committed 7936K, reserved 1048576K

Card table byte_map: [0x0000026f7f230000,0x0000026f7f640000] _byte_map_base: 0x0000026f7ee30000

Marking Bits: (ParMarkBitMap*) 0x00007ffa8c3e31f0
 Begin Bits: [0x0000026f12130000, 0x0000026f14130000)
 End Bits:   [0x0000026f14130000, 0x0000026f16130000)

Polling page: 0x0000026f7d6e0000

Metaspace:

Usage:
  Non-class:     51.52 MB used.
      Class:      7.22 MB used.
       Both:     58.73 MB used.

Virtual space:
  Non-class space:       64.00 MB reserved,      52.19 MB ( 82%) committed,  1 nodes.
      Class space:        1.00 GB reserved,       7.75 MB ( <1%) committed,  1 nodes.
             Both:        1.06 GB reserved,      59.94 MB (  6%) committed. 

Chunk freelists:
   Non-Class:  10.91 MB
       Class:  8.25 MB
        Both:  19.16 MB

MaxMetaspaceSize: unlimited
CompressedClassSpaceSize: 1.00 GB
Initial GC threshold: 21.00 MB
Current GC threshold: 97.31 MB
CDS: on
 - commit_granule_bytes: 65536.
 - commit_granule_words: 8192.
 - virtual_space_node_default_size: 8388608.
 - enlarge_chunks_in_place: 1.
 - use_allocation_guard: 0.


Internal statistics:

num_allocs_failed_limit: 9.
num_arena_births: 1018.
num_arena_deaths: 32.
num_vsnodes_births: 2.
num_vsnodes_deaths: 0.
num_space_committed: 959.
num_space_uncommitted: 0.
num_chunks_returned_to_freelist: 43.
num_chunks_taken_from_freelist: 3701.
num_chunk_merges: 13.
num_chunk_splits: 2349.
num_chunks_enlarged: 1408.
num_inconsistent_stats: 0.

CodeHeap 'non-profiled nmethods': size=120000Kb used=4130Kb max_used=4140Kb free=115869Kb
 bounds [0x0000026f0ac00000, 0x0000026f0b010000, 0x0000026f12130000]
CodeHeap 'profiled nmethods': size=120000Kb used=12968Kb max_used=13525Kb free=107031Kb
 bounds [0x0000026f03130000, 0x0000026f03e70000, 0x0000026f0a660000]
CodeHeap 'non-nmethods': size=5760Kb used=1373Kb max_used=1467Kb free=4386Kb
 bounds [0x0000026f0a660000, 0x0000026f0a8d0000, 0x0000026f0ac00000]
 total_blobs=7052 nmethods=6378 adapters=580
 compilation: enabled
              stopped_count=0, restarted_count=0
 full_count=0

Compilation events (20 events):
Event: 42.981 Thread 0x0000026f1627cbd0 nmethod 7136 0x0000026f0acbd410 code [0x0000026f0acbd6a0, 0x0000026f0acbe1f8]
Event: 42.981 Thread 0x0000026f1627cbd0 7138   !   4       java.net.URL::set (114 bytes)
Event: 42.983 Thread 0x0000026f1627cbd0 nmethod 7138 0x0000026f0ae37110 code [0x0000026f0ae372a0, 0x0000026f0ae37538]
Event: 42.991 Thread 0x0000026f1627cbd0 7140   !   4       org.eclipse.osgi.storage.bundlefile.CloseableBundleFile$BundleEntryInputStream::close (86 bytes)
Event: 43.001 Thread 0x0000026f1627cbd0 nmethod 7140 0x0000026f0ae25890 code [0x0000026f0ae25b00, 0x0000026f0ae26528]
Event: 43.003 Thread 0x0000026f1627cbd0 7141       4       org.eclipse.osgi.storage.bundlefile.ZipBundleEntry::getInputStream (12 bytes)
Event: 43.025 Thread 0x0000026f1627cbd0 nmethod 7141 0x0000026f0adb3690 code [0x0000026f0adb39a0, 0x0000026f0adb4a40]
Event: 43.025 Thread 0x0000026f1627cbd0 7142   !   4       org.eclipse.osgi.storage.bundlefile.CloseableBundleFile::getInputStream (58 bytes)
Event: 43.048 Thread 0x0000026f1627cbd0 nmethod 7142 0x0000026f0b00b290 code [0x0000026f0b00b5c0, 0x0000026f0b00c6c0]
Event: 43.048 Thread 0x0000026f1627cbd0 7144       4       java.net.URLStreamHandler::setURL (156 bytes)
Event: 43.069 Thread 0x0000026f1627cbd0 nmethod 7144 0x0000026f0acba390 code [0x0000026f0acba5c0, 0x0000026f0acbaff8]
Event: 43.069 Thread 0x0000026f1627cbd0 7143   !   4       org.eclipse.osgi.storage.bundlefile.CloseableBundleFile::incrementReference (38 bytes)
Event: 43.073 Thread 0x0000026f1627cbd0 nmethod 7143 0x0000026f0ac9b210 code [0x0000026f0ac9b3e0, 0x0000026f0ac9b6b0]
Event: 43.087 Thread 0x0000026f1627cbd0 7145       4       java.io.File::slashify (84 bytes)
Event: 43.114 Thread 0x0000026f1627cbd0 nmethod 7145 0x0000026f0adb2310 code [0x0000026f0adb2520, 0x0000026f0adb30e0]
Event: 43.124 Thread 0x0000026f1627cbd0 7146       4       sun.net.util.IPAddressUtil::scan (62 bytes)
Event: 43.126 Thread 0x0000026f1627cbd0 nmethod 7146 0x0000026f0ac9ad90 code [0x0000026f0ac9af40, 0x0000026f0ac9b098]
Event: 43.127 Thread 0x0000026f1627cbd0 7147       4       sun.net.util.IPAddressUtil::checkUserInfo (44 bytes)
Event: 43.128 Thread 0x0000026f1627cbd0 nmethod 7147 0x0000026f0ad46410 code [0x0000026f0ad465c0, 0x0000026f0ad46748]
Event: 43.148 Thread 0x0000026f1627cbd0 7148       4       java.net.URLStreamHandler::parseURL (1124 bytes)

GC Heap History (20 events):
Event: 36.212 GC heap before
{Heap before GC invocations=25 (full 2):
 PSYoungGen      total 23040K, used 22608K [0x00000000d5580000, 0x00000000d7500000, 0x0000000100000000)
  eden space 22016K, 100% used [0x00000000d5580000,0x00000000d6b00000,0x00000000d6b00000)
  from space 1024K, 57% used [0x00000000d7400000,0x00000000d7494010,0x00000000d7500000)
  to   space 2560K, 0% used [0x00000000d7000000,0x00000000d7000000,0x00000000d7280000)
 ParOldGen       total 68608K, used 35666K [0x0000000080000000, 0x0000000084300000, 0x00000000d5580000)
  object space 68608K, 51% used [0x0000000080000000,0x00000000822d4810,0x0000000084300000)
 Metaspace       used 52751K, committed 53952K, reserved 1114112K
  class space    used 6094K, committed 6592K, reserved 1048576K
}
Event: 36.213 GC heap after
{Heap after GC invocations=25 (full 2):
 PSYoungGen      total 24576K, used 480K [0x00000000d5580000, 0x00000000d7480000, 0x0000000100000000)
  eden space 22016K, 0% used [0x00000000d5580000,0x00000000d5580000,0x00000000d6b00000)
  from space 2560K, 18% used [0x00000000d7000000,0x00000000d7078000,0x00000000d7280000)
  to   space 1024K, 0% used [0x00000000d7380000,0x00000000d7380000,0x00000000d7480000)
 ParOldGen       total 68608K, used 36202K [0x0000000080000000, 0x0000000084300000, 0x00000000d5580000)
  object space 68608K, 52% used [0x0000000080000000,0x000000008235a840,0x0000000084300000)
 Metaspace       used 52751K, committed 53952K, reserved 1114112K
  class space    used 6094K, committed 6592K, reserved 1048576K
}
Event: 38.155 GC heap before
{Heap before GC invocations=26 (full 2):
 PSYoungGen      total 24576K, used 22496K [0x00000000d5580000, 0x00000000d7480000, 0x0000000100000000)
  eden space 22016K, 100% used [0x00000000d5580000,0x00000000d6b00000,0x00000000d6b00000)
  from space 2560K, 18% used [0x00000000d7000000,0x00000000d7078000,0x00000000d7280000)
  to   space 1024K, 0% used [0x00000000d7380000,0x00000000d7380000,0x00000000d7480000)
 ParOldGen       total 68608K, used 36202K [0x0000000080000000, 0x0000000084300000, 0x00000000d5580000)
  object space 68608K, 52% used [0x0000000080000000,0x000000008235a840,0x0000000084300000)
 Metaspace       used 54870K, committed 56064K, reserved 1114112K
  class space    used 6347K, committed 6912K, reserved 1048576K
}
Event: 38.157 GC heap after
{Heap after GC invocations=26 (full 2):
 PSYoungGen      total 23040K, used 800K [0x00000000d5580000, 0x00000000d7480000, 0x0000000100000000)
  eden space 22016K, 0% used [0x00000000d5580000,0x00000000d5580000,0x00000000d6b00000)
  from space 1024K, 78% used [0x00000000d7380000,0x00000000d74482a8,0x00000000d7480000)
  to   space 1024K, 0% used [0x00000000d7280000,0x00000000d7280000,0x00000000d7380000)
 ParOldGen       total 68608K, used 36601K [0x0000000080000000, 0x0000000084300000, 0x00000000d5580000)
  object space 68608K, 53% used [0x0000000080000000,0x00000000823be550,0x0000000084300000)
 Metaspace       used 54870K, committed 56064K, reserved 1114112K
  class space    used 6347K, committed 6912K, reserved 1048576K
}
Event: 39.210 GC heap before
{Heap before GC invocations=27 (full 2):
 PSYoungGen      total 23040K, used 22816K [0x00000000d5580000, 0x00000000d7480000, 0x0000000100000000)
  eden space 22016K, 100% used [0x00000000d5580000,0x00000000d6b00000,0x00000000d6b00000)
  from space 1024K, 78% used [0x00000000d7380000,0x00000000d74482a8,0x00000000d7480000)
  to   space 1024K, 0% used [0x00000000d7280000,0x00000000d7280000,0x00000000d7380000)
 ParOldGen       total 68608K, used 36601K [0x0000000080000000, 0x0000000084300000, 0x00000000d5580000)
  object space 68608K, 53% used [0x0000000080000000,0x00000000823be550,0x0000000084300000)
 Metaspace       used 56402K, committed 57664K, reserved 1114112K
  class space    used 6608K, committed 7168K, reserved 1048576K
}
Event: 39.212 GC heap after
{Heap after GC invocations=27 (full 2):
 PSYoungGen      total 23040K, used 916K [0x00000000d5580000, 0x00000000d7400000, 0x0000000100000000)
  eden space 22016K, 0% used [0x00000000d5580000,0x00000000d5580000,0x00000000d6b00000)
  from space 1024K, 89% used [0x00000000d7280000,0x00000000d7365070,0x00000000d7380000)
  to   space 512K, 0% used [0x00000000d7380000,0x00000000d7380000,0x00000000d7400000)
 ParOldGen       total 68608K, used 37263K [0x0000000080000000, 0x0000000084300000, 0x00000000d5580000)
  object space 68608K, 54% used [0x0000000080000000,0x0000000082463e30,0x0000000084300000)
 Metaspace       used 56402K, committed 57664K, reserved 1114112K
  class space    used 6608K, committed 7168K, reserved 1048576K
}
Event: 40.107 GC heap before
{Heap before GC invocations=28 (full 2):
 PSYoungGen      total 23040K, used 22932K [0x00000000d5580000, 0x00000000d7400000, 0x0000000100000000)
  eden space 22016K, 100% used [0x00000000d5580000,0x00000000d6b00000,0x00000000d6b00000)
  from space 1024K, 89% used [0x00000000d7280000,0x00000000d7365070,0x00000000d7380000)
  to   space 512K, 0% used [0x00000000d7380000,0x00000000d7380000,0x00000000d7400000)
 ParOldGen       total 68608K, used 37263K [0x0000000080000000, 0x0000000084300000, 0x00000000d5580000)
  object space 68608K, 54% used [0x0000000080000000,0x0000000082463e30,0x0000000084300000)
 Metaspace       used 57864K, committed 59136K, reserved 1114112K
  class space    used 6934K, committed 7488K, reserved 1048576K
}
Event: 40.108 GC heap after
{Heap after GC invocations=28 (full 2):
 PSYoungGen      total 22528K, used 288K [0x00000000d5580000, 0x00000000d7400000, 0x0000000100000000)
  eden space 22016K, 0% used [0x00000000d5580000,0x00000000d5580000,0x00000000d6b00000)
  from space 512K, 56% used [0x00000000d7380000,0x00000000d73c8000,0x00000000d7400000)
  to   space 1024K, 0% used [0x00000000d7200000,0x00000000d7200000,0x00000000d7300000)
 ParOldGen       total 68608K, used 37391K [0x0000000080000000, 0x0000000084300000, 0x00000000d5580000)
  object space 68608K, 54% used [0x0000000080000000,0x0000000082483e30,0x0000000084300000)
 Metaspace       used 57864K, committed 59136K, reserved 1114112K
  class space    used 6934K, committed 7488K, reserved 1048576K
}
Event: 40.753 GC heap before
{Heap before GC invocations=29 (full 2):
 PSYoungGen      total 22528K, used 16310K [0x00000000d5580000, 0x00000000d7400000, 0x0000000100000000)
  eden space 22016K, 72% used [0x00000000d5580000,0x00000000d65258b0,0x00000000d6b00000)
  from space 512K, 56% used [0x00000000d7380000,0x00000000d73c8000,0x00000000d7400000)
  to   space 1024K, 0% used [0x00000000d7200000,0x00000000d7200000,0x00000000d7300000)
 ParOldGen       total 68608K, used 37391K [0x0000000080000000, 0x0000000084300000, 0x00000000d5580000)
  object space 68608K, 54% used [0x0000000080000000,0x0000000082483e30,0x0000000084300000)
 Metaspace       used 58571K, committed 59776K, reserved 1114112K
  class space    used 7097K, committed 7616K, reserved 1048576K
}
Event: 40.754 GC heap after
{Heap after GC invocations=29 (full 2):
 PSYoungGen      total 23040K, used 533K [0x00000000d5580000, 0x00000000d7400000, 0x0000000100000000)
  eden space 22016K, 0% used [0x00000000d5580000,0x00000000d5580000,0x00000000d6b00000)
  from space 1024K, 52% used [0x00000000d7200000,0x00000000d7285458,0x00000000d7300000)
  to   space 1024K, 0% used [0x00000000d7300000,0x00000000d7300000,0x00000000d7400000)
 ParOldGen       total 68608K, used 37542K [0x0000000080000000, 0x0000000084300000, 0x00000000d5580000)
  object space 68608K, 54% used [0x0000000080000000,0x00000000824a9b40,0x0000000084300000)
 Metaspace       used 58571K, committed 59776K, reserved 1114112K
  class space    used 7097K, committed 7616K, reserved 1048576K
}
Event: 40.754 GC heap before
{Heap before GC invocations=30 (full 3):
 PSYoungGen      total 23040K, used 533K [0x00000000d5580000, 0x00000000d7400000, 0x0000000100000000)
  eden space 22016K, 0% used [0x00000000d5580000,0x00000000d5580000,0x00000000d6b00000)
  from space 1024K, 52% used [0x00000000d7200000,0x00000000d7285458,0x00000000d7300000)
  to   space 1024K, 0% used [0x00000000d7300000,0x00000000d7300000,0x00000000d7400000)
 ParOldGen       total 68608K, used 37542K [0x0000000080000000, 0x0000000084300000, 0x00000000d5580000)
  object space 68608K, 54% used [0x0000000080000000,0x00000000824a9b40,0x0000000084300000)
 Metaspace       used 58571K, committed 59776K, reserved 1114112K
  class space    used 7097K, committed 7616K, reserved 1048576K
}
Event: 40.844 GC heap after
{Heap after GC invocations=30 (full 3):
 PSYoungGen      total 23040K, used 0K [0x00000000d5580000, 0x00000000d7400000, 0x0000000100000000)
  eden space 22016K, 0% used [0x00000000d5580000,0x00000000d5580000,0x00000000d6b00000)
  from space 1024K, 0% used [0x00000000d7200000,0x00000000d7200000,0x00000000d7300000)
  to   space 1024K, 0% used [0x00000000d7300000,0x00000000d7300000,0x00000000d7400000)
 ParOldGen       total 68608K, used 36491K [0x0000000080000000, 0x0000000084300000, 0x00000000d5580000)
  object space 68608K, 53% used [0x0000000080000000,0x00000000823a2e28,0x0000000084300000)
 Metaspace       used 58571K, committed 59776K, reserved 1114112K
  class space    used 7097K, committed 7616K, reserved 1048576K
}
Event: 41.973 GC heap before
{Heap before GC invocations=31 (full 3):
 PSYoungGen      total 23040K, used 22016K [0x00000000d5580000, 0x00000000d7400000, 0x0000000100000000)
  eden space 22016K, 100% used [0x00000000d5580000,0x00000000d6b00000,0x00000000d6b00000)
  from space 1024K, 0% used [0x00000000d7200000,0x00000000d7200000,0x00000000d7300000)
  to   space 1024K, 0% used [0x00000000d7300000,0x00000000d7300000,0x00000000d7400000)
 ParOldGen       total 68608K, used 36491K [0x0000000080000000, 0x0000000084300000, 0x00000000d5580000)
  object space 68608K, 53% used [0x0000000080000000,0x00000000823a2e28,0x0000000084300000)
 Metaspace       used 59873K, committed 61056K, reserved 1114112K
  class space    used 7346K, committed 7872K, reserved 1048576K
}
Event: 41.974 GC heap after
{Heap after GC invocations=31 (full 3):
 PSYoungGen      total 22528K, used 416K [0x00000000d5580000, 0x00000000d7380000, 0x0000000100000000)
  eden space 22016K, 0% used [0x00000000d5580000,0x00000000d5580000,0x00000000d6b00000)
  from space 512K, 81% used [0x00000000d7300000,0x00000000d7368000,0x00000000d7380000)
  to   space 512K, 0% used [0x00000000d7280000,0x00000000d7280000,0x00000000d7300000)
 ParOldGen       total 68608K, used 36491K [0x0000000080000000, 0x0000000084300000, 0x00000000d5580000)
  object space 68608K, 53% used [0x0000000080000000,0x00000000823a2e28,0x0000000084300000)
 Metaspace       used 59873K, committed 61056K, reserved 1114112K
  class space    used 7346K, committed 7872K, reserved 1048576K
}
Event: 42.555 GC heap before
{Heap before GC invocations=32 (full 3):
 PSYoungGen      total 22528K, used 22432K [0x00000000d5580000, 0x00000000d7380000, 0x0000000100000000)
  eden space 22016K, 100% used [0x00000000d5580000,0x00000000d6b00000,0x00000000d6b00000)
  from space 512K, 81% used [0x00000000d7300000,0x00000000d7368000,0x00000000d7380000)
  to   space 512K, 0% used [0x00000000d7280000,0x00000000d7280000,0x00000000d7300000)
 ParOldGen       total 68608K, used 36491K [0x0000000080000000, 0x0000000084300000, 0x00000000d5580000)
  object space 68608K, 53% used [0x0000000080000000,0x00000000823a2e28,0x0000000084300000)
 Metaspace       used 60141K, committed 61376K, reserved 1114112K
  class space    used 7390K, committed 7936K, reserved 1048576K
}
Event: 42.556 GC heap after
{Heap after GC invocations=32 (full 3):
 PSYoungGen      total 22528K, used 502K [0x00000000d5580000, 0x00000000d7380000, 0x0000000100000000)
  eden space 22016K, 0% used [0x00000000d5580000,0x00000000d5580000,0x00000000d6b00000)
  from space 512K, 98% used [0x00000000d7280000,0x00000000d72fda40,0x00000000d7300000)
  to   space 512K, 0% used [0x00000000d7300000,0x00000000d7300000,0x00000000d7380000)
 ParOldGen       total 68608K, used 37385K [0x0000000080000000, 0x0000000084300000, 0x00000000d5580000)
  object space 68608K, 54% used [0x0000000080000000,0x0000000082482428,0x0000000084300000)
 Metaspace       used 60141K, committed 61376K, reserved 1114112K
  class space    used 7390K, committed 7936K, reserved 1048576K
}
Event: 42.944 GC heap before
{Heap before GC invocations=33 (full 3):
 PSYoungGen      total 22528K, used 22518K [0x00000000d5580000, 0x00000000d7380000, 0x0000000100000000)
  eden space 22016K, 100% used [0x00000000d5580000,0x00000000d6b00000,0x00000000d6b00000)
  from space 512K, 98% used [0x00000000d7280000,0x00000000d72fda40,0x00000000d7300000)
  to   space 512K, 0% used [0x00000000d7300000,0x00000000d7300000,0x00000000d7380000)
 ParOldGen       total 68608K, used 37385K [0x0000000080000000, 0x0000000084300000, 0x00000000d5580000)
  object space 68608K, 54% used [0x0000000080000000,0x0000000082482428,0x0000000084300000)
 Metaspace       used 60141K, committed 61376K, reserved 1114112K
  class space    used 7390K, committed 7936K, reserved 1048576K
}
Event: 42.945 GC heap after
{Heap after GC invocations=33 (full 3):
 PSYoungGen      total 22528K, used 509K [0x00000000d5580000, 0x00000000d7380000, 0x0000000100000000)
  eden space 22016K, 0% used [0x00000000d5580000,0x00000000d5580000,0x00000000d6b00000)
  from space 512K, 99% used [0x00000000d7300000,0x00000000d737f770,0x00000000d7380000)
  to   space 1536K, 0% used [0x00000000d7080000,0x00000000d7080000,0x00000000d7200000)
 ParOldGen       total 68608K, used 38127K [0x0000000080000000, 0x0000000084300000, 0x00000000d5580000)
  object space 68608K, 55% used [0x0000000080000000,0x000000008253bf40,0x0000000084300000)
 Metaspace       used 60141K, committed 61376K, reserved 1114112K
  class space    used 7390K, committed 7936K, reserved 1048576K
}
Event: 43.210 GC heap before
{Heap before GC invocations=34 (full 3):
 PSYoungGen      total 22528K, used 22525K [0x00000000d5580000, 0x00000000d7380000, 0x0000000100000000)
  eden space 22016K, 100% used [0x00000000d5580000,0x00000000d6b00000,0x00000000d6b00000)
  from space 512K, 99% used [0x00000000d7300000,0x00000000d737f770,0x00000000d7380000)
  to   space 1536K, 0% used [0x00000000d7080000,0x00000000d7080000,0x00000000d7200000)
 ParOldGen       total 68608K, used 38127K [0x0000000080000000, 0x0000000084300000, 0x00000000d5580000)
  object space 68608K, 55% used [0x0000000080000000,0x000000008253bf40,0x0000000084300000)
 Metaspace       used 60141K, committed 61376K, reserved 1114112K
  class space    used 7390K, committed 7936K, reserved 1048576K
}
Event: 43.211 GC heap after
{Heap after GC invocations=34 (full 3):
 PSYoungGen      total 23552K, used 1241K [0x00000000d5580000, 0x00000000d7380000, 0x0000000100000000)
  eden space 22016K, 0% used [0x00000000d5580000,0x00000000d5580000,0x00000000d6b00000)
  from space 1536K, 80% used [0x00000000d7080000,0x00000000d71b66b0,0x00000000d7200000)
  to   space 1536K, 0% used [0x00000000d7200000,0x00000000d7200000,0x00000000d7380000)
 ParOldGen       total 68608K, used 38191K [0x0000000080000000, 0x0000000084300000, 0x00000000d5580000)
  object space 68608K, 55% used [0x0000000080000000,0x000000008254bf40,0x0000000084300000)
 Metaspace       used 60141K, committed 61376K, reserved 1114112K
  class space    used 7390K, committed 7936K, reserved 1048576K
}

Dll operation events (13 events):
Event: 0.012 Loaded shared library c:\Users\ASUS\.vscode\extensions\redhat.java-1.43.1-win32-x64\jre\21.0.7-win32-x86_64\bin\java.dll
Event: 0.363 Loaded shared library c:\Users\ASUS\.vscode\extensions\redhat.java-1.43.1-win32-x64\jre\21.0.7-win32-x86_64\bin\zip.dll
Event: 0.388 Loaded shared library C:\Users\ASUS\.vscode\extensions\redhat.java-1.43.1-win32-x64\jre\21.0.7-win32-x86_64\bin\instrument.dll
Event: 0.472 Loaded shared library C:\Users\ASUS\.vscode\extensions\redhat.java-1.43.1-win32-x64\jre\21.0.7-win32-x86_64\bin\net.dll
Event: 0.477 Loaded shared library C:\Users\ASUS\.vscode\extensions\redhat.java-1.43.1-win32-x64\jre\21.0.7-win32-x86_64\bin\nio.dll
Event: 0.484 Loaded shared library C:\Users\ASUS\.vscode\extensions\redhat.java-1.43.1-win32-x64\jre\21.0.7-win32-x86_64\bin\zip.dll
Event: 0.542 Loaded shared library C:\Users\ASUS\.vscode\extensions\redhat.java-1.43.1-win32-x64\jre\21.0.7-win32-x86_64\bin\jimage.dll
Event: 0.696 Loaded shared library c:\Users\ASUS\.vscode\extensions\redhat.java-1.43.1-win32-x64\jre\21.0.7-win32-x86_64\bin\verify.dll
Event: 10.594 Loaded shared library C:\Users\ASUS\AppData\Roaming\Code\User\globalStorage\redhat.java\1.43.1\config_win\org.eclipse.equinox.launcher\org.eclipse.equinox.launcher.win32.win32.x86_64_1.2.1300.v20250331-1702\eclipse_11911.dll
Event: 25.277 Loaded shared library C:\Users\ASUS\AppData\Local\Temp\jna-2018896\jna10318391003430198101.dll
Event: 32.077 Loaded shared library C:\Users\ASUS\.gradle\native\c067742578af261105cb4f569cf0c3c89f3d7b1fecec35dd04571415982c5e48\windows-amd64\native-platform.dll
Event: 35.495 Loaded shared library C:\Users\ASUS\.vscode\extensions\redhat.java-1.43.1-win32-x64\jre\21.0.7-win32-x86_64\bin\management.dll
Event: 35.499 Loaded shared library C:\Users\ASUS\.vscode\extensions\redhat.java-1.43.1-win32-x64\jre\21.0.7-win32-x86_64\bin\management_ext.dll

Deoptimization events (20 events):
Event: 37.620 Thread 0x0000026f5fad6db0 Uncommon trap: trap_request=0xffffffde fr.pc=0x0000026f0acae66c relative=0x00000000000008ac
Event: 37.620 Thread 0x0000026f5fad6db0 Uncommon trap: reason=class_check action=maybe_recompile pc=0x0000026f0acae66c method=java.util.HashMap.computeIfAbsent(Ljava/lang/Object;Ljava/util/function/Function;)Ljava/lang/Object; @ 142 c2
Event: 37.620 Thread 0x0000026f5fad6db0 DEOPT PACKING pc=0x0000026f0acae66c sp=0x000000d8980feba0
Event: 37.620 Thread 0x0000026f5fad6db0 DEOPT UNPACKING pc=0x0000026f0a6b3aa2 sp=0x000000d8980feb48 mode 2
Event: 37.676 Thread 0x0000026f5e6b7dc0 Uncommon trap: trap_request=0xffffffc6 fr.pc=0x0000026f0aeb497c relative=0x0000000000000f5c
Event: 37.676 Thread 0x0000026f5e6b7dc0 Uncommon trap: reason=bimorphic_or_optimized_type_check action=maybe_recompile pc=0x0000026f0aeb497c method=java.util.concurrent.ConcurrentHashMap.putVal(Ljava/lang/Object;Ljava/lang/Object;Z)Ljava/lang/Object; @ 159 c2
Event: 37.676 Thread 0x0000026f5e6b7dc0 DEOPT PACKING pc=0x0000026f0aeb497c sp=0x000000d8975ff060
Event: 37.676 Thread 0x0000026f5e6b7dc0 DEOPT UNPACKING pc=0x0000026f0a6b3aa2 sp=0x000000d8975fefe0 mode 2
Event: 37.922 Thread 0x0000026f5fadc300 DEOPT PACKING pc=0x0000026f03133516 sp=0x000000d8982fe4c0
Event: 37.922 Thread 0x0000026f5fadc300 DEOPT UNPACKING pc=0x0000026f0a6b4242 sp=0x000000d8982fd980 mode 0
Event: 38.676 Thread 0x0000026f5e6bbf60 Uncommon trap: trap_request=0xffffffcc fr.pc=0x0000026f0aff4c0c relative=0x000000000000014c
Event: 38.676 Thread 0x0000026f5e6bbf60 Uncommon trap: reason=intrinsic_or_type_checked_inlining action=make_not_entrant pc=0x0000026f0aff4c0c method=java.util.ArrayList.toArray([Ljava/lang/Object;)[Ljava/lang/Object; @ 36 c2
Event: 38.676 Thread 0x0000026f5e6bbf60 DEOPT PACKING pc=0x0000026f0aff4c0c sp=0x000000d897afe7d0
Event: 38.676 Thread 0x0000026f5e6bbf60 DEOPT UNPACKING pc=0x0000026f0a6b3aa2 sp=0x000000d897afe780 mode 2
Event: 39.314 Thread 0x0000026f5fadc300 DEOPT PACKING pc=0x0000026f03e466bb sp=0x000000d8982f9a10
Event: 39.314 Thread 0x0000026f5fadc300 DEOPT UNPACKING pc=0x0000026f0a6b4242 sp=0x000000d8982f8f10 mode 0
Event: 41.642 Thread 0x0000026f5fadc300 Uncommon trap: trap_request=0xffffff45 fr.pc=0x0000026f0afedd38 relative=0x00000000000029d8
Event: 41.642 Thread 0x0000026f5fadc300 Uncommon trap: reason=unstable_if action=reinterpret pc=0x0000026f0afedd38 method=org.gradle.tooling.internal.provider.serialization.ClasspathInferer.find(Ljava/lang/Class;Ljava/util/Collection;Ljava/util/Collection;)V @ 16 c2
Event: 41.642 Thread 0x0000026f5fadc300 DEOPT PACKING pc=0x0000026f0afedd38 sp=0x000000d8982fd140
Event: 41.642 Thread 0x0000026f5fadc300 DEOPT UNPACKING pc=0x0000026f0a6b3aa2 sp=0x000000d8982fd0e0 mode 2

Classes loaded (20 events):
Event: 40.106 Loading class java/util/PrimitiveIterator done
Event: 40.106 Loading class java/util/PrimitiveIterator$OfDouble done
Event: 40.107 Loading class java/util/PrimitiveIterator$OfLong
Event: 40.109 Loading class java/util/PrimitiveIterator$OfLong done
Event: 40.110 Loading class java/util/PrimitiveIterator$OfInt
Event: 40.110 Loading class java/util/PrimitiveIterator$OfInt done
Event: 40.112 Loading class java/util/stream/LongStream
Event: 40.113 Loading class java/util/stream/LongStream done
Event: 40.113 Loading class java/util/stream/DoubleStream
Event: 40.114 Loading class java/util/stream/DoubleStream done
Event: 40.679 Loading class java/util/concurrent/atomic/AtomicIntegerFieldUpdater
Event: 40.679 Loading class java/util/concurrent/atomic/AtomicIntegerFieldUpdater done
Event: 40.863 Loading class java/util/concurrent/LinkedBlockingDeque
Event: 40.865 Loading class java/util/concurrent/BlockingDeque
Event: 40.865 Loading class java/util/concurrent/BlockingDeque done
Event: 40.865 Loading class java/util/concurrent/LinkedBlockingDeque done
Event: 40.865 Loading class java/util/concurrent/PriorityBlockingQueue
Event: 40.868 Loading class java/util/concurrent/PriorityBlockingQueue done
Event: 42.194 Loading class java/io/ObjectStreamClass$ExceptionInfo
Event: 42.194 Loading class java/io/ObjectStreamClass$ExceptionInfo done

Classes unloaded (16 events):
Event: 26.677 Thread 0x0000026f7f94ea10 Unloading class 0x0000026f181a5000 'java/lang/invoke/LambdaForm$MH+0x0000026f181a5000'
Event: 26.677 Thread 0x0000026f7f94ea10 Unloading class 0x0000026f181a4c00 'java/lang/invoke/LambdaForm$MH+0x0000026f181a4c00'
Event: 26.677 Thread 0x0000026f7f94ea10 Unloading class 0x0000026f181a4800 'java/lang/invoke/LambdaForm$MH+0x0000026f181a4800'
Event: 26.677 Thread 0x0000026f7f94ea10 Unloading class 0x0000026f181a4400 'java/lang/invoke/LambdaForm$MH+0x0000026f181a4400'
Event: 26.677 Thread 0x0000026f7f94ea10 Unloading class 0x0000026f181a4000 'java/lang/invoke/LambdaForm$BMH+0x0000026f181a4000'
Event: 26.677 Thread 0x0000026f7f94ea10 Unloading class 0x0000026f181a3c00 'java/lang/invoke/LambdaForm$DMH+0x0000026f181a3c00'
Event: 26.677 Thread 0x0000026f7f94ea10 Unloading class 0x0000026f181a2800 'java/lang/invoke/LambdaForm$DMH+0x0000026f181a2800'
Event: 29.766 Thread 0x0000026f7f94ea10 Unloading class 0x0000026f182d4c00 'java/lang/invoke/LambdaForm$MH+0x0000026f182d4c00'
Event: 29.766 Thread 0x0000026f7f94ea10 Unloading class 0x0000026f182d4000 'java/lang/invoke/LambdaForm$MH+0x0000026f182d4000'
Event: 29.766 Thread 0x0000026f7f94ea10 Unloading class 0x0000026f182d3c00 'java/lang/invoke/LambdaForm$DMH+0x0000026f182d3c00'
Event: 29.766 Thread 0x0000026f7f94ea10 Unloading class 0x0000026f182d3400 'java/lang/invoke/LambdaForm$MH+0x0000026f182d3400'
Event: 29.766 Thread 0x0000026f7f94ea10 Unloading class 0x0000026f182cf800 'java/lang/invoke/LambdaForm$MH+0x0000026f182cf800'
Event: 29.766 Thread 0x0000026f7f94ea10 Unloading class 0x0000026f182cf000 'java/lang/invoke/LambdaForm$MH+0x0000026f182cf000'
Event: 29.766 Thread 0x0000026f7f94ea10 Unloading class 0x0000026f182cdc00 'java/lang/invoke/LambdaForm$MH+0x0000026f182cdc00'
Event: 29.766 Thread 0x0000026f7f94ea10 Unloading class 0x0000026f182cd400 'java/lang/invoke/LambdaForm$MH+0x0000026f182cd400'
Event: 29.766 Thread 0x0000026f7f94ea10 Unloading class 0x0000026f182ccc00 'java/lang/invoke/LambdaForm$DMH+0x0000026f182ccc00'

Classes redefined (0 events):
No events

Internal exceptions (20 events):
Event: 36.246 Thread 0x0000026f5e6b7dc0 Exception <a 'sun/nio/fs/WindowsException'{0x00000000d570cdd8}> (0x00000000d570cdd8) 
thrown [s\src\hotspot\share\prims\jni.cpp, line 520]
Event: 36.246 Thread 0x0000026f5e6b7dc0 Exception <a 'sun/nio/fs/WindowsException'{0x00000000d570d4b8}> (0x00000000d570d4b8) 
thrown [s\src\hotspot\share\prims\jni.cpp, line 520]
Event: 36.246 Thread 0x0000026f5e6b7dc0 Exception <a 'sun/nio/fs/WindowsException'{0x00000000d57598a0}> (0x00000000d57598a0) 
thrown [s\src\hotspot\share\prims\jni.cpp, line 520]
Event: 36.246 Thread 0x0000026f5e6b7dc0 Exception <a 'sun/nio/fs/WindowsException'{0x00000000d5759f60}> (0x00000000d5759f60) 
thrown [s\src\hotspot\share\prims\jni.cpp, line 520]
Event: 36.246 Thread 0x0000026f5e6b7dc0 Exception <a 'sun/nio/fs/WindowsException'{0x00000000d575a620}> (0x00000000d575a620) 
thrown [s\src\hotspot\share\prims\jni.cpp, line 520]
Event: 36.246 Thread 0x0000026f5e6b7dc0 Exception <a 'sun/nio/fs/WindowsException'{0x00000000d575ad00}> (0x00000000d575ad00) 
thrown [s\src\hotspot\share\prims\jni.cpp, line 520]
Event: 36.418 Thread 0x0000026f5e6b7dc0 Implicit null exception at 0x0000026f0aed2c80 to 0x0000026f0aed30e4
Event: 36.441 Thread 0x0000026f5e6b7dc0 Exception <a 'sun/nio/fs/WindowsException'{0x00000000d5a9efb8}> (0x00000000d5a9efb8) 
thrown [s\src\hotspot\share\prims\jni.cpp, line 520]
Event: 36.441 Thread 0x0000026f5e6b7dc0 Exception <a 'sun/nio/fs/WindowsException'{0x00000000d5a9f640}> (0x00000000d5a9f640) 
thrown [s\src\hotspot\share\prims\jni.cpp, line 520]
Event: 36.441 Thread 0x0000026f5e6b7dc0 Exception <a 'sun/nio/fs/WindowsException'{0x00000000d5aa00d8}> (0x00000000d5aa00d8) 
thrown [s\src\hotspot\share\prims\jni.cpp, line 520]
Event: 36.442 Thread 0x0000026f5e6b7dc0 Exception <a 'sun/nio/fs/WindowsException'{0x00000000d5aa0760}> (0x00000000d5aa0760) 
thrown [s\src\hotspot\share\prims\jni.cpp, line 520]
Event: 36.459 Thread 0x0000026f5e6b7dc0 Exception <a 'sun/nio/fs/WindowsException'{0x00000000d5afb380}> (0x00000000d5afb380) 
thrown [s\src\hotspot\share\prims\jni.cpp, line 520]
Event: 36.459 Thread 0x0000026f5e6b7dc0 Exception <a 'sun/nio/fs/WindowsException'{0x00000000d5afba08}> (0x00000000d5afba08) 
thrown [s\src\hotspot\share\prims\jni.cpp, line 520]
Event: 36.465 Thread 0x0000026f5e6b7dc0 Exception <a 'sun/nio/fs/WindowsException'{0x00000000d5b443a8}> (0x00000000d5b443a8) 
thrown [s\src\hotspot\share\prims\jni.cpp, line 520]
Event: 36.465 Thread 0x0000026f5e6b7dc0 Exception <a 'sun/nio/fs/WindowsException'{0x00000000d5b44cb0}> (0x00000000d5b44cb0) 
thrown [s\src\hotspot\share\prims\jni.cpp, line 520]
Event: 36.531 Thread 0x0000026f5e6b7730 Exception <a 'java/lang/NoSuchMethodError'{0x00000000d5c38180}: 'void java.lang.invoke.DirectMethodHandle$Holder.invokeStatic(java.lang.Object, long)'> (0x00000000d5c38180) 
thrown [s\src\hotspot\share\interpreter\linkResolver.cpp, line 773]
Event: 37.833 Thread 0x0000026f5e6b7dc0 Exception <a 'sun/nio/fs/WindowsException'{0x00000000d61d20c8}> (0x00000000d61d20c8) 
thrown [s\src\hotspot\share\prims\jni.cpp, line 520]
Event: 39.159 Thread 0x0000026f5cdd4fb0 Exception <a 'java/io/FileNotFoundException'{0x00000000d68ed7e8}> (0x00000000d68ed7e8) 
thrown [s\src\hotspot\share\prims\jni.cpp, line 520]
Event: 39.159 Thread 0x0000026f5cdd4fb0 Exception <a 'java/io/FileNotFoundException'{0x00000000d68ee7e0}> (0x00000000d68ee7e0) 
thrown [s\src\hotspot\share\prims\jni.cpp, line 520]
Event: 39.160 Thread 0x0000026f5cdd4fb0 Exception <a 'java/io/FileNotFoundException'{0x00000000d68ef538}> (0x00000000d68ef538) 
thrown [s\src\hotspot\share\prims\jni.cpp, line 520]

ZGC Phase Switch (0 events):
No events

VM Operations (20 events):
Event: 40.107 Executing VM operation: ParallelGCFailedAllocation (Allocation Failure)
Event: 40.108 Executing VM operation: ParallelGCFailedAllocation (Allocation Failure) done
Event: 40.146 Executing VM operation: HandshakeAllThreads (Deoptimize)
Event: 40.146 Executing VM operation: HandshakeAllThreads (Deoptimize) done
Event: 40.753 Executing VM operation: CollectForMetadataAllocation (Metadata GC Threshold)
Event: 40.844 Executing VM operation: CollectForMetadataAllocation (Metadata GC Threshold) done
Event: 40.846 Executing VM operation: HandshakeAllThreads (Deoptimize)
Event: 40.846 Executing VM operation: HandshakeAllThreads (Deoptimize) done
Event: 40.929 Executing VM operation: HandshakeAllThreads (Deoptimize)
Event: 40.929 Executing VM operation: HandshakeAllThreads (Deoptimize) done
Event: 41.932 Executing VM operation: Cleanup
Event: 41.948 Executing VM operation: Cleanup done
Event: 41.973 Executing VM operation: ParallelGCFailedAllocation (Allocation Failure)
Event: 41.974 Executing VM operation: ParallelGCFailedAllocation (Allocation Failure) done
Event: 42.555 Executing VM operation: ParallelGCFailedAllocation (Allocation Failure)
Event: 42.556 Executing VM operation: ParallelGCFailedAllocation (Allocation Failure) done
Event: 42.944 Executing VM operation: ParallelGCFailedAllocation (Allocation Failure)
Event: 42.945 Executing VM operation: ParallelGCFailedAllocation (Allocation Failure) done
Event: 43.210 Executing VM operation: ParallelGCFailedAllocation (Allocation Failure)
Event: 43.211 Executing VM operation: ParallelGCFailedAllocation (Allocation Failure) done

Memory protections (0 events):
No events

Nmethod flushes (20 events):
Event: 40.783 Thread 0x0000026f7f94ea10 flushing  nmethod 0x0000026f03a13410
Event: 40.783 Thread 0x0000026f7f94ea10 flushing  nmethod 0x0000026f03a13810
Event: 40.783 Thread 0x0000026f7f94ea10 flushing  nmethod 0x0000026f03a1df90
Event: 40.783 Thread 0x0000026f7f94ea10 flushing  nmethod 0x0000026f03a35410
Event: 40.783 Thread 0x0000026f7f94ea10 flushing  nmethod 0x0000026f03a37a90
Event: 40.783 Thread 0x0000026f7f94ea10 flushing  nmethod 0x0000026f03a39090
Event: 40.783 Thread 0x0000026f7f94ea10 flushing  nmethod 0x0000026f03a44910
Event: 40.783 Thread 0x0000026f7f94ea10 flushing  nmethod 0x0000026f03a47e10
Event: 40.783 Thread 0x0000026f7f94ea10 flushing  nmethod 0x0000026f03a59710
Event: 40.783 Thread 0x0000026f7f94ea10 flushing  nmethod 0x0000026f03a5b010
Event: 40.783 Thread 0x0000026f7f94ea10 flushing  nmethod 0x0000026f03a5f610
Event: 40.783 Thread 0x0000026f7f94ea10 flushing  nmethod 0x0000026f03a5fe90
Event: 40.783 Thread 0x0000026f7f94ea10 flushing  nmethod 0x0000026f03a60210
Event: 40.783 Thread 0x0000026f7f94ea10 flushing  nmethod 0x0000026f03a63190
Event: 40.783 Thread 0x0000026f7f94ea10 flushing  nmethod 0x0000026f03aa1f10
Event: 40.783 Thread 0x0000026f7f94ea10 flushing  nmethod 0x0000026f03aa5f10
Event: 40.783 Thread 0x0000026f7f94ea10 flushing  nmethod 0x0000026f03aaa390
Event: 40.783 Thread 0x0000026f7f94ea10 flushing  nmethod 0x0000026f03aae710
Event: 40.783 Thread 0x0000026f7f94ea10 flushing  nmethod 0x0000026f03b09290
Event: 40.783 Thread 0x0000026f7f94ea10 flushing  nmethod 0x0000026f03b12690

Events (20 events):
Event: 36.662 Thread 0x0000026f60989060 Thread exited: 0x0000026f60989060
Event: 36.663 Thread 0x0000026f5e6b7dc0 Thread added: 0x0000026f5fadbc70
Event: 37.522 Thread 0x0000026f5e6bb8d0 Thread exited: 0x0000026f5e6bb8d0
Event: 37.546 Thread 0x0000026f5cdd4290 Thread added: 0x0000026f5fad8e80
Event: 37.567 Thread 0x0000026f5fadbc70 Thread exited: 0x0000026f5fadbc70
Event: 37.572 Thread 0x0000026f5e6b7dc0 Thread added: 0x0000026f5fadaf50
Event: 37.578 Thread 0x0000026f5e6b7dc0 Thread added: 0x0000026f5fad6db0
Event: 37.624 Thread 0x0000026f5e6b7dc0 Thread added: 0x0000026f5fad87f0
Event: 37.673 Thread 0x0000026f5fad6db0 Thread exited: 0x0000026f5fad6db0
Event: 37.676 Thread 0x0000026f5e6b7dc0 Thread added: 0x0000026f5fad6090
Event: 37.676 Thread 0x0000026f5fad87f0 Thread exited: 0x0000026f5fad87f0
Event: 37.854 Thread 0x0000026f5e6b7dc0 Thread added: 0x0000026f5fadbc70
Event: 37.858 Thread 0x0000026f5e6b7dc0 Thread added: 0x0000026f5fadc990
Event: 37.895 Thread 0x0000026f5fadc990 Thread exited: 0x0000026f5fadc990
Event: 37.896 Thread 0x0000026f5e6b7dc0 Thread added: 0x0000026f5fada230
Event: 37.899 Thread 0x0000026f5e6b7dc0 Thread added: 0x0000026f5fadc300
Event: 38.024 Thread 0x0000026f162ea780 Thread added: 0x0000026f60989060
Event: 38.162 Thread 0x0000026f60989060 Thread exited: 0x0000026f60989060
Event: 42.227 Thread 0x0000026f162ea780 Thread added: 0x0000026f5e3477e0
Event: 42.331 Thread 0x0000026f5e3477e0 Thread exited: 0x0000026f5e3477e0


Dynamic libraries:
0x00007ff7f6780000 - 0x00007ff7f678e000 	c:\Users\ASUS\.vscode\extensions\redhat.java-1.43.1-win32-x64\jre\21.0.7-win32-x86_64\bin\java.exe
0x00007ffb2d4b0000 - 0x00007ffb2d6c7000 	C:\WINDOWS\SYSTEM32\ntdll.dll
0x00007ffb2bb10000 - 0x00007ffb2bbd4000 	C:\WINDOWS\System32\KERNEL32.DLL
0x00007ffb2a850000 - 0x00007ffb2ac22000 	C:\WINDOWS\System32\KERNELBASE.dll
0x00007ffb2aef0000 - 0x00007ffb2b001000 	C:\WINDOWS\System32\ucrtbase.dll
0x00007ffae6f20000 - 0x00007ffae6f38000 	c:\Users\ASUS\.vscode\extensions\redhat.java-1.43.1-win32-x64\jre\21.0.7-win32-x86_64\bin\jli.dll
0x00007ffb2b250000 - 0x00007ffb2b401000 	C:\WINDOWS\System32\USER32.dll
0x00007ffb2a620000 - 0x00007ffb2a646000 	C:\WINDOWS\System32\win32u.dll
0x00007ffb2b5b0000 - 0x00007ffb2b5d9000 	C:\WINDOWS\System32\GDI32.dll
0x00007ffb2b010000 - 0x00007ffb2b133000 	C:\WINDOWS\System32\gdi32full.dll
0x00007ffb2ae50000 - 0x00007ffb2aeea000 	C:\WINDOWS\System32\msvcp_win.dll
0x00007ffae40d0000 - 0x00007ffae40ee000 	c:\Users\ASUS\.vscode\extensions\redhat.java-1.43.1-win32-x64\jre\21.0.7-win32-x86_64\bin\VCRUNTIME140.dll
0x00007ffb18960000 - 0x00007ffb18bfb000 	C:\WINDOWS\WinSxS\amd64_microsoft.windows.common-controls_6595b64144ccf1df_6.0.22621.5415_none_270d77d17387d7da\COMCTL32.dll
0x00007ffb2d320000 - 0x00007ffb2d3c7000 	C:\WINDOWS\System32\msvcrt.dll
0x00007ffb2b8a0000 - 0x00007ffb2b8d1000 	C:\WINDOWS\System32\IMM32.DLL
0x00007ffb09520000 - 0x00007ffb0952c000 	c:\Users\ASUS\.vscode\extensions\redhat.java-1.43.1-win32-x64\jre\21.0.7-win32-x86_64\bin\vcruntime140_1.dll
0x00007ffad7cc0000 - 0x00007ffad7d4d000 	c:\Users\ASUS\.vscode\extensions\redhat.java-1.43.1-win32-x64\jre\21.0.7-win32-x86_64\bin\msvcp140.dll
0x00007ffa8b730000 - 0x00007ffa8c4c0000 	c:\Users\ASUS\.vscode\extensions\redhat.java-1.43.1-win32-x64\jre\21.0.7-win32-x86_64\bin\server\jvm.dll
0x00007ffb2b8e0000 - 0x00007ffb2b991000 	C:\WINDOWS\System32\ADVAPI32.dll
0x00007ffb2c8c0000 - 0x00007ffb2c968000 	C:\WINDOWS\System32\sechost.dll
0x00007ffb2ada0000 - 0x00007ffb2adc8000 	C:\WINDOWS\System32\bcrypt.dll
0x00007ffb2c7a0000 - 0x00007ffb2c8b4000 	C:\WINDOWS\System32\RPCRT4.dll
0x00007ffb2b820000 - 0x00007ffb2b891000 	C:\WINDOWS\System32\WS2_32.dll
0x00007ffb2a470000 - 0x00007ffb2a4bd000 	C:\WINDOWS\SYSTEM32\POWRPROF.dll
0x00007ffb247d0000 - 0x00007ffb24804000 	C:\WINDOWS\SYSTEM32\WINMM.dll
0x00007ffb247c0000 - 0x00007ffb247ca000 	C:\WINDOWS\SYSTEM32\VERSION.dll
0x00007ffb2a450000 - 0x00007ffb2a463000 	C:\WINDOWS\SYSTEM32\UMPDC.dll
0x00007ffb29590000 - 0x00007ffb295a8000 	C:\WINDOWS\SYSTEM32\kernel.appcore.dll
0x00007ffb08800000 - 0x00007ffb0880a000 	c:\Users\ASUS\.vscode\extensions\redhat.java-1.43.1-win32-x64\jre\21.0.7-win32-x86_64\bin\jimage.dll
0x00007ffb13f10000 - 0x00007ffb14143000 	C:\WINDOWS\SYSTEM32\DBGHELP.DLL
0x00007ffb2cf80000 - 0x00007ffb2d313000 	C:\WINDOWS\System32\combase.dll
0x00007ffb2b9a0000 - 0x00007ffb2ba77000 	C:\WINDOWS\System32\OLEAUT32.dll
0x00007ffb02fa0000 - 0x00007ffb02fd2000 	C:\WINDOWS\SYSTEM32\dbgcore.DLL
0x00007ffb2a5a0000 - 0x00007ffb2a61b000 	C:\WINDOWS\System32\bcryptPrimitives.dll
0x00007ffb03240000 - 0x00007ffb0324f000 	c:\Users\ASUS\.vscode\extensions\redhat.java-1.43.1-win32-x64\jre\21.0.7-win32-x86_64\bin\instrument.dll
0x00007ffae1ba0000 - 0x00007ffae1bbf000 	c:\Users\ASUS\.vscode\extensions\redhat.java-1.43.1-win32-x64\jre\21.0.7-win32-x86_64\bin\java.dll
0x00007ffb2bcf0000 - 0x00007ffb2c592000 	C:\WINDOWS\System32\SHELL32.dll
0x00007ffb2a710000 - 0x00007ffb2a84f000 	C:\WINDOWS\System32\wintypes.dll
0x00007ffb28480000 - 0x00007ffb28d9e000 	C:\WINDOWS\SYSTEM32\windows.storage.dll
0x00007ffb2bbe0000 - 0x00007ffb2bceb000 	C:\WINDOWS\System32\SHCORE.dll
0x00007ffb2d3d0000 - 0x00007ffb2d439000 	C:\WINDOWS\System32\shlwapi.dll
0x00007ffb2a4d0000 - 0x00007ffb2a4fb000 	C:\WINDOWS\SYSTEM32\profapi.dll
0x00007ffadb430000 - 0x00007ffadb448000 	c:\Users\ASUS\.vscode\extensions\redhat.java-1.43.1-win32-x64\jre\21.0.7-win32-x86_64\bin\zip.dll
0x00007ffb053d0000 - 0x00007ffb053e0000 	C:\Users\ASUS\.vscode\extensions\redhat.java-1.43.1-win32-x64\jre\21.0.7-win32-x86_64\bin\net.dll
0x00007ffb23ef0000 - 0x00007ffb2401c000 	C:\WINDOWS\SYSTEM32\WINHTTP.dll
0x00007ffb29a00000 - 0x00007ffb29a69000 	C:\WINDOWS\system32\mswsock.dll
0x00007ffadb410000 - 0x00007ffadb426000 	C:\Users\ASUS\.vscode\extensions\redhat.java-1.43.1-win32-x64\jre\21.0.7-win32-x86_64\bin\nio.dll
0x00007ffb02ab0000 - 0x00007ffb02ac0000 	c:\Users\ASUS\.vscode\extensions\redhat.java-1.43.1-win32-x64\jre\21.0.7-win32-x86_64\bin\verify.dll
0x00007ffae0f30000 - 0x00007ffae0f75000 	C:\Users\ASUS\AppData\Roaming\Code\User\globalStorage\redhat.java\1.43.1\config_win\org.eclipse.equinox.launcher\org.eclipse.equinox.launcher.win32.win32.x86_64_1.2.1300.v20250331-1702\eclipse_11911.dll
0x00007ffb2c5f0000 - 0x00007ffb2c790000 	C:\WINDOWS\System32\ole32.dll
0x00007ffb29c10000 - 0x00007ffb29c2b000 	C:\WINDOWS\SYSTEM32\CRYPTSP.dll
0x00007ffb294f0000 - 0x00007ffb29527000 	C:\WINDOWS\system32\rsaenh.dll
0x00007ffb29ab0000 - 0x00007ffb29ad8000 	C:\WINDOWS\SYSTEM32\USERENV.dll
0x00007ffb29c30000 - 0x00007ffb29c3c000 	C:\WINDOWS\SYSTEM32\CRYPTBASE.dll
0x00007ffb29000000 - 0x00007ffb2902d000 	C:\WINDOWS\SYSTEM32\IPHLPAPI.DLL
0x00007ffb2b410000 - 0x00007ffb2b419000 	C:\WINDOWS\System32\NSI.dll
0x00007ffae8880000 - 0x00007ffae88c9000 	C:\Users\ASUS\AppData\Local\Temp\jna-2018896\jna10318391003430198101.dll
0x00007ffb2d440000 - 0x00007ffb2d448000 	C:\WINDOWS\System32\PSAPI.DLL
0x00007ffb23ea0000 - 0x00007ffb23eb9000 	C:\WINDOWS\SYSTEM32\dhcpcsvc6.DLL
0x00007ffb23e80000 - 0x00007ffb23e9f000 	C:\WINDOWS\SYSTEM32\dhcpcsvc.DLL
0x00007ffb24ac0000 - 0x00007ffb24ae7000 	C:\Users\ASUS\.gradle\native\c067742578af261105cb4f569cf0c3c89f3d7b1fecec35dd04571415982c5e48\windows-amd64\native-platform.dll
0x00007ffb21240000 - 0x00007ffb2124a000 	C:\Users\ASUS\.vscode\extensions\redhat.java-1.43.1-win32-x64\jre\21.0.7-win32-x86_64\bin\management.dll
0x00007ffb131e0000 - 0x00007ffb131eb000 	C:\Users\ASUS\.vscode\extensions\redhat.java-1.43.1-win32-x64\jre\21.0.7-win32-x86_64\bin\management_ext.dll

dbghelp: loaded successfully - version: 4.0.5 - missing functions: none
symbol engine: initialized successfully - sym options: 0x614 - pdb path: .;c:\Users\ASUS\.vscode\extensions\redhat.java-1.43.1-win32-x64\jre\21.0.7-win32-x86_64\bin;C:\WINDOWS\SYSTEM32;C:\WINDOWS\WinSxS\amd64_microsoft.windows.common-controls_6595b64144ccf1df_6.0.22621.5415_none_270d77d17387d7da;c:\Users\ASUS\.vscode\extensions\redhat.java-1.43.1-win32-x64\jre\21.0.7-win32-x86_64\bin\server;C:\Users\ASUS\AppData\Roaming\Code\User\globalStorage\redhat.java\1.43.1\config_win\org.eclipse.equinox.launcher\org.eclipse.equinox.launcher.win32.win32.x86_64_1.2.1300.v20250331-1702;C:\Users\ASUS\AppData\Local\Temp\jna-2018896;C:\Users\ASUS\.gradle\native\c067742578af261105cb4f569cf0c3c89f3d7b1fecec35dd04571415982c5e48\windows-amd64

VM Arguments:
jvm_args: --add-modules=ALL-SYSTEM --add-opens=java.base/java.util=ALL-UNNAMED --add-opens=java.base/java.lang=ALL-UNNAMED --add-opens=java.base/sun.nio.fs=ALL-UNNAMED -Declipse.application=org.eclipse.jdt.ls.core.id1 -Dosgi.bundles.defaultStartLevel=4 -Declipse.product=org.eclipse.jdt.ls.core.product -Djava.import.generatesMetadataFilesAtProjectRoot=false -DDetectVMInstallationsJob.disabled=true -Dfile.encoding=utf8 -XX:+UseParallelGC -XX:GCTimeRatio=4 -XX:AdaptiveSizePolicyWeight=90 -Dsun.zip.disableMemoryMapping=true -Xmx2G -Xms100m -Xlog:disable -javaagent:c:\Users\ASUS\.vscode\extensions\redhat.java-1.43.1-win32-x64\lombok\lombok-1.18.39-4050.jar -XX:+HeapDumpOnOutOfMemoryError -XX:HeapDumpPath=c:\Users\ASUS\AppData\Roaming\Code\User\workspaceStorage\1c914d512f7e911657de6445cdf574a6\redhat.java -Daether.dependencyCollector.impl=bf 
java_command: c:\Users\ASUS\.vscode\extensions\redhat.java-1.43.1-win32-x64\server\plugins\org.eclipse.equinox.launcher_1.7.0.v20250519-0528.jar -configuration c:\Users\ASUS\AppData\Roaming\Code\User\globalStorage\redhat.java\1.43.1\config_win -data c:\Users\ASUS\AppData\Roaming\Code\User\workspaceStorage\1c914d512f7e911657de6445cdf574a6\redhat.java\jdt_ws --pipe=\\.\pipe\lsp-260f3ddd3cd70d073cdb6cf3d1480488-sock
java_class_path (initial): c:\Users\ASUS\.vscode\extensions\redhat.java-1.43.1-win32-x64\server\plugins\org.eclipse.equinox.launcher_1.7.0.v20250519-0528.jar
Launcher Type: SUN_STANDARD

[Global flags]
    uintx AdaptiveSizePolicyWeight                 = 90                                        {product} {command line}
     intx CICompilerCount                          = 3                                         {product} {ergonomic}
    uintx GCTimeRatio                              = 4                                         {product} {command line}
     bool HeapDumpOnOutOfMemoryError               = true                                   {manageable} {command line}
    ccstr HeapDumpPath                             = c:\Users\ASUS\AppData\Roaming\Code\User\workspaceStorage\1c914d512f7e911657de6445cdf574a6\redhat.java         {manageable} {command line}
   size_t InitialHeapSize                          = 104857600                                 {product} {command line}
   size_t MaxHeapSize                              = 2147483648                                {product} {command line}
   size_t MaxNewSize                               = 715653120                                 {product} {ergonomic}
   size_t MinHeapDeltaBytes                        = 524288                                    {product} {ergonomic}
   size_t MinHeapSize                              = 104857600                                 {product} {command line}
   size_t NewSize                                  = 34603008                                  {product} {ergonomic}
    uintx NonNMethodCodeHeapSize                   = 5832780                                {pd product} {ergonomic}
    uintx NonProfiledCodeHeapSize                  = 122912730                              {pd product} {ergonomic}
   size_t OldSize                                  = 70254592                                  {product} {ergonomic}
    uintx ProfiledCodeHeapSize                     = 122912730                              {pd product} {ergonomic}
    uintx ReservedCodeCacheSize                    = 251658240                              {pd product} {ergonomic}
     bool SegmentedCodeCache                       = true                                      {product} {ergonomic}
   size_t SoftMaxHeapSize                          = 2147483648                             {manageable} {ergonomic}
     bool UseCompressedOops                        = true                           {product lp64_product} {ergonomic}
     bool UseLargePagesIndividualAllocation        = false                                  {pd product} {ergonomic}
     bool UseParallelGC                            = true                                      {product} {command line}

Logging:
Log output configuration:
 #0: stdout all=off uptime,level,tags foldmultilines=false
 #1: stderr all=off uptime,level,tags foldmultilines=false

Environment Variables:
PATH=C:\Program Files\Common Files\Oracle\Java\javapath;C:\WINDOWS\system32;C:\WINDOWS;C:\WINDOWS\System32\Wbem;C:\WINDOWS\System32\WindowsPowerShell\v1.0\;C:\WINDOWS\System32\OpenSSH\;C:\Program Files\Java\jdk\bin;C:\Program Files\dotnet\;C:\Users\ASUS\AppData\Local\Programs\Python\Python38;C:\Users\ASUS\AppData\Local\Programs\Python\Python38\Scripts;C:\Program Files\cURL\bin;C:\ProgramData\ComposerSetup\bin;C:\Program Files\GitHub CLI\;C:\Program Files\Microsoft SQL Server\Client SDK\ODBC\130\Tools\Binn\;C:\ProgramData\chocolatey\bin;C:\Users\ASUS\AppData\Local\Pub\Cache\bin;C:\Program Files\Java\jdk-23\bin;C:\Users\ASUS\AppData\Local\Android\Sdk\platform-tools;D:\Aplication\neo_xampp_php_7\php;C:\Users\ASUS\AppData\Roaming\nvm;C:\Program Files\nodejs;C:\src\flutter\bin\cache\dart-sdk\bin;C:\Program Files\PuTTY\;D:\Aplication\PostgreSQL\17\bin;C:\Program Files\Git\cmd;C:\Users\ASUS\AppData\Local\Programs\Python\Python36\Scripts\;C:\Users\ASUS\AppData\Local\Programs\Python\Python36\;C:\Users\ASUS\AppData\Local\Programs\Python\Python311\Scripts\;C:\Users\ASUS\AppData\Local\Programs\Python\Python311\;C:\Users\ASUS\AppData\Local\Microsoft\WindowsApps;C:\Users\ASUS\AppData\Local\Programs\Microsoft VS Code\bin;C:\Users\ASUS\AppData\Roaming\Composer\vendor\bin;C:\Program Files\heroku\bin;C:\Program Files\Azure Data Studio\bin;C:\tools\dart-sdk\bin;C:\Users\ASUS\AppData\Roaming\Pub\Cache\bin;D:\src\flutter\bin;D:\Aplication\PhpStorm\PhpStorm 2023.3.6\bin;;C:\Users\ASUS\AppData\Roaming\nvm;C:\Program Files\nodejs;C:\Users\ASUS\AppData\Local\Programs\Python\Python39\Scripts;C:\Users\ASUS\AppData\Local\Programs\Python\Python39\;D:\Aplication\Android\Android Studio\jbr\bin;
USERNAME=ASUS
OS=Windows_NT
PROCESSOR_IDENTIFIER=Intel64 Family 6 Model 142 Stepping 12, GenuineIntel
TMP=C:\Users\ASUS\AppData\Local\Temp
TEMP=C:\Users\ASUS\AppData\Local\Temp




Periodic native trim disabled

---------------  S Y S T E M  ---------------

OS:
 Windows 11 , 64 bit Build 22621 (10.0.22621.5415)
OS uptime: 0 days 4:33 hours
Hyper-V role detected

CPU: total 4 (initial active 4) (2 cores per cpu, 2 threads per core) family 6 model 142 stepping 12 microcode 0xea, cx8, cmov, fxsr, ht, mmx, 3dnowpref, sse, sse2, sse3, ssse3, sse4.1, sse4.2, popcnt, lzcnt, tsc, tscinvbit, avx, avx2, aes, erms, clmul, bmi1, bmi2, adx, fma, vzeroupper, clflush, clflushopt, hv, rdtscp, f16c
Processor Information for the first 4 processors :
  Max Mhz: 2501, Current Mhz: 2501, Mhz Limit: 2501

Memory: 4k page, system-wide physical 8029M (406M free)
TotalPageFile size 11794M (AvailPageFile size 14M)
current process WorkingSet (physical memory assigned to process): 256M, peak: 262M
current process commit charge ("private bytes"): 351M, peak: 361M

vm_info: OpenJDK 64-Bit Server VM (21.0.7+6-LTS) for windows-amd64 JRE (21.0.7+6-LTS), built on 2025-04-15T00:00:00Z by "admin" with MS VC++ 17.7 (VS2022)

END.
