#
# There is insufficient memory for the Java Runtime Environment to continue.
# Native memory allocation (mmap) failed to map 65536 bytes. Error detail: Failed to commit metaspace.
# Possible reasons:
#   The system is out of physical RAM or swap space
#   This process is running with CompressedOops enabled, and the Java Heap may be blocking the growth of the native heap
# Possible solutions:
#   Reduce memory load on the system
#   Increase physical memory or swap space
#   Check if swap backing store is full
#   Decrease Java heap size (-Xmx/-Xms)
#   Decrease number of Java threads
#   Decrease Java thread stack sizes (-Xss)
#   Set larger code cache with -XX:ReservedCodeCacheSize=
#   JVM is running with Unscaled Compressed Oops mode in which the Java heap is
#     placed in the first 4GB address space. The Java Heap base address is the
#     maximum limit for the native heap growth. Please use -XX:HeapBaseMinAddress
#     to set the Java Heap base and to place the Java Heap above 4GB virtual address.
# This output file may be truncated or incomplete.
#
#  Out of Memory Error (virtualSpaceNode.cpp:113), pid=13004, tid=15300
#
# JRE version: OpenJDK Runtime Environment Temurin-21.0.7+6 (21.0.7+6) (build 21.0.7+6-LTS)
# Java VM: OpenJDK 64-Bit Server VM Temurin-21.0.7+6 (21.0.7+6-LTS, mixed mode, sharing, tiered, compressed oops, compressed class ptrs, parallel gc, windows-amd64)
# No core dump will be written. Minidumps are not enabled by default on client versions of Windows
#

---------------  S U M M A R Y ------------

Command Line: --add-modules=ALL-SYSTEM --add-opens=java.base/java.util=ALL-UNNAMED --add-opens=java.base/java.lang=ALL-UNNAMED --add-opens=java.base/sun.nio.fs=ALL-UNNAMED -Declipse.application=org.eclipse.jdt.ls.core.id1 -Dosgi.bundles.defaultStartLevel=4 -Declipse.product=org.eclipse.jdt.ls.core.product -Djava.import.generatesMetadataFilesAtProjectRoot=false -DDetectVMInstallationsJob.disabled=true -Dfile.encoding=utf8 -XX:+UseParallelGC -XX:GCTimeRatio=4 -XX:AdaptiveSizePolicyWeight=90 -Dsun.zip.disableMemoryMapping=true -Xmx1G -Xms100m -Xlog:disable -javaagent:c:\Users\ASUS\.vscode\extensions\redhat.java-1.42.0-win32-x64\lombok\lombok-1.18.36.jar c:\Users\ASUS\.vscode\extensions\redhat.java-1.42.0-win32-x64\server\plugins\org.eclipse.equinox.launcher_1.7.0.v20250424-1814.jar -configuration c:\Users\ASUS\AppData\Roaming\Code\User\globalStorage\redhat.java\1.42.0\config_ss_win -data c:\Users\ASUS\AppData\Roaming\Code\User\workspaceStorage\1c914d512f7e911657de6445cdf574a6\redhat.java\ss_ws --pipe=\\.\pipe\lsp-fd0ac6768ec013a78778fe5642dcbc4f-sock

Host: Intel(R) Core(TM) i3-10110U CPU @ 2.10GHz, 4 cores, 7G,  Windows 11 , 64 bit Build 22621 (10.0.22621.5262)
Time: Thu Jun 19 23:55:13 2025 SE Asia Standard Time elapsed time: 1.809347 seconds (0d 0h 0m 1s)

---------------  T H R E A D  ---------------

Current thread (0x0000025f76c4c890):  JavaThread "main"             [_thread_in_vm, id=15300, stack(0x000000da61e00000,0x000000da61f00000) (1024K)]

Stack: [0x000000da61e00000,0x000000da61f00000]
Native frames: (J=compiled Java code, j=interpreted, Vv=VM code, C=native code)
V  [jvm.dll+0x6ce119]
V  [jvm.dll+0x8a84a1]
V  [jvm.dll+0x8aa9ce]
V  [jvm.dll+0x8ab0b3]
V  [jvm.dll+0x27f8a6]
V  [jvm.dll+0x8a41ee]
V  [jvm.dll+0x670575]
V  [jvm.dll+0x6705da]
V  [jvm.dll+0x672dc2]
V  [jvm.dll+0x672c92]
V  [jvm.dll+0x670f4e]
V  [jvm.dll+0x20fd7b]
V  [jvm.dll+0x20f75e]
V  [jvm.dll+0x216637]
V  [jvm.dll+0x20bbae]
V  [jvm.dll+0x5ae58c]
V  [jvm.dll+0x21d26a]
V  [jvm.dll+0x820d6c]
V  [jvm.dll+0x821d94]
V  [jvm.dll+0x822580]
V  [jvm.dll+0x2169dc]
V  [jvm.dll+0x20bbc7]
V  [jvm.dll+0x5ae58c]
V  [jvm.dll+0x21d26a]
V  [jvm.dll+0x820d6c]
V  [jvm.dll+0x821d94]
V  [jvm.dll+0x822580]
V  [jvm.dll+0x2169dc]
V  [jvm.dll+0x20bbc7]
V  [jvm.dll+0x5ae58c]
V  [jvm.dll+0x21d26a]
V  [jvm.dll+0x820d6c]
V  [jvm.dll+0x821d94]
V  [jvm.dll+0x822362]
V  [jvm.dll+0x821fe8]
V  [jvm.dll+0x26cf1b]
V  [jvm.dll+0x26d14a]
V  [jvm.dll+0x5d1997]
V  [jvm.dll+0x5d497f]
V  [jvm.dll+0x3d8605]
V  [jvm.dll+0x3d7c7d]
C  0x0000025f07548095

The last pc belongs to invokestatic (printed below).
Java frames: (J=compiled Java code, j=interpreted, Vv=VM code)
j  jdk.internal.icu.impl.NormalizerImpl.load(Ljava/nio/ByteBuffer;)Ljdk/internal/icu/impl/NormalizerImpl;+214 java.base@21.0.7
j  jdk.internal.icu.impl.NormalizerImpl.load(Ljava/lang/String;)Ljdk/internal/icu/impl/NormalizerImpl;+5 java.base@21.0.7
j  jdk.internal.icu.impl.Norm2AllModes$Norm2AllModesSingleton.<init>(Ljava/lang/String;)V+37 java.base@21.0.7
j  jdk.internal.icu.impl.Norm2AllModes$NFKCSingleton.<clinit>()V+6 java.base@21.0.7
v  ~StubRoutines::call_stub 0x0000025f0753100d
j  jdk.internal.icu.impl.Norm2AllModes.getNFKCInstance()Ljdk/internal/icu/impl/Norm2AllModes;+0 java.base@21.0.7
j  jdk.internal.icu.text.Normalizer2.getNFKDInstance()Ljdk/internal/icu/text/Normalizer2;+0 java.base@21.0.7
j  jdk.internal.icu.text.NormalizerBase$NFKDModeImpl.<clinit>()V+4 java.base@21.0.7
v  ~StubRoutines::call_stub 0x0000025f0753100d
j  jdk.internal.icu.text.NormalizerBase$NFKDMode.getNormalizer2(I)Ljdk/internal/icu/text/Normalizer2;+16 java.base@21.0.7
j  jdk.internal.icu.text.NormalizerBase.normalize(Ljava/lang/String;Ljdk/internal/icu/text/NormalizerBase$Mode;I)Ljava/lang/String;+2 java.base@21.0.7
j  jdk.internal.icu.text.NormalizerBase.normalize(Ljava/lang/String;Ljava/text/Normalizer$Form;)Ljava/lang/String;+6 java.base@21.0.7
j  java.text.Normalizer.normalize(Ljava/lang/CharSequence;Ljava/text/Normalizer$Form;)Ljava/lang/String;+7 java.base@21.0.7
j  sun.security.x509.AVA.toRFC2253CanonicalString()Ljava/lang/String;+352 java.base@21.0.7
j  sun.security.x509.RDN.toRFC2253StringInternal(ZLjava/util/Map;)Ljava/lang/String;+19 java.base@21.0.7
j  sun.security.x509.RDN.toRFC2253String(Z)Ljava/lang/String;+27 java.base@21.0.7
j  sun.security.x509.X500Name.getRFC2253CanonicalName()Ljava/lang/String;+62 java.base@21.0.7
j  sun.security.x509.X500Name.equals(Ljava/lang/Object;)Z+118 java.base@21.0.7
j  sun.security.pkcs.PKCS7.getCertificate(Ljava/math/BigInteger;Lsun/security/x509/X500Name;)Ljava/security/cert/X509Certificate;+60 java.base@21.0.7
j  sun.security.pkcs.SignerInfo.getCertificate(Lsun/security/pkcs/PKCS7;)Ljava/security/cert/X509Certificate;+9 java.base@21.0.7
j  sun.security.pkcs.SignerInfo.verify(Lsun/security/pkcs/PKCS7;[B)Lsun/security/pkcs/SignerInfo;+422 java.base@21.0.7
j  sun.security.pkcs.PKCS7.verify(Lsun/security/pkcs/SignerInfo;[B)Lsun/security/pkcs/SignerInfo;+3 java.base@21.0.7
j  sun.security.pkcs.PKCS7.verify([B)[Lsun/security/pkcs/SignerInfo;+27 java.base@21.0.7
j  sun.security.pkcs.SignerInfo.getTimestamp()Ljava/security/Timestamp;+45 java.base@21.0.7
j  sun.security.pkcs.SignerInfo.verify(Lsun/security/pkcs/PKCS7;[B)Lsun/security/pkcs/SignerInfo;+3 java.base@21.0.7
j  sun.security.pkcs.PKCS7.verify(Lsun/security/pkcs/SignerInfo;[B)Lsun/security/pkcs/SignerInfo;+3 java.base@21.0.7
j  sun.security.pkcs.PKCS7.verify([B)[Lsun/security/pkcs/SignerInfo;+27 java.base@21.0.7
j  sun.security.util.SignatureFileVerifier.processImpl(Ljava/util/Hashtable;Ljava/util/List;Ljava/lang/String;)V+62 java.base@21.0.7
j  sun.security.util.SignatureFileVerifier.process(Ljava/util/Hashtable;Ljava/util/List;Ljava/lang/String;)V+12 java.base@21.0.7
j  java.util.jar.JarVerifier.processEntry(Lsun/security/util/ManifestEntryVerifier;)V+397 java.base@21.0.7
j  java.util.jar.JarVerifier.update(I[BIILsun/security/util/ManifestEntryVerifier;)V+39 java.base@21.0.7
j  java.util.jar.JarFile.initializeVerifier()V+164 java.base@21.0.7
j  java.util.jar.JarFile.ensureInitialization()V+36 java.base@21.0.7
j  java.util.jar.JavaUtilJarAccessImpl.ensureInitialization(Ljava/util/jar/JarFile;)V+1 java.base@21.0.7
j  jdk.internal.loader.URLClassPath$JarLoader$2.getManifest()Ljava/util/jar/Manifest;+10 java.base@21.0.7
j  jdk.internal.loader.BuiltinClassLoader.defineClass(Ljava/lang/String;Ljdk/internal/loader/Resource;)Ljava/lang/Class;+29 java.base@21.0.7
j  jdk.internal.loader.BuiltinClassLoader.findClassOnClassPathOrNull(Ljava/lang/String;)Ljava/lang/Class;+37 java.base@21.0.7
j  jdk.internal.loader.BuiltinClassLoader.loadClassOrNull(Ljava/lang/String;Z)Ljava/lang/Class;+111 java.base@21.0.7
j  jdk.internal.loader.BuiltinClassLoader.loadClass(Ljava/lang/String;Z)Ljava/lang/Class;+3 java.base@21.0.7
j  jdk.internal.loader.ClassLoaders$AppClassLoader.loadClass(Ljava/lang/String;Z)Ljava/lang/Class;+36 java.base@21.0.7
j  java.lang.ClassLoader.loadClass(Ljava/lang/String;)Ljava/lang/Class;+3 java.base@21.0.7
v  ~StubRoutines::call_stub 0x0000025f0753100d
j  java.lang.Class.forName0(Ljava/lang/String;ZLjava/lang/ClassLoader;Ljava/lang/Class;)Ljava/lang/Class;+0 java.base@21.0.7
j  java.lang.Class.forName(Ljava/lang/String;ZLjava/lang/ClassLoader;Ljava/lang/Class;)Ljava/lang/Class;+37 java.base@21.0.7
j  java.lang.Class.forName(Ljava/lang/String;ZLjava/lang/ClassLoader;)Ljava/lang/Class;+20 java.base@21.0.7
j  sun.launcher.LauncherHelper.loadMainClass(ILjava/lang/String;)Ljava/lang/Class;+95 java.base@21.0.7
j  sun.launcher.LauncherHelper.checkAndLoadMain(ZILjava/lang/String;)Ljava/lang/Class;+42 java.base@21.0.7
v  ~StubRoutines::call_stub 0x0000025f0753100d
invokestatic  184 invokestatic  [0x0000025f07547fe0, 0x0000025f075482a8]  712 bytes
[MachCode]
  0x0000025f07547fe0: 4883 ec08 | c5fa 1104 | 24eb 1f48 | 83ec 10c5 | fb11 0424 | eb14 4883 | ec10 4889 | 0424 48c7 
  0x0000025f07548000: 4424 0800 | 0000 00eb | 0150 4c89 | 6dc0 410f | b755 0148 | 8b4d d0c1 | e202 8b5c | d138 c1eb 
  0x0000025f07548020: 1081 e3ff | 0000 0081 | fbb8 0000 | 000f 84b4 | 0000 00bb | b800 0000 | e805 0000 | 00e9 9900 
  0x0000025f07548040: 0000 488b | d348 8d44 | 2408 4c89 | 6dc0 498b | cfc5 f877 | 4989 afa8 | 0300 0049 | 8987 9803 
  0x0000025f07548060: 0000 4883 | ec20 40f6 | c40f 0f84 | 1900 0000 | 4883 ec08 | 48b8 107c | 50a1 fe7f | 0000 ffd0 
  0x0000025f07548080: 4883 c408 | e90c 0000 | 0048 b810 | 7c50 a1fe | 7f00 00ff | d048 83c4 | 2049 c787 | 9803 0000 
  0x0000025f075480a0: 0000 0000 | 49c7 87a8 | 0300 0000 | 0000 0049 | c787 a003 | 0000 0000 | 0000 c5f8 | 7749 837f 
  0x0000025f075480c0: 0800 0f84 | 0500 0000 | e933 8efe | ff4c 8b6d | c04c 8b75 | c84e 8d74 | f500 c341 | 0fb7 5501 
  0x0000025f075480e0: 488b 4dd0 | c1e2 0248 | 8b5c d140 | 488b 5b08 | 488b 5b08 | 488b 5b18 | 80bb 2101 | 0000 040f 
  0x0000025f07548100: 840d 0000 | 004c 3bbb | 2801 0000 | 0f85 21ff | ffff 488b | 5cd1 408b | 54d1 50c1 | ea1c 49ba 
  0x0000025f07548120: c0df dea1 | fe7f 0000 | 498b 14d2 | 5248 8b45 | d848 85c0 | 0f84 1200 | 0000 4883 | 4008 0148 
  0x0000025f07548140: 8358 0800 | 4883 c010 | 4889 45d8 | 488b 45d8 | 4885 c00f | 843d 0100 | 0080 78f0 | 0a0f 8533 
  0x0000025f07548160: 0100 0048 | 83c0 084c | 8b68 f841 | 83ed 0041 | 83fd 020f | 8c12 0100 | 004c 8b6b | 0845 0fb7 
  0x0000025f07548180: 6d2e 4c2b | 2841 83ed | 014e 8b6c | ec08 4d85 | ed75 0ef6 | 4008 0175 | 58f0 4883 | 4808 01eb 
  0x0000025f075481a0: 5045 8b6d | 0849 ba00 | 0000 0f5f | 0200 004d | 03ea 4d8b | d54c 3368 | 0849 f7c5 | fcff ffff 
  0x0000025f075481c0: 742f 41f6 | c502 7529 | 4883 7808 | 0074 1e48 | 8378 0801 | 7417 4d8b | ea4c 3368 | 0849 f7c5 
  0x0000025f075481e0: fcff ffff | 740b 4883 | 4808 02eb | 044c 8968 | 0848 83c0 | 104c 8b68 | e841 83ed | 0241 83fd 
  0x0000025f07548200: 020f 8c84 | 0000 004c | 8b6b 0845 | 0fb7 6d2e | 4c2b 2841 | 83ed 014e | 8b6c ec08 | 4d85 ed75 
  0x0000025f07548220: 0ef6 4008 | 0175 58f0 | 4883 4808 | 01eb 5045 | 8b6d 0849 | ba00 0000 | 0f5f 0200 | 004d 03ea 
  0x0000025f07548240: 4d8b d54c | 3368 0849 | f7c5 fcff | ffff 742f | 41f6 c502 | 7529 4883 | 7808 0074 | 1e48 8378 
  0x0000025f07548260: 0801 7417 | 4d8b ea4c | 3368 0849 | f7c5 fcff | ffff 740b | 4883 4808 | 02eb 044c | 8968 0848 
  0x0000025f07548280: 83c0 104c | 8b68 d841 | 83ed 0441 | c1e5 0349 | 03c5 4889 | 45d8 4c8d | 6c24 084c | 896d f0ff 
  0x0000025f075482a0: 6350 660f | 1f44 0000 
[/MachCode]

---------------  P R O C E S S  ---------------

Threads class SMR info:
_java_thread_list=0x0000025f7cf8f3c0, length=11, elements={
0x0000025f76c4c890, 0x0000025f7bf7a280, 0x0000025f7bf7b190, 0x0000025f7bf7fc90,
0x0000025f7bf829b0, 0x0000025f7bf836c0, 0x0000025f7bf85120, 0x0000025f7bf85f50,
0x0000025f7bff7130, 0x0000025f7c031880, 0x0000025f7cf88010
}

Java Threads: ( => current thread )
=>0x0000025f76c4c890 JavaThread "main"                              [_thread_in_vm, id=15300, stack(0x000000da61e00000,0x000000da61f00000) (1024K)]
  0x0000025f7bf7a280 JavaThread "Reference Handler"          daemon [_thread_blocked, id=1040, stack(0x000000da62200000,0x000000da62300000) (1024K)]
  0x0000025f7bf7b190 JavaThread "Finalizer"                  daemon [_thread_blocked, id=8164, stack(0x000000da62300000,0x000000da62400000) (1024K)]
  0x0000025f7bf7fc90 JavaThread "Signal Dispatcher"          daemon [_thread_blocked, id=1384, stack(0x000000da62400000,0x000000da62500000) (1024K)]
  0x0000025f7bf829b0 JavaThread "Attach Listener"            daemon [_thread_blocked, id=15356, stack(0x000000da62500000,0x000000da62600000) (1024K)]
  0x0000025f7bf836c0 JavaThread "Service Thread"             daemon [_thread_blocked, id=8924, stack(0x000000da62600000,0x000000da62700000) (1024K)]
  0x0000025f7bf85120 JavaThread "Monitor Deflation Thread"   daemon [_thread_blocked, id=8492, stack(0x000000da62700000,0x000000da62800000) (1024K)]
  0x0000025f7bf85f50 JavaThread "C2 CompilerThread0"         daemon [_thread_blocked, id=8816, stack(0x000000da62800000,0x000000da62900000) (1024K)]
  0x0000025f7bff7130 JavaThread "C1 CompilerThread0"         daemon [_thread_blocked, id=13720, stack(0x000000da62900000,0x000000da62a00000) (1024K)]
  0x0000025f7c031880 JavaThread "Common-Cleaner"             daemon [_thread_blocked, id=14976, stack(0x000000da62a00000,0x000000da62b00000) (1024K)]
  0x0000025f7cf88010 JavaThread "Notification Thread"        daemon [_thread_blocked, id=13704, stack(0x000000da62b00000,0x000000da62c00000) (1024K)]
Total: 11

Other Threads:
  0x0000025f76d0b9a0 VMThread "VM Thread"                           [id=6804, stack(0x000000da62100000,0x000000da62200000) (1024K)]
  0x0000025f76cb5000 WatcherThread "VM Periodic Task Thread"        [id=4032, stack(0x000000da62000000,0x000000da62100000) (1024K)]
  0x0000025f76c6ade0 WorkerThread "GC Thread#0"                     [id=14836, stack(0x000000da61f00000,0x000000da62000000) (1024K)]
Total: 3

Threads with active compile tasks:
Total: 0

VM state: not at safepoint (normal execution)

VM Mutex/Monitor currently owned by a thread:  ([mutex/lock_event])
[0x00007ffea1ddc308] Metaspace_lock - owner thread: 0x0000025f76c4c890

Heap address: 0x00000000c0000000, size: 1024 MB, Compressed Oops mode: 32-bit

CDS archive(s) mapped at: [0x0000025f0f000000-0x0000025f0fba0000-0x0000025f0fba0000), size 12189696, SharedBaseAddress: 0x0000025f0f000000, ArchiveRelocationMode: 1.
Compressed class space mapped at: 0x0000025f10000000-0x0000025f50000000, reserved size: 1073741824
Narrow klass base: 0x0000025f0f000000, Narrow klass shift: 0, Narrow klass range: 0x100000000

GC Precious Log:
 CardTable entry size: 512
 CPUs: 4 total, 4 available
 Memory: 8029M
 Large Page Support: Disabled
 NUMA Support: Disabled
 Compressed Oops: Enabled (32-bit)
 Alignments: Space 512K, Generation 512K, Heap 2M
 Heap Min Capacity: 100M
 Heap Initial Capacity: 100M
 Heap Max Capacity: 1G
 Pre-touch: Disabled
 Parallel Workers: 4

Heap:
 PSYoungGen      total 29696K, used 14000K [0x00000000eab00000, 0x00000000ecc00000, 0x0000000100000000)
  eden space 25600K, 54% used [0x00000000eab00000,0x00000000eb8ac348,0x00000000ec400000)
  from space 4096K, 0% used [0x00000000ec800000,0x00000000ec800000,0x00000000ecc00000)
  to   space 4096K, 0% used [0x00000000ec400000,0x00000000ec400000,0x00000000ec800000)
 ParOldGen       total 68608K, used 0K [0x00000000c0000000, 0x00000000c4300000, 0x00000000eab00000)
  object space 68608K, 0% used [0x00000000c0000000,0x00000000c0000000,0x00000000c4300000)
 Metaspace       used 2616K, committed 2816K, reserved 1114112K
  class space    used 262K, committed 384K, reserved 1048576K

Card table byte_map: [0x0000025f76620000,0x0000025f76830000] _byte_map_base: 0x0000025f76020000

Marking Bits: (ParMarkBitMap*) 0x00007ffea1de31f0
 Begin Bits: [0x0000025f79e40000, 0x0000025f7ae40000)
 End Bits:   [0x0000025f7ae40000, 0x0000025f7be40000)

Polling page: 0x0000025f76410000

Metaspace:

Usage:
  Non-class:      2.30 MB used.
      Class:    262.79 KB used.
       Both:      2.56 MB used.

Virtual space:
  Non-class space:       64.00 MB reserved,       2.38 MB (  4%) committed,  1 nodes.
      Class space:        1.00 GB reserved,     384.00 KB ( <1%) committed,  1 nodes.
             Both:        1.06 GB reserved,       2.75 MB ( <1%) committed. 

Chunk freelists:
   Non-Class:  11.65 MB
       Class:  15.67 MB
        Both:  27.32 MB

MaxMetaspaceSize: unlimited
CompressedClassSpaceSize: 1.00 GB
Initial GC threshold: 21.00 MB
Current GC threshold: 21.00 MB
CDS: on
 - commit_granule_bytes: 65536.
 - commit_granule_words: 8192.
 - virtual_space_node_default_size: 8388608.
 - enlarge_chunks_in_place: 1.
 - use_allocation_guard: 0.


Internal statistics:

num_allocs_failed_limit: 0.
num_arena_births: 80.
num_arena_deaths: 0.
num_vsnodes_births: 2.
num_vsnodes_deaths: 0.
num_space_committed: 44.
num_space_uncommitted: 0.
num_chunks_returned_to_freelist: 0.
num_chunks_taken_from_freelist: 102.
num_chunk_merges: 0.
num_chunk_splits: 71.
num_chunks_enlarged: 46.
num_inconsistent_stats: 0.

CodeHeap 'non-profiled nmethods': size=120000Kb used=255Kb max_used=255Kb free=119745Kb
 bounds [0x0000025f07ad0000, 0x0000025f07d40000, 0x0000025f0f000000]
CodeHeap 'profiled nmethods': size=120000Kb used=1026Kb max_used=1026Kb free=118973Kb
 bounds [0x0000025f00000000, 0x0000025f00270000, 0x0000025f07530000]
CodeHeap 'non-nmethods': size=5760Kb used=1181Kb max_used=1201Kb free=4578Kb
 bounds [0x0000025f07530000, 0x0000025f077a0000, 0x0000025f07ad0000]
 total_blobs=1120 nmethods=681 adapters=346
 compilation: enabled
              stopped_count=0, restarted_count=0
 full_count=0

Compilation events (20 events):
Event: 1.650 Thread 0x0000025f7bff7130 nmethod 670 0x0000025f000fd810 code [0x0000025f000fd9c0, 0x0000025f000fdbc0]
Event: 1.650 Thread 0x0000025f7bff7130  671       3       java.util.LinkedHashMap$Entry::<init> (10 bytes)
Event: 1.650 Thread 0x0000025f7bff7130 nmethod 671 0x0000025f000fdd10 code [0x0000025f000fdec0, 0x0000025f000fe0c8]
Event: 1.650 Thread 0x0000025f7bff7130  672       3       java.util.Objects::checkFromIndexSize (8 bytes)
Event: 1.650 Thread 0x0000025f7bff7130 nmethod 672 0x0000025f000fe210 code [0x0000025f000fe3c0, 0x0000025f000fe5c8]
Event: 1.657 Thread 0x0000025f7bff7130  675       3       java.lang.Integer::rotateRight (9 bytes)
Event: 1.657 Thread 0x0000025f7bff7130 nmethod 675 0x0000025f000fe710 code [0x0000025f000fe8a0, 0x0000025f000fe9a0]
Event: 1.657 Thread 0x0000025f7bff7130  676       3       sun.invoke.util.Wrapper::forPrimitiveType (122 bytes)
Event: 1.658 Thread 0x0000025f7bff7130 nmethod 676 0x0000025f000fea10 code [0x0000025f000fece0, 0x0000025f000ff7c0]
Event: 1.726 Thread 0x0000025f7bf85f50 nmethod 666 0x0000025f07b0d190 code [0x0000025f07b0d440, 0x0000025f07b0e7c0]
Event: 1.727 Thread 0x0000025f7bf85f50  667       4       lombok.patcher.scripts.MethodLevelPatchScript::patch (21 bytes)
Event: 1.727 Thread 0x0000025f7bf85f50 nmethod 667 0x0000025f07b0f890 code [0x0000025f07b0fa20, 0x0000025f07b0fb08]
Event: 1.802 Thread 0x0000025f7bff7130  678       3       jdk.internal.org.objectweb.asm.SymbolTable::hash (15 bytes)
Event: 1.802 Thread 0x0000025f7bff7130 nmethod 678 0x0000025f000ffa90 code [0x0000025f000ffc40, 0x0000025f000ffdc0]
Event: 1.803 Thread 0x0000025f7bff7130  679       3       jdk.internal.org.objectweb.asm.SymbolTable$Entry::<init> (18 bytes)
Event: 1.803 Thread 0x0000025f7bff7130 nmethod 679 0x0000025f000fff10 code [0x0000025f001000c0, 0x0000025f00100238]
Event: 1.804 Thread 0x0000025f7bff7130  680       3       java.lang.invoke.MethodType::erase (8 bytes)
Event: 1.804 Thread 0x0000025f7bff7130 nmethod 680 0x0000025f00100310 code [0x0000025f001004a0, 0x0000025f001005d0]
Event: 1.805 Thread 0x0000025f7bff7130  681       3       java.lang.invoke.MemberName::getModifiers (8 bytes)
Event: 1.805 Thread 0x0000025f7bff7130 nmethod 681 0x0000025f00100690 code [0x0000025f00100820, 0x0000025f00100930]

GC Heap History (0 events):
No events

Dll operation events (8 events):
Event: 0.111 Loaded shared library c:\Users\ASUS\.vscode\extensions\redhat.java-1.42.0-win32-x64\jre\21.0.7-win32-x86_64\bin\java.dll
Event: 0.263 Loaded shared library c:\Users\ASUS\.vscode\extensions\redhat.java-1.42.0-win32-x64\jre\21.0.7-win32-x86_64\bin\zip.dll
Event: 0.287 Loaded shared library C:\Users\ASUS\.vscode\extensions\redhat.java-1.42.0-win32-x64\jre\21.0.7-win32-x86_64\bin\instrument.dll
Event: 0.313 Loaded shared library C:\Users\ASUS\.vscode\extensions\redhat.java-1.42.0-win32-x64\jre\21.0.7-win32-x86_64\bin\net.dll
Event: 0.315 Loaded shared library C:\Users\ASUS\.vscode\extensions\redhat.java-1.42.0-win32-x64\jre\21.0.7-win32-x86_64\bin\nio.dll
Event: 0.320 Loaded shared library C:\Users\ASUS\.vscode\extensions\redhat.java-1.42.0-win32-x64\jre\21.0.7-win32-x86_64\bin\zip.dll
Event: 0.341 Loaded shared library C:\Users\ASUS\.vscode\extensions\redhat.java-1.42.0-win32-x64\jre\21.0.7-win32-x86_64\bin\jimage.dll
Event: 0.523 Loaded shared library c:\Users\ASUS\.vscode\extensions\redhat.java-1.42.0-win32-x64\jre\21.0.7-win32-x86_64\bin\verify.dll

Deoptimization events (20 events):
Event: 1.383 Thread 0x0000025f76c4c890 Uncommon trap: trap_request=0xffffffde fr.pc=0x0000025f07b04adc relative=0x000000000000013c
Event: 1.383 Thread 0x0000025f76c4c890 Uncommon trap: reason=class_check action=maybe_recompile pc=0x0000025f07b04adc method=jdk.internal.misc.Unsafe.allocateUninitializedArray(Ljava/lang/Class;I)Ljava/lang/Object; @ 51 c2
Event: 1.383 Thread 0x0000025f76c4c890 DEOPT PACKING pc=0x0000025f07b04adc sp=0x000000da61efaf80
Event: 1.383 Thread 0x0000025f76c4c890 DEOPT UNPACKING pc=0x0000025f07583aa2 sp=0x000000da61efaef8 mode 2
Event: 1.383 Thread 0x0000025f76c4c890 Uncommon trap: trap_request=0xffffffde fr.pc=0x0000025f07b04adc relative=0x000000000000013c
Event: 1.383 Thread 0x0000025f76c4c890 Uncommon trap: reason=class_check action=maybe_recompile pc=0x0000025f07b04adc method=jdk.internal.misc.Unsafe.allocateUninitializedArray(Ljava/lang/Class;I)Ljava/lang/Object; @ 51 c2
Event: 1.383 Thread 0x0000025f76c4c890 DEOPT PACKING pc=0x0000025f07b04adc sp=0x000000da61efaf80
Event: 1.383 Thread 0x0000025f76c4c890 DEOPT UNPACKING pc=0x0000025f07583aa2 sp=0x000000da61efaef8 mode 2
Event: 1.383 Thread 0x0000025f76c4c890 Uncommon trap: trap_request=0xffffffde fr.pc=0x0000025f07b04adc relative=0x000000000000013c
Event: 1.383 Thread 0x0000025f76c4c890 Uncommon trap: reason=class_check action=maybe_recompile pc=0x0000025f07b04adc method=jdk.internal.misc.Unsafe.allocateUninitializedArray(Ljava/lang/Class;I)Ljava/lang/Object; @ 51 c2
Event: 1.383 Thread 0x0000025f76c4c890 DEOPT PACKING pc=0x0000025f07b04adc sp=0x000000da61efafc0
Event: 1.383 Thread 0x0000025f76c4c890 DEOPT UNPACKING pc=0x0000025f07583aa2 sp=0x000000da61efaf38 mode 2
Event: 1.399 Thread 0x0000025f76c4c890 Uncommon trap: trap_request=0xffffff45 fr.pc=0x0000025f07aff984 relative=0x0000000000000164
Event: 1.399 Thread 0x0000025f76c4c890 Uncommon trap: reason=unstable_if action=reinterpret pc=0x0000025f07aff984 method=jdk.internal.util.ArraysSupport.vectorizedHashCode(Ljava/lang/Object;IIII)I @ 2 c2
Event: 1.399 Thread 0x0000025f76c4c890 DEOPT PACKING pc=0x0000025f07aff984 sp=0x000000da61efca50
Event: 1.399 Thread 0x0000025f76c4c890 DEOPT UNPACKING pc=0x0000025f07583aa2 sp=0x000000da61efca00 mode 2
Event: 1.412 Thread 0x0000025f76c4c890 Uncommon trap: trap_request=0xffffff45 fr.pc=0x0000025f07af2904 relative=0x00000000000000e4
Event: 1.412 Thread 0x0000025f76c4c890 Uncommon trap: reason=unstable_if action=reinterpret pc=0x0000025f07af2904 method=java.net.URI.match(CJJ)Z @ 45 c2
Event: 1.412 Thread 0x0000025f76c4c890 DEOPT PACKING pc=0x0000025f07af2904 sp=0x000000da61efccf0
Event: 1.412 Thread 0x0000025f76c4c890 DEOPT UNPACKING pc=0x0000025f07583aa2 sp=0x000000da61efcc58 mode 2

Classes loaded (20 events):
Event: 1.802 Loading class jdk/internal/jimage/decompressor/ResourceDecompressor$StringsProvider done
Event: 1.802 Loading class jdk/internal/jimage/decompressor/CompressedResourceHeader
Event: 1.803 Loading class jdk/internal/jimage/decompressor/CompressedResourceHeader done
Event: 1.803 Loading class jdk/internal/jimage/decompressor/ResourceDecompressorRepository
Event: 1.803 Loading class jdk/internal/jimage/decompressor/ResourceDecompressorRepository done
Event: 1.803 Loading class jdk/internal/jimage/decompressor/ZipDecompressorFactory
Event: 1.803 Loading class jdk/internal/jimage/decompressor/ResourceDecompressorFactory
Event: 1.803 Loading class jdk/internal/jimage/decompressor/ResourceDecompressorFactory done
Event: 1.803 Loading class jdk/internal/jimage/decompressor/ZipDecompressorFactory done
Event: 1.803 Loading class jdk/internal/jimage/decompressor/StringSharingDecompressorFactory
Event: 1.803 Loading class jdk/internal/jimage/decompressor/StringSharingDecompressorFactory done
Event: 1.803 Loading class jdk/internal/jimage/decompressor/ZipDecompressor
Event: 1.803 Loading class jdk/internal/jimage/decompressor/ResourceDecompressor
Event: 1.803 Loading class jdk/internal/jimage/decompressor/ResourceDecompressor done
Event: 1.803 Loading class jdk/internal/jimage/decompressor/ZipDecompressor done
Event: 1.805 Loading class jdk/internal/icu/util/VersionInfo
Event: 1.805 Loading class jdk/internal/icu/util/VersionInfo done
Event: 1.805 Loading class jdk/internal/icu/util/CodePointTrie$Fast16
Event: 1.805 Loading class jdk/internal/icu/util/CodePointTrie$Fast
Event: 1.805 Loading class jdk/internal/icu/util/CodePointTrie

Classes unloaded (0 events):
No events

Classes redefined (0 events):
No events

Internal exceptions (12 events):
Event: 0.258 Thread 0x0000025f76c4c890 Exception <a 'java/lang/NoSuchMethodError'{0x00000000ead2a308}: 'void java.lang.invoke.DirectMethodHandle$Holder.invokeStatic(java.lang.Object, java.lang.Object, java.lang.Object)'> (0x00000000ead2a308) 
thrown [s\src\hotspot\share\interpreter\linkResolver.cpp, line 773]
Event: 0.334 Thread 0x0000025f76c4c890 Exception <a 'java/lang/NoSuchMethodError'{0x00000000eae937d0}: 'java.lang.Object java.lang.invoke.Invokers$Holder.invokeExact_MT(java.lang.Object, java.lang.Object, java.lang.Object, java.lang.Object, java.lang.Object)'> (0x00000000eae937d0) 
thrown [s\src\hotspot\share\interpreter\linkResolver.cpp, line 773]
Event: 0.414 Thread 0x0000025f76c4c890 Exception <a 'java/lang/NoSuchMethodError'{0x00000000eaf4bea0}: 'int java.lang.invoke.DirectMethodHandle$Holder.invokeSpecial(java.lang.Object, java.lang.Object, java.lang.Object, int)'> (0x00000000eaf4bea0) 
thrown [s\src\hotspot\share\interpreter\linkResolver.cpp, line 773]
Event: 0.417 Thread 0x0000025f76c4c890 Exception <a 'java/lang/NoSuchMethodError'{0x00000000eaf5e888}: 'java.lang.Object java.lang.invoke.DirectMethodHandle$Holder.invokeStatic(java.lang.Object, java.lang.Object, java.lang.Object, java.lang.Object, int)'> (0x00000000eaf5e888) 
thrown [s\src\hotspot\share\interpreter\linkResolver.cpp, line 773]
Event: 0.419 Thread 0x0000025f76c4c890 Exception <a 'java/lang/NoSuchMethodError'{0x00000000eaf69cc8}: 'void java.lang.invoke.DelegatingMethodHandle$Holder.reinvoke_L(java.lang.Object, java.lang.Object, java.lang.Object, int, java.lang.Object)'> (0x00000000eaf69cc8) 
thrown [s\src\hotspot\share\interpreter\linkResolver.cpp, line 773]
Event: 0.445 Thread 0x0000025f76c4c890 Exception <a 'java/lang/NoSuchMethodError'{0x00000000eaf7a7c0}: 'int java.lang.invoke.DirectMethodHandle$Holder.invokeSpecial(java.lang.Object, java.lang.Object, java.lang.Object)'> (0x00000000eaf7a7c0) 
thrown [s\src\hotspot\share\interpreter\linkResolver.cpp, line 773]
Event: 0.449 Thread 0x0000025f76c4c890 Exception <a 'java/lang/NoSuchMethodError'{0x00000000eaf86480}: 'java.lang.Object java.lang.invoke.DirectMethodHandle$Holder.invokeStatic(java.lang.Object, java.lang.Object, int)'> (0x00000000eaf86480) 
thrown [s\src\hotspot\share\interpreter\linkResolver.cpp, line 773]
Event: 0.450 Thread 0x0000025f76c4c890 Exception <a 'java/lang/NoSuchMethodError'{0x00000000eaf8add0}: 'void java.lang.invoke.DirectMethodHandle$Holder.invokeStatic(java.lang.Object, java.lang.Object, int, java.lang.Object)'> (0x00000000eaf8add0) 
thrown [s\src\hotspot\share\interpreter\linkResolver.cpp, line 773]
Event: 0.450 Thread 0x0000025f76c4c890 Exception <a 'java/lang/NoSuchMethodError'{0x00000000eaf8e960}: 'void java.lang.invoke.DirectMethodHandle$Holder.invokeSpecial(java.lang.Object, java.lang.Object, java.lang.Object, int, java.lang.Object)'> (0x00000000eaf8e960) 
thrown [s\src\hotspot\share\interpreter\linkResolver.cpp, line 773]
Event: 0.452 Thread 0x0000025f76c4c890 Exception <a 'java/lang/NoSuchMethodError'{0x00000000eaf91dd0}: 'void java.lang.invoke.DelegatingMethodHandle$Holder.delegate(java.lang.Object, java.lang.Object, int, java.lang.Object)'> (0x00000000eaf91dd0) 
thrown [s\src\hotspot\share\interpreter\linkResolver.cpp, line 773]
Event: 0.686 Thread 0x0000025f76c4c890 Exception <a 'java/lang/NoSuchMethodError'{0x00000000eb14ec10}: 'void java.lang.invoke.DelegatingMethodHandle$Holder.reinvoke_L(java.lang.Object, java.lang.Object, java.lang.Object, int)'> (0x00000000eb14ec10) 
thrown [s\src\hotspot\share\interpreter\linkResolver.cpp, line 773]
Event: 1.386 Thread 0x0000025f76c4c890 Exception <a 'java/lang/NoSuchMethodError'{0x00000000eb5d5958}: 'void java.lang.invoke.DirectMethodHandle$Holder.invokeVirtual(java.lang.Object, java.lang.Object)'> (0x00000000eb5d5958) 
thrown [s\src\hotspot\share\interpreter\linkResolver.cpp, line 773]

ZGC Phase Switch (0 events):
No events

VM Operations (6 events):
Event: 0.261 Executing VM operation: HandshakeAllThreads (Deoptimize)
Event: 0.261 Executing VM operation: HandshakeAllThreads (Deoptimize) done
Event: 0.392 Executing VM operation: HandshakeAllThreads (Deoptimize)
Event: 0.392 Executing VM operation: HandshakeAllThreads (Deoptimize) done
Event: 1.404 Executing VM operation: Cleanup
Event: 1.404 Executing VM operation: Cleanup done

Memory protections (0 events):
No events

Nmethod flushes (0 events):
No events

Events (11 events):
Event: 0.136 Thread 0x0000025f76c4c890 Thread added: 0x0000025f76c4c890
Event: 0.164 Thread 0x0000025f76c4c890 Thread added: 0x0000025f7bf7a280
Event: 0.164 Thread 0x0000025f76c4c890 Thread added: 0x0000025f7bf7b190
Event: 0.164 Thread 0x0000025f76c4c890 Thread added: 0x0000025f7bf7fc90
Event: 0.164 Thread 0x0000025f76c4c890 Thread added: 0x0000025f7bf829b0
Event: 0.164 Thread 0x0000025f76c4c890 Thread added: 0x0000025f7bf836c0
Event: 0.164 Thread 0x0000025f76c4c890 Thread added: 0x0000025f7bf85120
Event: 0.164 Thread 0x0000025f76c4c890 Thread added: 0x0000025f7bf85f50
Event: 0.178 Thread 0x0000025f76c4c890 Thread added: 0x0000025f7bff7130
Event: 0.233 Thread 0x0000025f76c4c890 Thread added: 0x0000025f7c031880
Event: 1.042 Thread 0x0000025f76c4c890 Thread added: 0x0000025f7cf88010


Dynamic libraries:
0x00007ff6c1f80000 - 0x00007ff6c1f8e000 	c:\Users\ASUS\.vscode\extensions\redhat.java-1.42.0-win32-x64\jre\21.0.7-win32-x86_64\bin\java.exe
0x00007fff01dd0000 - 0x00007fff01fe7000 	C:\WINDOWS\SYSTEM32\ntdll.dll
0x00007ffefff20000 - 0x00007ffefffe4000 	C:\WINDOWS\System32\KERNEL32.DLL
0x00007ffeff3c0000 - 0x00007ffeff793000 	C:\WINDOWS\System32\KERNELBASE.dll
0x00007ffeff7a0000 - 0x00007ffeff8b1000 	C:\WINDOWS\System32\ucrtbase.dll
0x00007ffea2f80000 - 0x00007ffea2f98000 	c:\Users\ASUS\.vscode\extensions\redhat.java-1.42.0-win32-x64\jre\21.0.7-win32-x86_64\bin\jli.dll
0x00007fff00250000 - 0x00007fff00401000 	C:\WINDOWS\System32\USER32.dll
0x00007ffeff260000 - 0x00007ffeff286000 	C:\WINDOWS\System32\win32u.dll
0x00007fff01cf0000 - 0x00007fff01d19000 	C:\WINDOWS\System32\GDI32.dll
0x00007ffeff290000 - 0x00007ffeff3b2000 	C:\WINDOWS\System32\gdi32full.dll
0x00007ffeff9c0000 - 0x00007ffeffa5a000 	C:\WINDOWS\System32\msvcp_win.dll
0x00007ffea2290000 - 0x00007ffea22ae000 	c:\Users\ASUS\.vscode\extensions\redhat.java-1.42.0-win32-x64\jre\21.0.7-win32-x86_64\bin\VCRUNTIME140.dll
0x00007ffeecc40000 - 0x00007ffeecedb000 	C:\WINDOWS\WinSxS\amd64_microsoft.windows.common-controls_6595b64144ccf1df_6.0.22621.5262_none_2712bde373830908\COMCTL32.dll
0x00007fff00a50000 - 0x00007fff00af7000 	C:\WINDOWS\System32\msvcrt.dll
0x00007ffeffee0000 - 0x00007ffefff11000 	C:\WINDOWS\System32\IMM32.DLL
0x00007ffea2640000 - 0x00007ffea264c000 	c:\Users\ASUS\.vscode\extensions\redhat.java-1.42.0-win32-x64\jre\21.0.7-win32-x86_64\bin\vcruntime140_1.dll
0x00007ffea2200000 - 0x00007ffea228d000 	c:\Users\ASUS\.vscode\extensions\redhat.java-1.42.0-win32-x64\jre\21.0.7-win32-x86_64\bin\msvcp140.dll
0x00007ffea1130000 - 0x00007ffea1ec0000 	c:\Users\ASUS\.vscode\extensions\redhat.java-1.42.0-win32-x64\jre\21.0.7-win32-x86_64\bin\server\jvm.dll
0x00007fff00fa0000 - 0x00007fff01051000 	C:\WINDOWS\System32\ADVAPI32.dll
0x00007fff00d00000 - 0x00007fff00da7000 	C:\WINDOWS\System32\sechost.dll
0x00007ffeff230000 - 0x00007ffeff258000 	C:\WINDOWS\System32\bcrypt.dll
0x00007fff00410000 - 0x00007fff00524000 	C:\WINDOWS\System32\RPCRT4.dll
0x00007ffeffce0000 - 0x00007ffeffd51000 	C:\WINDOWS\System32\WS2_32.dll
0x00007ffefed90000 - 0x00007ffefeddd000 	C:\WINDOWS\SYSTEM32\POWRPROF.dll
0x00007ffef8f40000 - 0x00007ffef8f74000 	C:\WINDOWS\SYSTEM32\WINMM.dll
0x00007ffef8f30000 - 0x00007ffef8f3a000 	C:\WINDOWS\SYSTEM32\VERSION.dll
0x00007ffefed70000 - 0x00007ffefed83000 	C:\WINDOWS\SYSTEM32\UMPDC.dll
0x00007ffefdec0000 - 0x00007ffefded8000 	C:\WINDOWS\SYSTEM32\kernel.appcore.dll
0x00007ffea21f0000 - 0x00007ffea21fa000 	c:\Users\ASUS\.vscode\extensions\redhat.java-1.42.0-win32-x64\jre\21.0.7-win32-x86_64\bin\jimage.dll
0x00007ffee8850000 - 0x00007ffee8a82000 	C:\WINDOWS\SYSTEM32\DBGHELP.DLL
0x00007fff01060000 - 0x00007fff013f3000 	C:\WINDOWS\System32\combase.dll
0x00007fff00b00000 - 0x00007fff00bd7000 	C:\WINDOWS\System32\OLEAUT32.dll
0x00007ffed73e0000 - 0x00007ffed7412000 	C:\WINDOWS\SYSTEM32\dbgcore.DLL
0x00007ffeff8c0000 - 0x00007ffeff93b000 	C:\WINDOWS\System32\bcryptPrimitives.dll
0x00007ffea1110000 - 0x00007ffea111f000 	c:\Users\ASUS\.vscode\extensions\redhat.java-1.42.0-win32-x64\jre\21.0.7-win32-x86_64\bin\instrument.dll
0x00007ffea10f0000 - 0x00007ffea110f000 	c:\Users\ASUS\.vscode\extensions\redhat.java-1.42.0-win32-x64\jre\21.0.7-win32-x86_64\bin\java.dll
0x00007fff01450000 - 0x00007fff01ced000 	C:\WINDOWS\System32\SHELL32.dll
0x00007ffeff0f0000 - 0x00007ffeff22f000 	C:\WINDOWS\System32\wintypes.dll
0x00007ffefcdb0000 - 0x00007ffefd6cd000 	C:\WINDOWS\SYSTEM32\windows.storage.dll
0x00007ffeffd60000 - 0x00007ffeffe6b000 	C:\WINDOWS\System32\SHCORE.dll
0x00007ffeffe70000 - 0x00007ffeffed6000 	C:\WINDOWS\System32\shlwapi.dll
0x00007ffefedf0000 - 0x00007ffefee1b000 	C:\WINDOWS\SYSTEM32\profapi.dll
0x00007ffea10b0000 - 0x00007ffea10c8000 	c:\Users\ASUS\.vscode\extensions\redhat.java-1.42.0-win32-x64\jre\21.0.7-win32-x86_64\bin\zip.dll
0x00007ffea10a0000 - 0x00007ffea10b0000 	C:\Users\ASUS\.vscode\extensions\redhat.java-1.42.0-win32-x64\jre\21.0.7-win32-x86_64\bin\net.dll
0x00007ffef8c80000 - 0x00007ffef8dac000 	C:\WINDOWS\SYSTEM32\WINHTTP.dll
0x00007ffefe330000 - 0x00007ffefe39a000 	C:\WINDOWS\system32\mswsock.dll
0x00007ffea0d60000 - 0x00007ffea0d76000 	C:\Users\ASUS\.vscode\extensions\redhat.java-1.42.0-win32-x64\jre\21.0.7-win32-x86_64\bin\nio.dll
0x00007ffea0c90000 - 0x00007ffea0ca0000 	c:\Users\ASUS\.vscode\extensions\redhat.java-1.42.0-win32-x64\jre\21.0.7-win32-x86_64\bin\verify.dll

dbghelp: loaded successfully - version: 4.0.5 - missing functions: none
symbol engine: initialized successfully - sym options: 0x614 - pdb path: .;c:\Users\ASUS\.vscode\extensions\redhat.java-1.42.0-win32-x64\jre\21.0.7-win32-x86_64\bin;C:\WINDOWS\SYSTEM32;C:\WINDOWS\WinSxS\amd64_microsoft.windows.common-controls_6595b64144ccf1df_6.0.22621.5262_none_2712bde373830908;c:\Users\ASUS\.vscode\extensions\redhat.java-1.42.0-win32-x64\jre\21.0.7-win32-x86_64\bin\server

VM Arguments:
jvm_args: --add-modules=ALL-SYSTEM --add-opens=java.base/java.util=ALL-UNNAMED --add-opens=java.base/java.lang=ALL-UNNAMED --add-opens=java.base/sun.nio.fs=ALL-UNNAMED -Declipse.application=org.eclipse.jdt.ls.core.id1 -Dosgi.bundles.defaultStartLevel=4 -Declipse.product=org.eclipse.jdt.ls.core.product -Djava.import.generatesMetadataFilesAtProjectRoot=false -DDetectVMInstallationsJob.disabled=true -Dfile.encoding=utf8 -XX:+UseParallelGC -XX:GCTimeRatio=4 -XX:AdaptiveSizePolicyWeight=90 -Dsun.zip.disableMemoryMapping=true -Xmx1G -Xms100m -Xlog:disable -javaagent:c:\Users\ASUS\.vscode\extensions\redhat.java-1.42.0-win32-x64\lombok\lombok-1.18.36.jar 
java_command: c:\Users\ASUS\.vscode\extensions\redhat.java-1.42.0-win32-x64\server\plugins\org.eclipse.equinox.launcher_1.7.0.v20250424-1814.jar -configuration c:\Users\ASUS\AppData\Roaming\Code\User\globalStorage\redhat.java\1.42.0\config_ss_win -data c:\Users\ASUS\AppData\Roaming\Code\User\workspaceStorage\1c914d512f7e911657de6445cdf574a6\redhat.java\ss_ws --pipe=\\.\pipe\lsp-fd0ac6768ec013a78778fe5642dcbc4f-sock
java_class_path (initial): c:\Users\ASUS\.vscode\extensions\redhat.java-1.42.0-win32-x64\server\plugins\org.eclipse.equinox.launcher_1.7.0.v20250424-1814.jar
Launcher Type: SUN_STANDARD

[Global flags]
    uintx AdaptiveSizePolicyWeight                 = 90                                        {product} {command line}
     intx CICompilerCount                          = 3                                         {product} {ergonomic}
    uintx GCTimeRatio                              = 4                                         {product} {command line}
   size_t InitialHeapSize                          = 104857600                                 {product} {command line}
   size_t MaxHeapSize                              = 1073741824                                {product} {command line}
   size_t MaxNewSize                               = 357564416                                 {product} {ergonomic}
   size_t MinHeapDeltaBytes                        = 524288                                    {product} {ergonomic}
   size_t MinHeapSize                              = 104857600                                 {product} {command line}
   size_t NewSize                                  = 34603008                                  {product} {ergonomic}
    uintx NonNMethodCodeHeapSize                   = 5832780                                {pd product} {ergonomic}
    uintx NonProfiledCodeHeapSize                  = 122912730                              {pd product} {ergonomic}
   size_t OldSize                                  = 70254592                                  {product} {ergonomic}
    uintx ProfiledCodeHeapSize                     = 122912730                              {pd product} {ergonomic}
    uintx ReservedCodeCacheSize                    = 251658240                              {pd product} {ergonomic}
     bool SegmentedCodeCache                       = true                                      {product} {ergonomic}
   size_t SoftMaxHeapSize                          = 1073741824                             {manageable} {ergonomic}
     bool UseCompressedOops                        = true                           {product lp64_product} {ergonomic}
     bool UseLargePagesIndividualAllocation        = false                                  {pd product} {ergonomic}
     bool UseParallelGC                            = true                                      {product} {command line}

Logging:
Log output configuration:
 #0: stdout all=off uptime,level,tags foldmultilines=false
 #1: stderr all=off uptime,level,tags foldmultilines=false

Environment Variables:
PATH=C:\Program Files\Common Files\Oracle\Java\javapath;C:\WINDOWS\system32;C:\WINDOWS;C:\WINDOWS\System32\Wbem;C:\WINDOWS\System32\WindowsPowerShell\v1.0\;C:\WINDOWS\System32\OpenSSH\;C:\Program Files\Java\jdk\bin;C:\Program Files\dotnet\;C:\Users\ASUS\AppData\Local\Programs\Python\Python38;C:\Users\ASUS\AppData\Local\Programs\Python\Python38\Scripts;C:\Program Files\cURL\bin;C:\ProgramData\ComposerSetup\bin;C:\Program Files\GitHub CLI\;C:\Program Files\Microsoft SQL Server\Client SDK\ODBC\130\Tools\Binn\;C:\ProgramData\chocolatey\bin;C:\Users\ASUS\AppData\Local\Pub\Cache\bin;C:\Program Files\Java\jdk-23\bin;C:\Users\ASUS\AppData\Local\Android\Sdk\platform-tools;D:\Aplication\neo_xampp_php_7\php;C:\Users\ASUS\AppData\Roaming\nvm;C:\Program Files\nodejs;C:\src\flutter\bin\cache\dart-sdk\bin;C:\Program Files\PuTTY\;C:\Program Files\Git\cmd;C:\Users\ASUS\AppData\Local\Programs\Python\Python36\Scripts\;C:\Users\ASUS\AppData\Local\Programs\Python\Python36\;C:\Users\ASUS\AppData\Local\Programs\Python\Python311\Scripts\;C:\Users\ASUS\AppData\Local\Programs\Python\Python311\;C:\Users\ASUS\AppData\Local\Microsoft\WindowsApps;C:\Users\ASUS\AppData\Local\Programs\Microsoft VS Code\bin;C:\Users\ASUS\AppData\Roaming\Composer\vendor\bin;C:\Program Files\heroku\bin;C:\Program Files\Azure Data Studio\bin;C:\tools\dart-sdk\bin;C:\Users\ASUS\AppData\Roaming\Pub\Cache\bin;D:\src\flutter\bin;D:\Aplication\PhpStorm\PhpStorm 2023.3.6\bin;;C:\Users\ASUS\AppData\Roaming\nvm;C:\Program Files\nodejs;C:\Users\ASUS\AppData\Local\Programs\Python\Python39\Scripts;C:\Users\ASUS\AppData\Local\Programs\Python\Python39\;D:\Aplication\Android\Android Studio\jbr\bin;
USERNAME=ASUS
OS=Windows_NT
PROCESSOR_IDENTIFIER=Intel64 Family 6 Model 142 Stepping 12, GenuineIntel
TMP=C:\Users\ASUS\AppData\Local\Temp
TEMP=C:\Users\ASUS\AppData\Local\Temp




Periodic native trim disabled

---------------  S Y S T E M  ---------------

OS:
 Windows 11 , 64 bit Build 22621 (10.0.22621.5262)
OS uptime: 0 days 0:11 hours
Hyper-V role detected

CPU: total 4 (initial active 4) (2 cores per cpu, 2 threads per core) family 6 model 142 stepping 12 microcode 0xea, cx8, cmov, fxsr, ht, mmx, 3dnowpref, sse, sse2, sse3, ssse3, sse4.1, sse4.2, popcnt, lzcnt, tsc, tscinvbit, avx, avx2, aes, erms, clmul, bmi1, bmi2, adx, fma, vzeroupper, clflush, clflushopt, hv, rdtscp, f16c
Processor Information for the first 4 processors :
  Max Mhz: 2501, Current Mhz: 2100, Mhz Limit: 2075

Memory: 4k page, system-wide physical 8029M (232M free)
TotalPageFile size 12352M (AvailPageFile size 14M)
current process WorkingSet (physical memory assigned to process): 54M, peak: 54M
current process commit charge ("private bytes"): 180M, peak: 181M

vm_info: OpenJDK 64-Bit Server VM (21.0.7+6-LTS) for windows-amd64 JRE (21.0.7+6-LTS), built on 2025-04-15T00:00:00Z by "admin" with MS VC++ 17.7 (VS2022)

END.
