#
# There is insufficient memory for the Java Runtime Environment to continue.
# Native memory allocation (mmap) failed to map 597688320 bytes for G1 virtual space
# Possible reasons:
#   The system is out of physical RAM or swap space
#   The process is running with CompressedOops enabled, and the Java Heap may be blocking the growth of the native heap
# Possible solutions:
#   Reduce memory load on the system
#   Increase physical memory or swap space
#   Check if swap backing store is full
#   Decrease Java heap size (-Xmx/-Xms)
#   Decrease number of Java threads
#   Decrease Java thread stack sizes (-Xss)
#   Set larger code cache with -XX:ReservedCodeCacheSize=
#   JVM is running with Zero Based Compressed Oops mode in which the Java heap is
#     placed in the first 32GB address space. The Java Heap base address is the
#     maximum limit for the native heap growth. Please use -XX:HeapBaseMinAddress
#     to set the Java Heap base and to place the Java Heap above 32GB virtual address.
# This output file may be truncated or incomplete.
#
#  Out of Memory Error (os_windows.cpp:3769), pid=10584, tid=12944
#
# JRE version: OpenJDK Runtime Environment (17.0.6) (build 17.0.6+0-b2043.56-10027231)
# Java VM: OpenJDK 64-Bit Server VM (17.0.6+0-b2043.56-10027231, mixed mode, tiered, compressed oops, compressed class ptrs, g1 gc, windows-amd64)
# No core dump will be written. Minidumps are not enabled by default on client versions of Windows
#

---------------  S U M M A R Y ------------

Command Line: --add-opens=java.base/java.util=ALL-UNNAMED --add-opens=java.base/java.lang=ALL-UNNAMED --add-opens=java.base/java.lang.invoke=ALL-UNNAMED --add-opens=java.prefs/java.util.prefs=ALL-UNNAMED --add-opens=java.base/java.nio.charset=ALL-UNNAMED --add-opens=java.base/java.net=ALL-UNNAMED --add-opens=java.base/java.util.concurrent.atomic=ALL-UNNAMED -Xmx4G -Dfile.encoding=utf8 -Duser.country=ID -Duser.language=en -Duser.variant org.gradle.launcher.daemon.bootstrap.GradleDaemon 7.6.3

Host: Intel(R) Core(TM) i3-10110U CPU @ 2.10GHz, 4 cores, 7G,  Windows 11 , 64 bit Build 22621 (10.0.22621.5262)
Time: Thu Jun  5 13:16:32 2025 SE Asia Standard Time elapsed time: 10792.679557 seconds (0d 2h 59m 52s)

---------------  T H R E A D  ---------------

Current thread (0x00000205ddfb7860):  VMThread "VM Thread" [stack: 0x0000009e57700000,0x0000009e57800000] [id=12944]

Stack: [0x0000009e57700000,0x0000009e57800000]
Native frames: (J=compiled Java code, j=interpreted, Vv=VM code, C=native code)
V  [jvm.dll+0x683c9a]
V  [jvm.dll+0x8427a4]
V  [jvm.dll+0x843f9e]
V  [jvm.dll+0x844603]
V  [jvm.dll+0x249b75]
V  [jvm.dll+0x680b69]
V  [jvm.dll+0x67505a]
V  [jvm.dll+0x309acb]
V  [jvm.dll+0x310f86]
V  [jvm.dll+0x3608ee]
V  [jvm.dll+0x360b1f]
V  [jvm.dll+0x2dfbf8]
V  [jvm.dll+0x2ddec4]
V  [jvm.dll+0x2dd4cc]
V  [jvm.dll+0x321f3b]
V  [jvm.dll+0x848ccb]
V  [jvm.dll+0x849a04]
V  [jvm.dll+0x849f1d]
V  [jvm.dll+0x84a2f4]
V  [jvm.dll+0x84a3c0]
V  [jvm.dll+0x7f274a]
V  [jvm.dll+0x682ad5]
C  [ucrtbase.dll+0x29333]
C  [KERNEL32.DLL+0x1259d]
C  [ntdll.dll+0x5af58]

VM_Operation (0x0000009e58cf5f00): G1CollectForAllocation, mode: safepoint, requested by thread 0x00000205e114a380


---------------  P R O C E S S  ---------------

Threads class SMR info:
_java_thread_list=0x00000205e2ec9130, length=92, elements={
0x00000205bfe2f510, 0x00000205dec17440, 0x00000205dec182b0, 0x00000205de01c150,
0x00000205de01cd00, 0x00000205de01d8b0, 0x00000205de01e260, 0x00000205dec3d0c0,
0x00000205dec3db60, 0x00000205decb6750, 0x00000205dedbc080, 0x00000205dedbcd60,
0x00000205e0251820, 0x00000205df6df820, 0x00000205dfabd7b0, 0x00000205df1b4c70,
0x00000205df1b5fb0, 0x00000205df1b6480, 0x00000205df1b6950, 0x00000205df1b72f0,
0x00000205df1b77c0, 0x00000205df1b5140, 0x00000205df1b3e00, 0x00000205e11499e0,
0x00000205e114e6e0, 0x00000205e114ad20, 0x00000205e114b6c0, 0x00000205e1149040,
0x00000205e07440b0, 0x00000205e360a560, 0x00000205e114ced0, 0x00000205e114d870,
0x00000205e1149eb0, 0x00000205e1149510, 0x00000205e114a380, 0x00000205e114ca00,
0x00000205e114dd40, 0x00000205e1ed4540, 0x00000205e1ed0b80, 0x00000205e1ed4ee0,
0x00000205e1ed19f0, 0x00000205e1ed01e0, 0x00000205e1ed36d0, 0x00000205e1ecf370,
0x00000205e1ecf840, 0x00000205e1ece9d0, 0x00000205e1eceea0, 0x00000205e1ed2390,
0x00000205e1ed2860, 0x00000205e1ed5d50, 0x00000205e1ed1050, 0x00000205e1ed2d30,
0x00000205e1ed3200, 0x00000205e1ecfd10, 0x00000205e1ed3ba0, 0x00000205e1ed4a10,
0x00000205e1ed4070, 0x00000205e1ed53b0, 0x00000205e1ed5880, 0x00000205e1ed6220,
0x00000205e073d200, 0x00000205e0744580, 0x00000205e0743be0, 0x00000205e07406f0,
0x00000205e0744a50, 0x00000205e073d6d0, 0x00000205e073e070, 0x00000205e0742d70,
0x00000205e0741f00, 0x00000205e0741560, 0x00000205e073dba0, 0x00000205e073e540,
0x00000205e0743240, 0x00000205e0740bc0, 0x00000205e0741090, 0x00000205e0743710,
0x00000205e073f880, 0x00000205e0741a30, 0x00000205e07423d0, 0x00000205e0740220,
0x00000205e360b3d0, 0x00000205e360da50, 0x00000205e360c710, 0x00000205e360b8a0,
0x00000205e360bd70, 0x00000205e360cbe0, 0x00000205e3610a70, 0x00000205e360e3f0,
0x00000205e360f260, 0x00000205e360e8c0, 0x00000205e360f730, 0x00000205e360fc00
}

Java Threads: ( => current thread )
  0x00000205bfe2f510 JavaThread "main" [_thread_blocked, id=912, stack(0x0000009e57100000,0x0000009e57200000)]
  0x00000205dec17440 JavaThread "Reference Handler" daemon [_thread_blocked, id=3232, stack(0x0000009e57800000,0x0000009e57900000)]
  0x00000205dec182b0 JavaThread "Finalizer" daemon [_thread_blocked, id=12624, stack(0x0000009e57900000,0x0000009e57a00000)]
  0x00000205de01c150 JavaThread "Signal Dispatcher" daemon [_thread_blocked, id=11660, stack(0x0000009e57a00000,0x0000009e57b00000)]
  0x00000205de01cd00 JavaThread "Attach Listener" daemon [_thread_blocked, id=9700, stack(0x0000009e57b00000,0x0000009e57c00000)]
  0x00000205de01d8b0 JavaThread "Service Thread" daemon [_thread_blocked, id=15344, stack(0x0000009e57c00000,0x0000009e57d00000)]
  0x00000205de01e260 JavaThread "Monitor Deflation Thread" daemon [_thread_blocked, id=11716, stack(0x0000009e57d00000,0x0000009e57e00000)]
  0x00000205dec3d0c0 JavaThread "C2 CompilerThread0" daemon [_thread_blocked, id=11612, stack(0x0000009e57e00000,0x0000009e57f00000)]
  0x00000205dec3db60 JavaThread "C1 CompilerThread0" daemon [_thread_blocked, id=13264, stack(0x0000009e57f00000,0x0000009e58000000)]
  0x00000205decb6750 JavaThread "Sweeper thread" daemon [_thread_blocked, id=9804, stack(0x0000009e58000000,0x0000009e58100000)]
  0x00000205dedbc080 JavaThread "Common-Cleaner" daemon [_thread_blocked, id=11288, stack(0x0000009e58100000,0x0000009e58200000)]
  0x00000205dedbcd60 JavaThread "Notification Thread" daemon [_thread_blocked, id=8532, stack(0x0000009e58200000,0x0000009e58300000)]
  0x00000205e0251820 JavaThread "Daemon health stats" [_thread_blocked, id=15076, stack(0x0000009e58700000,0x0000009e58800000)]
  0x00000205df6df820 JavaThread "Incoming local TCP Connector on port 50806" [_thread_in_native, id=10624, stack(0x0000009e58800000,0x0000009e58900000)]
  0x00000205dfabd7b0 JavaThread "Daemon periodic checks" [_thread_blocked, id=4460, stack(0x0000009e58900000,0x0000009e58a00000)]
  0x00000205df1b4c70 JavaThread "Cache worker for journal cache (C:\Users\ASUS\.gradle\caches\journal-1)" [_thread_blocked, id=13156, stack(0x0000009e59100000,0x0000009e59200000)]
  0x00000205df1b5fb0 JavaThread "File lock request listener" [_thread_in_native, id=13632, stack(0x0000009e59200000,0x0000009e59300000)]
  0x00000205df1b6480 JavaThread "Cache worker for file hash cache (C:\Users\ASUS\.gradle\caches\7.6.3\fileHashes)" [_thread_blocked, id=5112, stack(0x0000009e59300000,0x0000009e59400000)]
  0x00000205df1b6950 JavaThread "File watcher server" daemon [_thread_in_native, id=13004, stack(0x0000009e59400000,0x0000009e59500000)]
  0x00000205df1b72f0 JavaThread "File watcher consumer" daemon [_thread_blocked, id=6280, stack(0x0000009e59500000,0x0000009e59600000)]
  0x00000205df1b77c0 JavaThread "jar transforms" [_thread_blocked, id=11984, stack(0x0000009e59600000,0x0000009e59700000)]
  0x00000205df1b5140 JavaThread "jar transforms Thread 2" [_thread_blocked, id=13260, stack(0x0000009e59700000,0x0000009e59800000)]
  0x00000205df1b3e00 JavaThread "jar transforms Thread 3" [_thread_blocked, id=11664, stack(0x0000009e59800000,0x0000009e59900000)]
  0x00000205e11499e0 JavaThread "Cache worker for file content cache (C:\Users\ASUS\.gradle\caches\7.6.3\fileContent)" [_thread_blocked, id=11476, stack(0x0000009e59b00000,0x0000009e59c00000)]
  0x00000205e114e6e0 JavaThread "Cache worker for execution history cache (C:\Users\ASUS\.gradle\caches\7.6.3\executionHistory)" [_thread_blocked, id=7896, stack(0x0000009e59e00000,0x0000009e59f00000)]
  0x00000205e114ad20 JavaThread "jar transforms Thread 4" [_thread_blocked, id=12460, stack(0x0000009e59f00000,0x0000009e5a000000)]
  0x00000205e114b6c0 JavaThread "Cache worker for kotlin-dsl (C:\Users\ASUS\.gradle\caches\7.6.3\kotlin-dsl)" [_thread_blocked, id=7588, stack(0x0000009e5a100000,0x0000009e5a200000)]
  0x00000205e1149040 JavaThread "Memory manager" [_thread_blocked, id=12188, stack(0x0000009e5a300000,0x0000009e5a400000)]
  0x00000205e07440b0 JavaThread "pool-3-thread-1" [_thread_blocked, id=14096, stack(0x0000009e56f00000,0x0000009e57000000)]
  0x00000205e360a560 JavaThread "pool-6-thread-1" [_thread_blocked, id=14984, stack(0x0000009e5d700000,0x0000009e5d800000)]
  0x00000205e114ced0 JavaThread "pool-9-thread-1" [_thread_blocked, id=10244, stack(0x0000009e5d800000,0x0000009e5d900000)]
  0x00000205e114d870 JavaThread "Daemon Thread 2" [_thread_blocked, id=15216, stack(0x0000009e57000000,0x0000009e57100000)]
  0x00000205e1149eb0 JavaThread "Handler for socket connection from /127.0.0.1:50806 to /127.0.0.1:52024" [_thread_in_native, id=17364, stack(0x0000009e58a00000,0x0000009e58b00000)]
  0x00000205e1149510 JavaThread "Cancel handler" [_thread_blocked, id=13548, stack(0x0000009e58b00000,0x0000009e58c00000)]
  0x00000205e114a380 JavaThread "Daemon worker Thread 2" [_thread_blocked, id=12124, stack(0x0000009e58c00000,0x0000009e58d00000)]
  0x00000205e114ca00 JavaThread "Asynchronous log dispatcher for DefaultDaemonConnection: socket connection from /127.0.0.1:50806 to /127.0.0.1:52024" [_thread_blocked, id=8376, stack(0x0000009e58d00000,0x0000009e58e00000)]
  0x00000205e114dd40 JavaThread "Stdin handler" [_thread_blocked, id=2556, stack(0x0000009e58e00000,0x0000009e58f00000)]
  0x00000205e1ed4540 JavaThread "Daemon client event forwarder" [_thread_blocked, id=9432, stack(0x0000009e59000000,0x0000009e59100000)]
  0x00000205e1ed0b80 JavaThread "Cache worker for checksums cache (D:\Fileku\Yggdrasill\Driver\LockSeed\els_00\sipreti\app\sipreti\android\.gradle\7.6.3\checksums)" [_thread_blocked, id=9876, stack(0x0000009e59900000,0x0000009e59a00000)]
  0x00000205e1ed4ee0 JavaThread "Cache worker for cache directory md-rule (C:\Users\ASUS\.gradle\caches\7.6.3\md-rule)" [_thread_blocked, id=16940, stack(0x0000009e59a00000,0x0000009e59b00000)]
  0x00000205e1ed19f0 JavaThread "Cache worker for file hash cache (D:\Fileku\Yggdrasill\Driver\LockSeed\els_00\sipreti\app\sipreti\android\.gradle\7.6.3\fileHashes)" [_thread_blocked, id=16536, stack(0x0000009e59c00000,0x0000009e59d00000)]
  0x00000205e1ed01e0 JavaThread "Cache worker for cache directory md-supplier (C:\Users\ASUS\.gradle\caches\7.6.3\md-supplier)" [_thread_blocked, id=9816, stack(0x0000009e59d00000,0x0000009e59e00000)]
  0x00000205e1ed36d0 JavaThread "Cache worker for dependencies-accessors (D:\Fileku\Yggdrasill\Driver\LockSeed\els_00\sipreti\app\sipreti\android\.gradle\7.6.3\dependencies-accessors)" [_thread_blocked, id=14888, stack(0x0000009e5a000000,0x0000009e5a100000)]
  0x00000205e1ecf370 JavaThread "Cache worker for Build Output Cleanup Cache (D:\src\flutter\packages\flutter_tools\gradle\.gradle\buildOutputCleanup)" [_thread_blocked, id=10448, stack(0x0000009e5a200000,0x0000009e5a300000)]
  0x00000205e1ecf840 JavaThread "included builds" [_thread_blocked, id=11072, stack(0x0000009e5a400000,0x0000009e5a500000)]
  0x00000205e1ece9d0 JavaThread "Execution worker" [_thread_blocked, id=3716, stack(0x0000009e5a500000,0x0000009e5a600000)]
  0x00000205e1eceea0 JavaThread "Execution worker Thread 2" [_thread_blocked, id=11416, stack(0x0000009e5a600000,0x0000009e5a700000)]
  0x00000205e1ed2390 JavaThread "Execution worker Thread 3" [_thread_blocked, id=15124, stack(0x0000009e5a700000,0x0000009e5a800000)]
  0x00000205e1ed2860 JavaThread "Cache worker for execution history cache (D:\src\flutter\packages\flutter_tools\gradle\.gradle\7.6.3\executionHistory)" [_thread_blocked, id=6092, stack(0x0000009e5a800000,0x0000009e5a900000)]
  0x00000205e1ed5d50 JavaThread "Unconstrained build operations" [_thread_blocked, id=15956, stack(0x0000009e5a900000,0x0000009e5aa00000)]
  0x00000205e1ed1050 JavaThread "Unconstrained build operations Thread 2" [_thread_blocked, id=3476, stack(0x0000009e5aa00000,0x0000009e5ab00000)]
  0x00000205e1ed2d30 JavaThread "Unconstrained build operations Thread 3" [_thread_blocked, id=14112, stack(0x0000009e5ab00000,0x0000009e5ac00000)]
  0x00000205e1ed3200 JavaThread "Unconstrained build operations Thread 4" [_thread_blocked, id=5928, stack(0x0000009e5ac00000,0x0000009e5ad00000)]
  0x00000205e1ecfd10 JavaThread "Unconstrained build operations Thread 5" [_thread_blocked, id=7760, stack(0x0000009e5ad00000,0x0000009e5ae00000)]
  0x00000205e1ed3ba0 JavaThread "Unconstrained build operations Thread 6" [_thread_blocked, id=15768, stack(0x0000009e5ae00000,0x0000009e5af00000)]
  0x00000205e1ed4a10 JavaThread "Unconstrained build operations Thread 7" [_thread_blocked, id=7960, stack(0x0000009e5af00000,0x0000009e5b000000)]
  0x00000205e1ed4070 JavaThread "Unconstrained build operations Thread 8" [_thread_blocked, id=12148, stack(0x0000009e5b000000,0x0000009e5b100000)]
  0x00000205e1ed53b0 JavaThread "Unconstrained build operations Thread 9" [_thread_blocked, id=15572, stack(0x0000009e5b100000,0x0000009e5b200000)]
  0x00000205e1ed5880 JavaThread "Unconstrained build operations Thread 10" [_thread_blocked, id=2236, stack(0x0000009e5b200000,0x0000009e5b300000)]
  0x00000205e1ed6220 JavaThread "Unconstrained build operations Thread 11" [_thread_blocked, id=11300, stack(0x0000009e5b300000,0x0000009e5b400000)]
  0x00000205e073d200 JavaThread "Unconstrained build operations Thread 12" [_thread_blocked, id=10512, stack(0x0000009e5b400000,0x0000009e5b500000)]
  0x00000205e0744580 JavaThread "Unconstrained build operations Thread 13" [_thread_blocked, id=13424, stack(0x0000009e5b500000,0x0000009e5b600000)]
  0x00000205e0743be0 JavaThread "Unconstrained build operations Thread 14" [_thread_blocked, id=3888, stack(0x0000009e5b600000,0x0000009e5b700000)]
  0x00000205e07406f0 JavaThread "Unconstrained build operations Thread 15" [_thread_blocked, id=1436, stack(0x0000009e5b700000,0x0000009e5b800000)]
  0x00000205e0744a50 JavaThread "Unconstrained build operations Thread 16" [_thread_blocked, id=3748, stack(0x0000009e5b800000,0x0000009e5b900000)]
  0x00000205e073d6d0 JavaThread "Unconstrained build operations Thread 17" [_thread_blocked, id=1420, stack(0x0000009e5b900000,0x0000009e5ba00000)]
  0x00000205e073e070 JavaThread "Unconstrained build operations Thread 18" [_thread_blocked, id=16528, stack(0x0000009e5ba00000,0x0000009e5bb00000)]
  0x00000205e0742d70 JavaThread "Unconstrained build operations Thread 19" [_thread_blocked, id=13660, stack(0x0000009e5bb00000,0x0000009e5bc00000)]
  0x00000205e0741f00 JavaThread "Unconstrained build operations Thread 20" [_thread_blocked, id=16920, stack(0x0000009e5bc00000,0x0000009e5bd00000)]
  0x00000205e0741560 JavaThread "Unconstrained build operations Thread 21" [_thread_blocked, id=2584, stack(0x0000009e5bd00000,0x0000009e5be00000)]
  0x00000205e073dba0 JavaThread "Unconstrained build operations Thread 22" [_thread_blocked, id=5148, stack(0x0000009e5be00000,0x0000009e5bf00000)]
  0x00000205e073e540 JavaThread "Unconstrained build operations Thread 23" [_thread_blocked, id=7472, stack(0x0000009e5bf00000,0x0000009e5c000000)]
  0x00000205e0743240 JavaThread "Unconstrained build operations Thread 24" [_thread_blocked, id=17300, stack(0x0000009e5c000000,0x0000009e5c100000)]
  0x00000205e0740bc0 JavaThread "Unconstrained build operations Thread 25" [_thread_blocked, id=16352, stack(0x0000009e5c100000,0x0000009e5c200000)]
  0x00000205e0741090 JavaThread "Unconstrained build operations Thread 26" [_thread_blocked, id=16580, stack(0x0000009e5c200000,0x0000009e5c300000)]
  0x00000205e0743710 JavaThread "Unconstrained build operations Thread 27" [_thread_blocked, id=276, stack(0x0000009e5c300000,0x0000009e5c400000)]
  0x00000205e073f880 JavaThread "Unconstrained build operations Thread 28" [_thread_blocked, id=17280, stack(0x0000009e5c400000,0x0000009e5c500000)]
  0x00000205e0741a30 JavaThread "Unconstrained build operations Thread 29" [_thread_blocked, id=7860, stack(0x0000009e5c500000,0x0000009e5c600000)]
  0x00000205e07423d0 JavaThread "Unconstrained build operations Thread 30" [_thread_blocked, id=15720, stack(0x0000009e5c600000,0x0000009e5c700000)]
  0x00000205e0740220 JavaThread "Unconstrained build operations Thread 31" [_thread_blocked, id=9948, stack(0x0000009e5c700000,0x0000009e5c800000)]
  0x00000205e360b3d0 JavaThread "Unconstrained build operations Thread 32" [_thread_blocked, id=15092, stack(0x0000009e5c800000,0x0000009e5c900000)]
  0x00000205e360da50 JavaThread "Unconstrained build operations Thread 33" [_thread_blocked, id=17096, stack(0x0000009e5c900000,0x0000009e5ca00000)]
  0x00000205e360c710 JavaThread "Unconstrained build operations Thread 34" [_thread_blocked, id=16768, stack(0x0000009e5ca00000,0x0000009e5cb00000)]
  0x00000205e360b8a0 JavaThread "Unconstrained build operations Thread 35" [_thread_blocked, id=16532, stack(0x0000009e5cb00000,0x0000009e5cc00000)]
  0x00000205e360bd70 JavaThread "Unconstrained build operations Thread 36" [_thread_blocked, id=10852, stack(0x0000009e5cc00000,0x0000009e5cd00000)]
  0x00000205e360cbe0 JavaThread "Unconstrained build operations Thread 37" [_thread_blocked, id=13056, stack(0x0000009e5cd00000,0x0000009e5ce00000)]
  0x00000205e3610a70 JavaThread "Unconstrained build operations Thread 38" [_thread_blocked, id=4456, stack(0x0000009e5ce00000,0x0000009e5cf00000)]
  0x00000205e360e3f0 JavaThread "Unconstrained build operations Thread 39" [_thread_blocked, id=15788, stack(0x0000009e5cf00000,0x0000009e5d000000)]
  0x00000205e360f260 JavaThread "Unconstrained build operations Thread 40" [_thread_blocked, id=1500, stack(0x0000009e5d000000,0x0000009e5d100000)]
  0x00000205e360e8c0 JavaThread "Cache worker for Build Output Cleanup Cache (D:\Fileku\Yggdrasill\Driver\LockSeed\els_00\sipreti\app\sipreti\android\.gradle\buildOutputCleanup)" [_thread_blocked, id=3292, stack(0x0000009e5d100000,0x0000009e5d200000)]
  0x00000205e360f730 JavaThread "build event listener" [_thread_blocked, id=3656, stack(0x0000009e5d400000,0x0000009e5d500000)]
  0x00000205e360fc00 JavaThread "build event listener" [_thread_blocked, id=13968, stack(0x0000009e5d500000,0x0000009e5d600000)]

Other Threads:
=>0x00000205ddfb7860 VMThread "VM Thread" [stack: 0x0000009e57700000,0x0000009e57800000] [id=12944]
  0x00000205dedb9d50 WatcherThread [stack: 0x0000009e58300000,0x0000009e58400000] [id=9256]
  0x00000205bfe9cde0 GCTaskThread "GC Thread#0" [stack: 0x0000009e57200000,0x0000009e57300000] [id=10812]
  0x00000205dee8e040 GCTaskThread "GC Thread#1" [stack: 0x0000009e58400000,0x0000009e58500000] [id=11268]
  0x00000205df36a8e0 GCTaskThread "GC Thread#2" [stack: 0x0000009e58500000,0x0000009e58600000] [id=12932]
  0x00000205df059530 GCTaskThread "GC Thread#3" [stack: 0x0000009e58600000,0x0000009e58700000] [id=11884]
  0x00000205bfeadd20 ConcurrentGCThread "G1 Main Marker" [stack: 0x0000009e57300000,0x0000009e57400000] [id=14780]
  0x00000205bfeae730 ConcurrentGCThread "G1 Conc#0" [stack: 0x0000009e57400000,0x0000009e57500000] [id=1892]
  0x00000205bfee9330 ConcurrentGCThread "G1 Refine#0" [stack: 0x0000009e57500000,0x0000009e57600000] [id=3972]
  0x00000205e2d88a10 ConcurrentGCThread "G1 Refine#1" [stack: 0x0000009e58f00000,0x0000009e59000000] [id=4384]
  0x00000205e9d950b0 ConcurrentGCThread "G1 Refine#2" [stack: 0x0000009e5d200000,0x0000009e5d300000] [id=14488]
  0x00000205e9d95390 ConcurrentGCThread "G1 Refine#3" [stack: 0x0000009e5d300000,0x0000009e5d400000] [id=14552]
  0x00000205dde600a0 ConcurrentGCThread "G1 Service" [stack: 0x0000009e57600000,0x0000009e57700000] [id=592]

Threads with active compile tasks:

VM state: at safepoint (normal execution)

VM Mutex/Monitor currently owned by a thread:  ([mutex/lock_event])
[0x00000205bfe2b0d0] Threads_lock - owner thread: 0x00000205ddfb7860
[0x00000205bfe29e40] Heap_lock - owner thread: 0x00000205e114a380

Heap address: 0x0000000700000000, size: 4096 MB, Compressed Oops mode: Zero based, Oop shift amount: 3

CDS archive(s) not mapped
Compressed class space mapped at: 0x0000000800000000-0x0000000840000000, reserved size: 1073741824
Narrow klass base: 0x0000000800000000, Narrow klass shift: 0, Narrow klass range: 0x40000000

GC Precious Log:
 CPUs: 4 total, 4 available
 Memory: 8029M
 Large Page Support: Disabled
 NUMA Support: Disabled
 Compressed Oops: Enabled (Zero based)
 Heap Region Size: 2M
 Heap Min Capacity: 8M
 Heap Initial Capacity: 126M
 Heap Max Capacity: 4G
 Pre-touch: Disabled
 Parallel Workers: 4
 Concurrent Workers: 1
 Concurrent Refinement Workers: 4
 Periodic GC: Disabled

Heap:
 garbage-first heap   total 444416K, used 159021K [0x0000000700000000, 0x0000000800000000)
  region size 2048K, 2 young (4096K), 2 survivors (4096K)
 Metaspace       used 115044K, committed 116864K, reserved 1155072K
  class space    used 15365K, committed 16192K, reserved 1048576K

Heap Regions: E=young(eden), S=young(survivor), O=old, HS=humongous(starts), HC=humongous(continues), CS=collection set, F=free, OA=open archive, CA=closed archive, TAMS=top-at-mark-start (previous, next)
|   0|0x0000000700000000, 0x0000000700200000, 0x0000000700200000|100%| O|  |TAMS 0x0000000700200000, 0x0000000700000000| Untracked 
|   1|0x0000000700200000, 0x0000000700400000, 0x0000000700400000|100%|HS|  |TAMS 0x0000000700400000, 0x0000000700200000| Complete 
|   2|0x0000000700400000, 0x0000000700600000, 0x0000000700600000|100%|HC|  |TAMS 0x0000000700600000, 0x0000000700400000| Complete 
|   3|0x0000000700600000, 0x00000007007d1600, 0x0000000700800000| 90%| O|  |TAMS 0x00000007007d1600, 0x0000000700600000| Untracked 
|   4|0x0000000700800000, 0x0000000700a00000, 0x0000000700a00000|100%| O|  |TAMS 0x0000000700a00000, 0x0000000700800000| Untracked 
|   5|0x0000000700a00000, 0x0000000700c00000, 0x0000000700c00000|100%| O|  |TAMS 0x0000000700c00000, 0x0000000700a00000| Untracked 
|   6|0x0000000700c00000, 0x0000000700e00000, 0x0000000700e00000|100%| O|  |TAMS 0x0000000700e00000, 0x0000000700c00000| Untracked 
|   7|0x0000000700e00000, 0x0000000701000000, 0x0000000701000000|100%| O|  |TAMS 0x0000000701000000, 0x0000000700e00000| Untracked 
|   8|0x0000000701000000, 0x0000000701200000, 0x0000000701200000|100%| O|  |TAMS 0x0000000701200000, 0x0000000701000000| Untracked 
|   9|0x0000000701200000, 0x0000000701400000, 0x0000000701400000|100%| O|  |TAMS 0x0000000701400000, 0x0000000701200000| Untracked 
|  10|0x0000000701400000, 0x0000000701600000, 0x0000000701600000|100%| O|  |TAMS 0x0000000701600000, 0x0000000701400000| Untracked 
|  11|0x0000000701600000, 0x0000000701800000, 0x0000000701800000|100%| O|  |TAMS 0x0000000701800000, 0x0000000701600000| Untracked 
|  12|0x0000000701800000, 0x0000000701a00000, 0x0000000701a00000|100%| O|  |TAMS 0x0000000701a00000, 0x0000000701800000| Untracked 
|  13|0x0000000701a00000, 0x0000000701c00000, 0x0000000701c00000|100%| O|  |TAMS 0x0000000701c00000, 0x0000000701a00000| Untracked 
|  14|0x0000000701c00000, 0x0000000701e00000, 0x0000000701e00000|100%| O|  |TAMS 0x0000000701e00000, 0x0000000701c00000| Untracked 
|  15|0x0000000701e00000, 0x0000000702000000, 0x0000000702000000|100%| O|  |TAMS 0x0000000702000000, 0x0000000701e00000| Untracked 
|  16|0x0000000702000000, 0x0000000702200000, 0x0000000702200000|100%| O|  |TAMS 0x0000000702200000, 0x0000000702000000| Untracked 
|  17|0x0000000702200000, 0x0000000702400000, 0x0000000702400000|100%| O|  |TAMS 0x0000000702400000, 0x0000000702200000| Untracked 
|  18|0x0000000702400000, 0x0000000702600000, 0x0000000702600000|100%| O|  |TAMS 0x0000000702600000, 0x0000000702400000| Untracked 
|  19|0x0000000702600000, 0x0000000702800000, 0x0000000702800000|100%| O|  |TAMS 0x0000000702800000, 0x0000000702600000| Untracked 
|  20|0x0000000702800000, 0x0000000702a00000, 0x0000000702a00000|100%| O|  |TAMS 0x0000000702a00000, 0x0000000702800000| Untracked 
|  21|0x0000000702a00000, 0x0000000702c00000, 0x0000000702c00000|100%| O|  |TAMS 0x0000000702c00000, 0x0000000702a00000| Untracked 
|  22|0x0000000702c00000, 0x0000000702e00000, 0x0000000702e00000|100%| O|  |TAMS 0x0000000702e00000, 0x0000000702c00000| Untracked 
|  23|0x0000000702e00000, 0x0000000703000000, 0x0000000703000000|100%| O|  |TAMS 0x0000000702e00000, 0x0000000702e00000| Untracked 
|  24|0x0000000703000000, 0x0000000703200000, 0x0000000703200000|100%| O|  |TAMS 0x0000000703200000, 0x0000000703000000| Untracked 
|  25|0x0000000703200000, 0x0000000703400000, 0x0000000703400000|100%|HS|  |TAMS 0x0000000703400000, 0x0000000703200000| Complete 
|  26|0x0000000703400000, 0x0000000703600000, 0x0000000703600000|100%| O|  |TAMS 0x0000000703600000, 0x0000000703400000| Untracked 
|  27|0x0000000703600000, 0x0000000703800000, 0x0000000703800000|100%|HS|  |TAMS 0x0000000703800000, 0x0000000703600000| Complete 
|  28|0x0000000703800000, 0x0000000703a00000, 0x0000000703a00000|100%|HC|  |TAMS 0x0000000703a00000, 0x0000000703800000| Complete 
|  29|0x0000000703a00000, 0x0000000703c00000, 0x0000000703c00000|100%| O|  |TAMS 0x0000000703c00000, 0x0000000703a00000| Untracked 
|  30|0x0000000703c00000, 0x0000000703e00000, 0x0000000703e00000|100%| O|  |TAMS 0x0000000703e00000, 0x0000000703c00000| Untracked 
|  31|0x0000000703e00000, 0x0000000704000000, 0x0000000704000000|100%|HS|  |TAMS 0x0000000704000000, 0x0000000703e00000| Complete 
|  32|0x0000000704000000, 0x0000000704200000, 0x0000000704200000|100%| O|  |TAMS 0x0000000704200000, 0x0000000704000000| Untracked 
|  33|0x0000000704200000, 0x0000000704200000, 0x0000000704400000|  0%| F|  |TAMS 0x0000000704200000, 0x0000000704200000| Untracked 
|  34|0x0000000704400000, 0x0000000704600000, 0x0000000704600000|100%| O|  |TAMS 0x0000000704600000, 0x0000000704400000| Untracked 
|  35|0x0000000704600000, 0x0000000704800000, 0x0000000704800000|100%| O|  |TAMS 0x0000000704600000, 0x0000000704600000| Untracked 
|  36|0x0000000704800000, 0x0000000704a00000, 0x0000000704a00000|100%| O|  |TAMS 0x0000000704a00000, 0x0000000704800000| Untracked 
|  37|0x0000000704a00000, 0x0000000704c00000, 0x0000000704c00000|100%| O|  |TAMS 0x0000000704c00000, 0x0000000704a00000| Untracked 
|  38|0x0000000704c00000, 0x0000000704e00000, 0x0000000704e00000|100%| O|  |TAMS 0x0000000704e00000, 0x0000000704c00000| Untracked 
|  39|0x0000000704e00000, 0x0000000705000000, 0x0000000705000000|100%| O|  |TAMS 0x0000000705000000, 0x0000000704e00000| Untracked 
|  40|0x0000000705000000, 0x0000000705200000, 0x0000000705200000|100%| O|  |TAMS 0x0000000705200000, 0x0000000705000000| Untracked 
|  41|0x0000000705200000, 0x0000000705400000, 0x0000000705400000|100%| O|  |TAMS 0x000000070535f200, 0x0000000705200000| Untracked 
|  42|0x0000000705400000, 0x0000000705600000, 0x0000000705600000|100%| O|  |TAMS 0x0000000705400000, 0x0000000705400000| Untracked 
|  43|0x0000000705600000, 0x0000000705800000, 0x0000000705800000|100%| O|  |TAMS 0x0000000705600000, 0x0000000705600000| Untracked 
|  44|0x0000000705800000, 0x0000000705a00000, 0x0000000705a00000|100%| O|  |TAMS 0x0000000705a00000, 0x0000000705800000| Untracked 
|  45|0x0000000705a00000, 0x0000000705c00000, 0x0000000705c00000|100%| O|  |TAMS 0x0000000705a00000, 0x0000000705a00000| Untracked 
|  46|0x0000000705c00000, 0x0000000705e00000, 0x0000000705e00000|100%| O|  |TAMS 0x0000000705e00000, 0x0000000705c00000| Untracked 
|  47|0x0000000705e00000, 0x0000000706000000, 0x0000000706000000|100%| O|  |TAMS 0x0000000706000000, 0x0000000705e00000| Untracked 
|  48|0x0000000706000000, 0x0000000706200000, 0x0000000706200000|100%| O|  |TAMS 0x0000000706000000, 0x0000000706000000| Untracked 
|  49|0x0000000706200000, 0x0000000706400000, 0x0000000706400000|100%| O|  |TAMS 0x0000000706400000, 0x0000000706200000| Untracked 
|  50|0x0000000706400000, 0x0000000706600000, 0x0000000706600000|100%|HS|  |TAMS 0x0000000706600000, 0x0000000706400000| Complete 
|  51|0x0000000706600000, 0x0000000706800000, 0x0000000706800000|100%|HS|  |TAMS 0x0000000706800000, 0x0000000706600000| Complete 
|  52|0x0000000706800000, 0x0000000706a00000, 0x0000000706a00000|100%|HC|  |TAMS 0x0000000706a00000, 0x0000000706800000| Complete 
|  53|0x0000000706a00000, 0x0000000706c00000, 0x0000000706c00000|100%| O|  |TAMS 0x0000000706a00000, 0x0000000706a00000| Untracked 
|  54|0x0000000706c00000, 0x0000000706e00000, 0x0000000706e00000|100%| O|  |TAMS 0x0000000706e00000, 0x0000000706c00000| Untracked 
|  55|0x0000000706e00000, 0x0000000707000000, 0x0000000707000000|100%| O|  |TAMS 0x0000000706e00000, 0x0000000706e00000| Untracked 
|  56|0x0000000707000000, 0x0000000707200000, 0x0000000707200000|100%| O|  |TAMS 0x0000000707200000, 0x0000000707000000| Untracked 
|  57|0x0000000707200000, 0x0000000707400000, 0x0000000707400000|100%| O|  |TAMS 0x0000000707400000, 0x0000000707200000| Untracked 
|  58|0x0000000707400000, 0x0000000707600000, 0x0000000707600000|100%| O|  |TAMS 0x0000000707600000, 0x0000000707400000| Untracked 
|  59|0x0000000707600000, 0x0000000707800000, 0x0000000707800000|100%| O|  |TAMS 0x0000000707800000, 0x0000000707600000| Untracked 
|  60|0x0000000707800000, 0x0000000707a00000, 0x0000000707a00000|100%| O|  |TAMS 0x0000000707a00000, 0x0000000707800000| Untracked 
|  61|0x0000000707a00000, 0x0000000707c00000, 0x0000000707c00000|100%| O|  |TAMS 0x0000000707c00000, 0x0000000707a00000| Untracked 
|  62|0x0000000707c00000, 0x0000000707e00000, 0x0000000707e00000|100%| O|  |TAMS 0x0000000707e00000, 0x0000000707c00000| Untracked 
|  63|0x0000000707e00000, 0x0000000708000000, 0x0000000708000000|100%| O|  |TAMS 0x0000000707e00000, 0x0000000707e00000| Untracked 
|  64|0x0000000708000000, 0x0000000708200000, 0x0000000708200000|100%| O|  |TAMS 0x0000000708200000, 0x0000000708000000| Untracked 
|  65|0x0000000708200000, 0x0000000708200000, 0x0000000708400000|  0%| F|  |TAMS 0x0000000708200000, 0x0000000708200000| Untracked 
|  66|0x0000000708400000, 0x0000000708600000, 0x0000000708600000|100%| O|  |TAMS 0x0000000708600000, 0x0000000708400000| Untracked 
|  67|0x0000000708600000, 0x0000000708800000, 0x0000000708800000|100%| O|  |TAMS 0x0000000708800000, 0x0000000708600000| Untracked 
|  68|0x0000000708800000, 0x0000000708a00000, 0x0000000708a00000|100%| O|  |TAMS 0x0000000708a00000, 0x0000000708800000| Untracked 
|  69|0x0000000708a00000, 0x0000000708a00000, 0x0000000708c00000|  0%| F|  |TAMS 0x0000000708a00000, 0x0000000708a00000| Untracked 
|  70|0x0000000708c00000, 0x0000000708e00000, 0x0000000708e00000|100%| O|  |TAMS 0x0000000708c00000, 0x0000000708c00000| Untracked 
|  71|0x0000000708e00000, 0x0000000709000000, 0x0000000709000000|100%| O|  |TAMS 0x0000000708e00000, 0x0000000708e00000| Untracked 
|  72|0x0000000709000000, 0x0000000709200000, 0x0000000709200000|100%| O|  |TAMS 0x0000000709000000, 0x0000000709000000| Untracked 
|  73|0x0000000709200000, 0x0000000709400000, 0x0000000709400000|100%| O|  |TAMS 0x0000000709200000, 0x0000000709200000| Untracked 
|  74|0x0000000709400000, 0x0000000709600000, 0x0000000709600000|100%| O|  |TAMS 0x0000000709400000, 0x0000000709400000| Untracked 
|  75|0x0000000709600000, 0x0000000709800000, 0x0000000709800000|100%| O|  |TAMS 0x0000000709600000, 0x0000000709600000| Untracked 
|  76|0x0000000709800000, 0x0000000709a00000, 0x0000000709a00000|100%| O|  |TAMS 0x0000000709800000, 0x0000000709800000| Untracked 
|  77|0x0000000709a00000, 0x0000000709c00000, 0x0000000709c00000|100%| O|  |TAMS 0x0000000709a00000, 0x0000000709a00000| Untracked 
|  78|0x0000000709c00000, 0x0000000709e00000, 0x0000000709e00000|100%| O|  |TAMS 0x0000000709c00000, 0x0000000709c00000| Untracked 
|  79|0x0000000709e00000, 0x0000000709edb400, 0x000000070a000000| 42%| O|  |TAMS 0x0000000709e00000, 0x0000000709e00000| Untracked 
|  80|0x000000070a000000, 0x000000070a000000, 0x000000070a200000|  0%| F|  |TAMS 0x000000070a000000, 0x000000070a000000| Untracked 
|  81|0x000000070a200000, 0x000000070a200000, 0x000000070a400000|  0%| F|  |TAMS 0x000000070a200000, 0x000000070a200000| Untracked 
|  82|0x000000070a400000, 0x000000070a400000, 0x000000070a600000|  0%| F|  |TAMS 0x000000070a400000, 0x000000070a400000| Untracked 
|  83|0x000000070a600000, 0x000000070a600000, 0x000000070a800000|  0%| F|  |TAMS 0x000000070a600000, 0x000000070a600000| Untracked 
|  84|0x000000070a800000, 0x000000070a800000, 0x000000070aa00000|  0%| F|  |TAMS 0x000000070a800000, 0x000000070a800000| Untracked 
|  85|0x000000070aa00000, 0x000000070aa00000, 0x000000070ac00000|  0%| F|  |TAMS 0x000000070aa00000, 0x000000070aa00000| Untracked 
|  86|0x000000070ac00000, 0x000000070ac00000, 0x000000070ae00000|  0%| F|  |TAMS 0x000000070ac00000, 0x000000070ac00000| Untracked 
|  87|0x000000070ae00000, 0x000000070ae00000, 0x000000070b000000|  0%| F|  |TAMS 0x000000070ae00000, 0x000000070ae00000| Untracked 
|  88|0x000000070b000000, 0x000000070b000000, 0x000000070b200000|  0%| F|  |TAMS 0x000000070b000000, 0x000000070b000000| Untracked 
|  89|0x000000070b200000, 0x000000070b200000, 0x000000070b400000|  0%| F|  |TAMS 0x000000070b200000, 0x000000070b200000| Untracked 
|  90|0x000000070b400000, 0x000000070b400000, 0x000000070b600000|  0%| F|  |TAMS 0x000000070b400000, 0x000000070b400000| Untracked 
|  91|0x000000070b600000, 0x000000070b600000, 0x000000070b800000|  0%| F|  |TAMS 0x000000070b600000, 0x000000070b600000| Untracked 
|  92|0x000000070b800000, 0x000000070b800000, 0x000000070ba00000|  0%| F|  |TAMS 0x000000070b800000, 0x000000070b800000| Untracked 
|  93|0x000000070ba00000, 0x000000070ba00000, 0x000000070bc00000|  0%| F|  |TAMS 0x000000070ba00000, 0x000000070ba00000| Untracked 
|  94|0x000000070bc00000, 0x000000070bc00000, 0x000000070be00000|  0%| F|  |TAMS 0x000000070bc00000, 0x000000070bc00000| Untracked 
|  95|0x000000070be00000, 0x000000070be00000, 0x000000070c000000|  0%| F|  |TAMS 0x000000070be00000, 0x000000070be00000| Untracked 
|  96|0x000000070c000000, 0x000000070c000000, 0x000000070c200000|  0%| F|  |TAMS 0x000000070c000000, 0x000000070c000000| Untracked 
|  97|0x000000070c200000, 0x000000070c200000, 0x000000070c400000|  0%| F|  |TAMS 0x000000070c200000, 0x000000070c200000| Untracked 
|  98|0x000000070c400000, 0x000000070c400000, 0x000000070c600000|  0%| F|  |TAMS 0x000000070c400000, 0x000000070c400000| Untracked 
|  99|0x000000070c600000, 0x000000070c600000, 0x000000070c800000|  0%| F|  |TAMS 0x000000070c600000, 0x000000070c600000| Untracked 
| 100|0x000000070c800000, 0x000000070c800000, 0x000000070ca00000|  0%| F|  |TAMS 0x000000070c800000, 0x000000070c800000| Untracked 
| 101|0x000000070ca00000, 0x000000070ca00000, 0x000000070cc00000|  0%| F|  |TAMS 0x000000070ca00000, 0x000000070ca00000| Untracked 
| 102|0x000000070cc00000, 0x000000070cc00000, 0x000000070ce00000|  0%| F|  |TAMS 0x000000070cc00000, 0x000000070cc00000| Untracked 
| 103|0x000000070ce00000, 0x000000070ce00000, 0x000000070d000000|  0%| F|  |TAMS 0x000000070ce00000, 0x000000070ce00000| Untracked 
| 104|0x000000070d000000, 0x000000070d000000, 0x000000070d200000|  0%| F|  |TAMS 0x000000070d000000, 0x000000070d000000| Untracked 
| 105|0x000000070d200000, 0x000000070d200000, 0x000000070d400000|  0%| F|  |TAMS 0x000000070d200000, 0x000000070d200000| Untracked 
| 106|0x000000070d400000, 0x000000070d400000, 0x000000070d600000|  0%| F|  |TAMS 0x000000070d400000, 0x000000070d400000| Untracked 
| 107|0x000000070d600000, 0x000000070d600000, 0x000000070d800000|  0%| F|  |TAMS 0x000000070d600000, 0x000000070d600000| Untracked 
| 108|0x000000070d800000, 0x000000070d800000, 0x000000070da00000|  0%| F|  |TAMS 0x000000070d800000, 0x000000070d800000| Untracked 
| 109|0x000000070da00000, 0x000000070da00000, 0x000000070dc00000|  0%| F|  |TAMS 0x000000070da00000, 0x000000070da00000| Untracked 
| 110|0x000000070dc00000, 0x000000070dc00000, 0x000000070de00000|  0%| F|  |TAMS 0x000000070dc00000, 0x000000070dc00000| Untracked 
| 111|0x000000070de00000, 0x000000070de00000, 0x000000070e000000|  0%| F|  |TAMS 0x000000070de00000, 0x000000070de00000| Untracked 
| 112|0x000000070e000000, 0x000000070e000000, 0x000000070e200000|  0%| F|  |TAMS 0x000000070e000000, 0x000000070e000000| Untracked 
| 113|0x000000070e200000, 0x000000070e200000, 0x000000070e400000|  0%| F|  |TAMS 0x000000070e200000, 0x000000070e200000| Untracked 
| 114|0x000000070e400000, 0x000000070e400000, 0x000000070e600000|  0%| F|  |TAMS 0x000000070e400000, 0x000000070e400000| Untracked 
| 115|0x000000070e600000, 0x000000070e600000, 0x000000070e800000|  0%| F|  |TAMS 0x000000070e600000, 0x000000070e600000| Untracked 
| 116|0x000000070e800000, 0x000000070e800000, 0x000000070ea00000|  0%| F|  |TAMS 0x000000070e800000, 0x000000070e800000| Untracked 
| 117|0x000000070ea00000, 0x000000070ea00000, 0x000000070ec00000|  0%| F|  |TAMS 0x000000070ea00000, 0x000000070ea00000| Untracked 
| 118|0x000000070ec00000, 0x000000070ec00000, 0x000000070ee00000|  0%| F|  |TAMS 0x000000070ec00000, 0x000000070ec00000| Untracked 
| 119|0x000000070ee00000, 0x000000070ee00000, 0x000000070f000000|  0%| F|  |TAMS 0x000000070ee00000, 0x000000070ee00000| Untracked 
| 120|0x000000070f000000, 0x000000070f000000, 0x000000070f200000|  0%| F|  |TAMS 0x000000070f000000, 0x000000070f000000| Untracked 
| 121|0x000000070f200000, 0x000000070f200000, 0x000000070f400000|  0%| F|  |TAMS 0x000000070f200000, 0x000000070f200000| Untracked 
| 122|0x000000070f400000, 0x000000070f400000, 0x000000070f600000|  0%| F|  |TAMS 0x000000070f400000, 0x000000070f400000| Untracked 
| 123|0x000000070f600000, 0x000000070f600000, 0x000000070f800000|  0%| F|  |TAMS 0x000000070f600000, 0x000000070f600000| Untracked 
| 124|0x000000070f800000, 0x000000070f800000, 0x000000070fa00000|  0%| F|  |TAMS 0x000000070f800000, 0x000000070f800000| Untracked 
| 125|0x000000070fa00000, 0x000000070fa00000, 0x000000070fc00000|  0%| F|  |TAMS 0x000000070fa00000, 0x000000070fa00000| Untracked 
| 126|0x000000070fc00000, 0x000000070fc00000, 0x000000070fe00000|  0%| F|  |TAMS 0x000000070fc00000, 0x000000070fc00000| Untracked 
| 127|0x000000070fe00000, 0x000000070fe00000, 0x0000000710000000|  0%| F|  |TAMS 0x000000070fe00000, 0x000000070fe00000| Untracked 
| 128|0x0000000710000000, 0x0000000710000000, 0x0000000710200000|  0%| F|  |TAMS 0x0000000710000000, 0x0000000710000000| Untracked 
| 129|0x0000000710200000, 0x0000000710200000, 0x0000000710400000|  0%| F|  |TAMS 0x0000000710200000, 0x0000000710200000| Untracked 
| 130|0x0000000710400000, 0x0000000710400000, 0x0000000710600000|  0%| F|  |TAMS 0x0000000710400000, 0x0000000710400000| Untracked 
| 131|0x0000000710600000, 0x0000000710600000, 0x0000000710800000|  0%| F|  |TAMS 0x0000000710600000, 0x0000000710600000| Untracked 
| 132|0x0000000710800000, 0x0000000710800000, 0x0000000710a00000|  0%| F|  |TAMS 0x0000000710800000, 0x0000000710800000| Untracked 
| 133|0x0000000710a00000, 0x0000000710a00000, 0x0000000710c00000|  0%| F|  |TAMS 0x0000000710a00000, 0x0000000710a00000| Untracked 
| 134|0x0000000710c00000, 0x0000000710c00000, 0x0000000710e00000|  0%| F|  |TAMS 0x0000000710c00000, 0x0000000710c00000| Untracked 
| 135|0x0000000710e00000, 0x0000000710e00000, 0x0000000711000000|  0%| F|  |TAMS 0x0000000710e00000, 0x0000000710e00000| Untracked 
| 136|0x0000000711000000, 0x0000000711000000, 0x0000000711200000|  0%| F|  |TAMS 0x0000000711000000, 0x0000000711000000| Untracked 
| 137|0x0000000711200000, 0x0000000711200000, 0x0000000711400000|  0%| F|  |TAMS 0x0000000711200000, 0x0000000711200000| Untracked 
| 138|0x0000000711400000, 0x0000000711400000, 0x0000000711600000|  0%| F|  |TAMS 0x0000000711400000, 0x0000000711400000| Untracked 
| 139|0x0000000711600000, 0x0000000711600000, 0x0000000711800000|  0%| F|  |TAMS 0x0000000711600000, 0x0000000711600000| Untracked 
| 140|0x0000000711800000, 0x0000000711800000, 0x0000000711a00000|  0%| F|  |TAMS 0x0000000711800000, 0x0000000711800000| Untracked 
| 141|0x0000000711a00000, 0x0000000711a00000, 0x0000000711c00000|  0%| F|  |TAMS 0x0000000711a00000, 0x0000000711a00000| Untracked 
| 142|0x0000000711c00000, 0x0000000711c00000, 0x0000000711e00000|  0%| F|  |TAMS 0x0000000711c00000, 0x0000000711c00000| Untracked 
| 143|0x0000000711e00000, 0x0000000711e00000, 0x0000000712000000|  0%| F|  |TAMS 0x0000000711e00000, 0x0000000711e00000| Untracked 
| 144|0x0000000712000000, 0x0000000712000000, 0x0000000712200000|  0%| F|  |TAMS 0x0000000712000000, 0x0000000712000000| Untracked 
| 145|0x0000000712200000, 0x0000000712200000, 0x0000000712400000|  0%| F|  |TAMS 0x0000000712200000, 0x0000000712200000| Untracked 
| 146|0x0000000712400000, 0x0000000712400000, 0x0000000712600000|  0%| F|  |TAMS 0x0000000712400000, 0x0000000712400000| Untracked 
| 147|0x0000000712600000, 0x0000000712600000, 0x0000000712800000|  0%| F|  |TAMS 0x0000000712600000, 0x0000000712600000| Untracked 
| 148|0x0000000712800000, 0x0000000712800000, 0x0000000712a00000|  0%| F|  |TAMS 0x0000000712800000, 0x0000000712800000| Untracked 
| 149|0x0000000712a00000, 0x0000000712a00000, 0x0000000712c00000|  0%| F|  |TAMS 0x0000000712a00000, 0x0000000712a00000| Untracked 
| 150|0x0000000712c00000, 0x0000000712c00000, 0x0000000712e00000|  0%| F|  |TAMS 0x0000000712c00000, 0x0000000712c00000| Untracked 
| 151|0x0000000712e00000, 0x0000000712e00000, 0x0000000713000000|  0%| F|  |TAMS 0x0000000712e00000, 0x0000000712e00000| Untracked 
| 152|0x0000000713000000, 0x0000000713000000, 0x0000000713200000|  0%| F|  |TAMS 0x0000000713000000, 0x0000000713000000| Untracked 
| 153|0x0000000713200000, 0x0000000713200000, 0x0000000713400000|  0%| F|  |TAMS 0x0000000713200000, 0x0000000713200000| Untracked 
| 154|0x0000000713400000, 0x0000000713400000, 0x0000000713600000|  0%| F|  |TAMS 0x0000000713400000, 0x0000000713400000| Untracked 
| 155|0x0000000713600000, 0x0000000713600000, 0x0000000713800000|  0%| F|  |TAMS 0x0000000713600000, 0x0000000713600000| Untracked 
| 156|0x0000000713800000, 0x0000000713800000, 0x0000000713a00000|  0%| F|  |TAMS 0x0000000713800000, 0x0000000713800000| Untracked 
| 157|0x0000000713a00000, 0x0000000713a00000, 0x0000000713c00000|  0%| F|  |TAMS 0x0000000713a00000, 0x0000000713a00000| Untracked 
| 158|0x0000000713c00000, 0x0000000713c00000, 0x0000000713e00000|  0%| F|  |TAMS 0x0000000713c00000, 0x0000000713c00000| Untracked 
| 159|0x0000000713e00000, 0x0000000713e00000, 0x0000000714000000|  0%| F|  |TAMS 0x0000000713e00000, 0x0000000713e00000| Untracked 
| 160|0x0000000714000000, 0x0000000714000000, 0x0000000714200000|  0%| F|  |TAMS 0x0000000714000000, 0x0000000714000000| Untracked 
| 161|0x0000000714200000, 0x0000000714200000, 0x0000000714400000|  0%| F|  |TAMS 0x0000000714200000, 0x0000000714200000| Untracked 
| 162|0x0000000714400000, 0x0000000714400000, 0x0000000714600000|  0%| F|  |TAMS 0x0000000714400000, 0x0000000714400000| Untracked 
| 163|0x0000000714600000, 0x0000000714600000, 0x0000000714800000|  0%| F|  |TAMS 0x0000000714600000, 0x0000000714600000| Untracked 
| 164|0x0000000714800000, 0x0000000714800000, 0x0000000714a00000|  0%| F|  |TAMS 0x0000000714800000, 0x0000000714800000| Untracked 
| 165|0x0000000714a00000, 0x0000000714a00000, 0x0000000714c00000|  0%| F|  |TAMS 0x0000000714a00000, 0x0000000714a00000| Untracked 
| 166|0x0000000714c00000, 0x0000000714c00000, 0x0000000714e00000|  0%| F|  |TAMS 0x0000000714c00000, 0x0000000714c00000| Untracked 
| 167|0x0000000714e00000, 0x0000000714e00000, 0x0000000715000000|  0%| F|  |TAMS 0x0000000714e00000, 0x0000000714e00000| Untracked 
| 168|0x0000000715000000, 0x0000000715000000, 0x0000000715200000|  0%| F|  |TAMS 0x0000000715000000, 0x0000000715000000| Untracked 
| 169|0x0000000715200000, 0x0000000715200000, 0x0000000715400000|  0%| F|  |TAMS 0x0000000715200000, 0x0000000715200000| Untracked 
| 170|0x0000000715400000, 0x0000000715400000, 0x0000000715600000|  0%| F|  |TAMS 0x0000000715400000, 0x0000000715400000| Untracked 
| 171|0x0000000715600000, 0x0000000715600000, 0x0000000715800000|  0%| F|  |TAMS 0x0000000715600000, 0x0000000715600000| Untracked 
| 172|0x0000000715800000, 0x0000000715800000, 0x0000000715a00000|  0%| F|  |TAMS 0x0000000715800000, 0x0000000715800000| Untracked 
| 173|0x0000000715a00000, 0x0000000715a00000, 0x0000000715c00000|  0%| F|  |TAMS 0x0000000715a00000, 0x0000000715a00000| Untracked 
| 174|0x0000000715c00000, 0x0000000715c00000, 0x0000000715e00000|  0%| F|  |TAMS 0x0000000715c00000, 0x0000000715c00000| Untracked 
| 175|0x0000000715e00000, 0x0000000715e00000, 0x0000000716000000|  0%| F|  |TAMS 0x0000000715e00000, 0x0000000715e00000| Untracked 
| 176|0x0000000716000000, 0x0000000716000000, 0x0000000716200000|  0%| F|  |TAMS 0x0000000716000000, 0x0000000716000000| Untracked 
| 177|0x0000000716200000, 0x0000000716200000, 0x0000000716400000|  0%| F|  |TAMS 0x0000000716200000, 0x0000000716200000| Untracked 
| 178|0x0000000716400000, 0x0000000716400000, 0x0000000716600000|  0%| F|  |TAMS 0x0000000716400000, 0x0000000716400000| Untracked 
| 179|0x0000000716600000, 0x0000000716600000, 0x0000000716800000|  0%| F|  |TAMS 0x0000000716600000, 0x0000000716600000| Untracked 
| 180|0x0000000716800000, 0x0000000716800000, 0x0000000716a00000|  0%| F|  |TAMS 0x0000000716800000, 0x0000000716800000| Untracked 
| 181|0x0000000716a00000, 0x0000000716a00000, 0x0000000716c00000|  0%| F|  |TAMS 0x0000000716a00000, 0x0000000716a00000| Untracked 
| 182|0x0000000716c00000, 0x0000000716c00000, 0x0000000716e00000|  0%| F|  |TAMS 0x0000000716c00000, 0x0000000716c00000| Untracked 
| 183|0x0000000716e00000, 0x0000000716e00000, 0x0000000717000000|  0%| F|  |TAMS 0x0000000716e00000, 0x0000000716e00000| Untracked 
| 184|0x0000000717000000, 0x0000000717000000, 0x0000000717200000|  0%| F|  |TAMS 0x0000000717000000, 0x0000000717000000| Untracked 
| 185|0x0000000717200000, 0x0000000717200000, 0x0000000717400000|  0%| F|  |TAMS 0x0000000717200000, 0x0000000717200000| Untracked 
| 186|0x0000000717400000, 0x0000000717400000, 0x0000000717600000|  0%| F|  |TAMS 0x0000000717400000, 0x0000000717400000| Untracked 
| 187|0x0000000717600000, 0x0000000717600000, 0x0000000717800000|  0%| F|  |TAMS 0x0000000717600000, 0x0000000717600000| Untracked 
| 188|0x0000000717800000, 0x0000000717800000, 0x0000000717a00000|  0%| F|  |TAMS 0x0000000717800000, 0x0000000717800000| Untracked 
| 189|0x0000000717a00000, 0x0000000717a00000, 0x0000000717c00000|  0%| F|  |TAMS 0x0000000717a00000, 0x0000000717a00000| Untracked 
| 190|0x0000000717c00000, 0x0000000717c00000, 0x0000000717e00000|  0%| F|  |TAMS 0x0000000717c00000, 0x0000000717c00000| Untracked 
| 191|0x0000000717e00000, 0x0000000717e00000, 0x0000000718000000|  0%| F|  |TAMS 0x0000000717e00000, 0x0000000717e00000| Untracked 
| 192|0x0000000718000000, 0x0000000718000000, 0x0000000718200000|  0%| F|  |TAMS 0x0000000718000000, 0x0000000718000000| Untracked 
| 193|0x0000000718200000, 0x0000000718200000, 0x0000000718400000|  0%| F|  |TAMS 0x0000000718200000, 0x0000000718200000| Untracked 
| 194|0x0000000718400000, 0x0000000718400000, 0x0000000718600000|  0%| F|  |TAMS 0x0000000718400000, 0x0000000718400000| Untracked 
| 195|0x0000000718600000, 0x0000000718600000, 0x0000000718800000|  0%| F|  |TAMS 0x0000000718600000, 0x0000000718600000| Untracked 
| 196|0x0000000718800000, 0x0000000718800000, 0x0000000718a00000|  0%| F|  |TAMS 0x0000000718800000, 0x0000000718800000| Untracked 
| 197|0x0000000718a00000, 0x0000000718a00000, 0x0000000718c00000|  0%| F|  |TAMS 0x0000000718a00000, 0x0000000718a00000| Untracked 
| 198|0x0000000718c00000, 0x0000000718c00000, 0x0000000718e00000|  0%| F|  |TAMS 0x0000000718c00000, 0x0000000718c00000| Untracked 
| 199|0x0000000718e00000, 0x0000000718e00000, 0x0000000719000000|  0%| F|  |TAMS 0x0000000718e00000, 0x0000000718e00000| Untracked 
| 200|0x0000000719000000, 0x0000000719000000, 0x0000000719200000|  0%| F|  |TAMS 0x0000000719000000, 0x0000000719000000| Untracked 
| 201|0x0000000719200000, 0x0000000719200000, 0x0000000719400000|  0%| F|  |TAMS 0x0000000719200000, 0x0000000719200000| Untracked 
| 202|0x0000000719400000, 0x0000000719400000, 0x0000000719600000|  0%| F|  |TAMS 0x0000000719400000, 0x0000000719400000| Untracked 
| 203|0x0000000719600000, 0x0000000719600000, 0x0000000719800000|  0%| F|  |TAMS 0x0000000719600000, 0x0000000719600000| Untracked 
| 204|0x0000000719800000, 0x0000000719800000, 0x0000000719a00000|  0%| F|  |TAMS 0x0000000719800000, 0x0000000719800000| Untracked 
| 205|0x0000000719a00000, 0x0000000719a00000, 0x0000000719c00000|  0%| F|  |TAMS 0x0000000719a00000, 0x0000000719a00000| Untracked 
| 206|0x0000000719c00000, 0x0000000719c00000, 0x0000000719e00000|  0%| F|  |TAMS 0x0000000719c00000, 0x0000000719c00000| Untracked 
| 207|0x0000000719e00000, 0x0000000719e00000, 0x000000071a000000|  0%| F|  |TAMS 0x0000000719e00000, 0x0000000719e00000| Untracked 
| 208|0x000000071a000000, 0x000000071a000000, 0x000000071a200000|  0%| F|  |TAMS 0x000000071a000000, 0x000000071a000000| Untracked 
| 209|0x000000071a200000, 0x000000071a200000, 0x000000071a400000|  0%| F|  |TAMS 0x000000071a200000, 0x000000071a200000| Untracked 
| 210|0x000000071a400000, 0x000000071a400000, 0x000000071a600000|  0%| F|  |TAMS 0x000000071a400000, 0x000000071a400000| Untracked 
| 211|0x000000071a600000, 0x000000071a69ebd8, 0x000000071a800000| 31%| S|CS|TAMS 0x000000071a600000, 0x000000071a600000| Complete 
| 212|0x000000071a800000, 0x000000071aa00000, 0x000000071aa00000|100%| S|CS|TAMS 0x000000071a800000, 0x000000071a800000| Complete 
| 213|0x000000071aa00000, 0x000000071aa00000, 0x000000071ac00000|  0%| F|  |TAMS 0x000000071aa00000, 0x000000071aa00000| Untracked 
| 214|0x000000071ac00000, 0x000000071ac00000, 0x000000071ae00000|  0%| F|  |TAMS 0x000000071ac00000, 0x000000071ac00000| Untracked 
| 215|0x000000071ae00000, 0x000000071ae00000, 0x000000071b000000|  0%| F|  |TAMS 0x000000071ae00000, 0x000000071ae00000| Untracked 
| 216|0x000000071b000000, 0x000000071b000000, 0x000000071b200000|  0%| F|  |TAMS 0x000000071b000000, 0x000000071b000000| Untracked 

Card table byte_map: [0x00000205d2af0000,0x00000205d32f0000] _byte_map_base: 0x00000205cf2f0000

Marking Bits (Prev, Next): (CMBitMap*) 0x00000205bfe9d3f0, (CMBitMap*) 0x00000205bfe9d430
 Prev Bits: [0x00000205d3af0000, 0x00000205d7af0000)
 Next Bits: [0x00000205d7af0000, 0x00000205dbaf0000)

Polling page: 0x00000205bf5f0000

Metaspace:

Usage:
  Non-class:     97.34 MB used.
      Class:     15.00 MB used.
       Both:    112.35 MB used.

Virtual space:
  Non-class space:      104.00 MB reserved,      98.31 MB ( 95%) committed,  13 nodes.
      Class space:        1.00 GB reserved,      15.81 MB (  2%) committed,  1 nodes.
             Both:        1.10 GB reserved,     114.12 MB ( 10%) committed. 

Chunk freelists:
   Non-Class:  1.99 MB
       Class:  308.00 KB
        Both:  2.29 MB

MaxMetaspaceSize: unlimited
CompressedClassSpaceSize: 1.00 GB
Initial GC threshold: 21.00 MB
Current GC threshold: 190.12 MB
CDS: off
MetaspaceReclaimPolicy: balanced
 - commit_granule_bytes: 65536.
 - commit_granule_words: 8192.
 - virtual_space_node_default_size: 1048576.
 - enlarge_chunks_in_place: 1.
 - new_chunks_are_fully_committed: 0.
 - uncommit_free_chunks: 1.
 - use_allocation_guard: 0.
 - handle_deallocations: 1.


Internal statistics:

num_allocs_failed_limit: 6.
num_arena_births: 2338.
num_arena_deaths: 728.
num_vsnodes_births: 14.
num_vsnodes_deaths: 0.
num_space_committed: 1826.
num_space_uncommitted: 0.
num_chunks_returned_to_freelist: 952.
num_chunks_taken_from_freelist: 7551.
num_chunk_merges: 325.
num_chunk_splits: 4440.
num_chunks_enlarged: 2522.
num_purges: 4.
num_inconsistent_stats: 0.

CodeHeap 'non-profiled nmethods': size=120000Kb used=15692Kb max_used=15692Kb free=104308Kb
 bounds [0x00000205cadc0000, 0x00000205cbd20000, 0x00000205d22f0000]
CodeHeap 'profiled nmethods': size=120000Kb used=31035Kb max_used=31679Kb free=88964Kb
 bounds [0x00000205c32f0000, 0x00000205c5210000, 0x00000205ca820000]
CodeHeap 'non-nmethods': size=5760Kb used=2415Kb max_used=2571Kb free=3345Kb
 bounds [0x00000205ca820000, 0x00000205caab0000, 0x00000205cadc0000]
 total_blobs=17335 nmethods=16384 adapters=862
 compilation: enabled
              stopped_count=0, restarted_count=0
 full_count=0

Compilation events (20 events):
Event: 10792.273 Thread 0x00000205dec3db60 20408       1       org.gradle.groovy.scripts.internal.CrossBuildInMemoryCachingScriptClassCache$CachedCompiledScript::access$000 (5 bytes)
Event: 10792.274 Thread 0x00000205dec3db60 nmethod 20408 0x00000205cbd11410 code [0x00000205cbd115a0, 0x00000205cbd11658]
Event: 10792.286 Thread 0x00000205dec3db60 20409       3       groovy.lang.MissingMethodException::<init> (37 bytes)
Event: 10792.286 Thread 0x00000205dec3db60 nmethod 20409 0x00000205c457c590 code [0x00000205c457c760, 0x00000205c457cc28]
Event: 10792.304 Thread 0x00000205dec3db60 20410       3       org.gradle.internal.deprecation.DeprecatedFeatureUsage::append (23 bytes)
Event: 10792.304 Thread 0x00000205dec3db60 nmethod 20410 0x00000205c4503b90 code [0x00000205c4503d60, 0x00000205c4504138]
Event: 10792.306 Thread 0x00000205dec3db60 20411       3       org.gradle.internal.classpath.Instrumented$1::systemPropertyQueried (1 bytes)
Event: 10792.306 Thread 0x00000205dec3db60 nmethod 20411 0x00000205c4741390 code [0x00000205c4741520, 0x00000205c4741638]
Event: 10792.317 Thread 0x00000205dec3d0c0 20412       4       org.gradle.api.internal.collections.IterationOrderRetainingSetElementSource::iterator (21 bytes)
Event: 10792.329 Thread 0x00000205dec3d0c0 nmethod 20412 0x00000205cbd11710 code [0x00000205cbd118c0, 0x00000205cbd11c58]
Event: 10792.334 Thread 0x00000205dec3db60 20413       3       com.google.common.collect.ImmutableSet$Builder::build (24 bytes)
Event: 10792.335 Thread 0x00000205dec3db60 nmethod 20413 0x00000205c446c290 code [0x00000205c446c440, 0x00000205c446c758]
Event: 10792.550 Thread 0x00000205dec3db60 20414       1       org.gradle.configuration.project.LifecycleProjectEvaluator::access$200 (5 bytes)
Event: 10792.550 Thread 0x00000205dec3db60 nmethod 20414 0x00000205cbd12090 code [0x00000205cbd12220, 0x00000205cbd122d8]
Event: 10792.562 Thread 0x00000205dec3d0c0 20415       4       org.gradle.api.internal.artifacts.configurations.DefaultConfigurationContainer::doCreate (6 bytes)
Event: 10792.563 Thread 0x00000205dec3d0c0 nmethod 20415 0x00000205cbd12390 code [0x00000205cbd12520, 0x00000205cbd12618]
Event: 10792.563 Thread 0x00000205dec3d0c0 20416       4       org.gradle.api.internal.artifacts.configurations.DefaultConfigurationContainer::doCreate (24 bytes)
Event: 10792.564 Thread 0x00000205dec3d0c0 nmethod 20416 0x00000205cbd12790 code [0x00000205cbd12920, 0x00000205cbd12a18]
Event: 10792.566 Thread 0x00000205dec3d0c0 20417       4       org.gradle.api.internal.artifacts.configurations.DefaultConfigurationContainer$$Lambda$372/0x00000008004eaf08::execute (12 bytes)
Event: 10792.567 Thread 0x00000205dec3d0c0 nmethod 20417 0x00000205cbd12b90 code [0x00000205cbd12d20, 0x00000205cbd12e78]

GC Heap History (20 events):
Event: 4978.227 GC heap after
{Heap after GC invocations=95 (full 0):
 garbage-first heap   total 444416K, used 195206K [0x0000000700000000, 0x0000000800000000)
  region size 2048K, 1 young (2048K), 1 survivors (2048K)
 Metaspace       used 114847K, committed 116288K, reserved 1155072K
  class space    used 15445K, committed 16064K, reserved 1048576K
}
Event: 6570.800 GC heap before
{Heap before GC invocations=95 (full 0):
 garbage-first heap   total 444416K, used 213638K [0x0000000700000000, 0x0000000800000000)
  region size 2048K, 10 young (20480K), 1 survivors (2048K)
 Metaspace       used 114851K, committed 116288K, reserved 1155072K
  class space    used 15445K, committed 16064K, reserved 1048576K
}
Event: 6570.860 GC heap after
{Heap after GC invocations=96 (full 0):
 garbage-first heap   total 444416K, used 189878K [0x0000000700000000, 0x0000000800000000)
  region size 2048K, 1 young (2048K), 1 survivors (2048K)
 Metaspace       used 114851K, committed 116288K, reserved 1155072K
  class space    used 15445K, committed 16064K, reserved 1048576K
}
Event: 6687.332 GC heap before
{Heap before GC invocations=96 (full 0):
 garbage-first heap   total 444416K, used 208310K [0x0000000700000000, 0x0000000800000000)
  region size 2048K, 10 young (20480K), 1 survivors (2048K)
 Metaspace       used 114851K, committed 116288K, reserved 1155072K
  class space    used 15445K, committed 16064K, reserved 1048576K
}
Event: 6687.596 GC heap after
{Heap after GC invocations=97 (full 0):
 garbage-first heap   total 444416K, used 186854K [0x0000000700000000, 0x0000000800000000)
  region size 2048K, 1 young (2048K), 1 survivors (2048K)
 Metaspace       used 114851K, committed 116288K, reserved 1155072K
  class space    used 15445K, committed 16064K, reserved 1048576K
}
Event: 10752.877 GC heap before
{Heap before GC invocations=97 (full 0):
 garbage-first heap   total 444416K, used 344550K [0x0000000700000000, 0x0000000800000000)
  region size 2048K, 79 young (161792K), 1 survivors (2048K)
 Metaspace       used 115318K, committed 116800K, reserved 1155072K
  class space    used 15516K, committed 16192K, reserved 1048576K
}
Event: 10752.976 GC heap after
{Heap after GC invocations=98 (full 0):
 garbage-first heap   total 444416K, used 193474K [0x0000000700000000, 0x0000000800000000)
  region size 2048K, 4 young (8192K), 4 survivors (8192K)
 Metaspace       used 115318K, committed 116800K, reserved 1155072K
  class space    used 15516K, committed 16192K, reserved 1048576K
}
Event: 10762.733 GC heap before
{Heap before GC invocations=99 (full 0):
 garbage-first heap   total 444416K, used 289730K [0x0000000700000000, 0x0000000800000000)
  region size 2048K, 59 young (120832K), 4 survivors (8192K)
 Metaspace       used 114620K, committed 116864K, reserved 1155072K
  class space    used 15321K, committed 16192K, reserved 1048576K
}
Event: 10762.762 GC heap after
{Heap after GC invocations=100 (full 0):
 garbage-first heap   total 444416K, used 183879K [0x0000000700000000, 0x0000000800000000)
  region size 2048K, 7 young (14336K), 7 survivors (14336K)
 Metaspace       used 114620K, committed 116864K, reserved 1155072K
  class space    used 15321K, committed 16192K, reserved 1048576K
}
Event: 10762.914 GC heap before
{Heap before GC invocations=100 (full 0):
 garbage-first heap   total 444416K, used 190023K [0x0000000700000000, 0x0000000800000000)
  region size 2048K, 10 young (20480K), 7 survivors (14336K)
 Metaspace       used 114627K, committed 116864K, reserved 1155072K
  class space    used 15323K, committed 16192K, reserved 1048576K
}
Event: 10763.074 GC heap after
{Heap after GC invocations=101 (full 0):
 garbage-first heap   total 444416K, used 142316K [0x0000000700000000, 0x0000000800000000)
  region size 2048K, 1 young (2048K), 1 survivors (2048K)
 Metaspace       used 114627K, committed 116864K, reserved 1155072K
  class space    used 15323K, committed 16192K, reserved 1048576K
}
Event: 10763.568 GC heap before
{Heap before GC invocations=101 (full 0):
 garbage-first heap   total 444416K, used 160748K [0x0000000700000000, 0x0000000800000000)
  region size 2048K, 10 young (20480K), 1 survivors (2048K)
 Metaspace       used 114643K, committed 116864K, reserved 1155072K
  class space    used 15328K, committed 16192K, reserved 1048576K
}
Event: 10763.610 GC heap after
{Heap after GC invocations=102 (full 0):
 garbage-first heap   total 444416K, used 130294K [0x0000000700000000, 0x0000000800000000)
  region size 2048K, 1 young (2048K), 1 survivors (2048K)
 Metaspace       used 114643K, committed 116864K, reserved 1155072K
  class space    used 15328K, committed 16192K, reserved 1048576K
}
Event: 10763.914 GC heap before
{Heap before GC invocations=102 (full 0):
 garbage-first heap   total 444416K, used 148726K [0x0000000700000000, 0x0000000800000000)
  region size 2048K, 10 young (20480K), 1 survivors (2048K)
 Metaspace       used 114659K, committed 116864K, reserved 1155072K
  class space    used 15333K, committed 16192K, reserved 1048576K
}
Event: 10763.946 GC heap after
{Heap after GC invocations=103 (full 0):
 garbage-first heap   total 444416K, used 126307K [0x0000000700000000, 0x0000000800000000)
  region size 2048K, 2 young (4096K), 2 survivors (4096K)
 Metaspace       used 114659K, committed 116864K, reserved 1155072K
  class space    used 15333K, committed 16192K, reserved 1048576K
}
Event: 10784.264 GC heap before
{Heap before GC invocations=103 (full 0):
 garbage-first heap   total 444416K, used 349539K [0x0000000700000000, 0x0000000800000000)
  region size 2048K, 111 young (227328K), 2 survivors (4096K)
 Metaspace       used 115019K, committed 116864K, reserved 1155072K
  class space    used 15373K, committed 16192K, reserved 1048576K
}
Event: 10784.436 GC heap after
{Heap after GC invocations=104 (full 0):
 garbage-first heap   total 444416K, used 148251K [0x0000000700000000, 0x0000000800000000)
  region size 2048K, 12 young (24576K), 12 survivors (24576K)
 Metaspace       used 115019K, committed 116864K, reserved 1155072K
  class space    used 15373K, committed 16192K, reserved 1048576K
}
Event: 10790.827 GC heap before
{Heap before GC invocations=105 (full 0):
 garbage-first heap   total 444416K, used 224027K [0x0000000700000000, 0x0000000800000000)
  region size 2048K, 49 young (100352K), 12 survivors (24576K)
 Metaspace       used 115040K, committed 116864K, reserved 1155072K
  class space    used 15364K, committed 16192K, reserved 1048576K
}
Event: 10791.002 GC heap after
{Heap after GC invocations=106 (full 0):
 garbage-first heap   total 444416K, used 159400K [0x0000000700000000, 0x0000000800000000)
  region size 2048K, 6 young (12288K), 6 survivors (12288K)
 Metaspace       used 115040K, committed 116864K, reserved 1155072K
  class space    used 15364K, committed 16192K, reserved 1048576K
}
Event: 10792.568 GC heap before
{Heap before GC invocations=106 (full 0):
 garbage-first heap   total 444416K, used 167592K [0x0000000700000000, 0x0000000800000000)
  region size 2048K, 10 young (20480K), 6 survivors (12288K)
 Metaspace       used 115044K, committed 116864K, reserved 1155072K
  class space    used 15365K, committed 16192K, reserved 1048576K
}

Dll operation events (2 events):
Event: 0.008 Loaded shared library D:\Aplication\Android\Android Studio\jbr\bin\java.dll
Event: 1.422 Loaded shared library D:\Aplication\Android\Android Studio\jbr\bin\verify.dll

Deoptimization events (20 events):
Event: 10758.739 Thread 0x00000205e114a380 DEOPT PACKING pc=0x00000205cb4d2bf4 sp=0x0000009e58cf1740
Event: 10758.740 Thread 0x00000205e114a380 DEOPT UNPACKING pc=0x00000205ca8769a3 sp=0x0000009e58cf1620 mode 2
Event: 10761.789 Thread 0x00000205e114a380 Uncommon trap: trap_request=0xffffff45 fr.pc=0x00000205cb657c6c relative=0x000000000000426c
Event: 10761.789 Thread 0x00000205e114a380 Uncommon trap: reason=unstable_if action=reinterpret pc=0x00000205cb657c6c method=java.lang.ref.SoftReference.get()Ljava/lang/Object; @ 6 c2
Event: 10761.789 Thread 0x00000205e114a380 DEOPT PACKING pc=0x00000205cb657c6c sp=0x0000009e58cf2eb0
Event: 10761.789 Thread 0x00000205e114a380 DEOPT UNPACKING pc=0x00000205ca8769a3 sp=0x0000009e58cf2c38 mode 2
Event: 10761.881 Thread 0x00000205e114a380 Uncommon trap: trap_request=0xffffff45 fr.pc=0x00000205cb87f268 relative=0x0000000000001968
Event: 10761.881 Thread 0x00000205e114a380 Uncommon trap: reason=unstable_if action=reinterpret pc=0x00000205cb87f268 method=java.lang.ref.SoftReference.get()Ljava/lang/Object; @ 6 c2
Event: 10761.881 Thread 0x00000205e114a380 DEOPT PACKING pc=0x00000205cb87f268 sp=0x0000009e58cf0950
Event: 10761.881 Thread 0x00000205e114a380 DEOPT UNPACKING pc=0x00000205ca8769a3 sp=0x0000009e58cf0780 mode 2
Event: 10765.022 Thread 0x00000205e1ed4540 Uncommon trap: trap_request=0xffffffd6 fr.pc=0x00000205cb6a79c0 relative=0x0000000000000e80
Event: 10765.022 Thread 0x00000205e1ed4540 Uncommon trap: reason=array_check action=maybe_recompile pc=0x00000205cb6a79c0 method=java.util.ComparableTimSort.binarySort([Ljava/lang/Object;III)V @ 215 c2
Event: 10765.022 Thread 0x00000205e1ed4540 DEOPT PACKING pc=0x00000205cb6a79c0 sp=0x0000009e590fd810
Event: 10765.022 Thread 0x00000205e1ed4540 DEOPT UNPACKING pc=0x00000205ca8769a3 sp=0x0000009e590fd7e0 mode 2
Event: 10774.948 Thread 0x00000205e114a380 Uncommon trap: trap_request=0xffffffc6 fr.pc=0x00000205cbb6e538 relative=0x00000000000002f8
Event: 10774.948 Thread 0x00000205e114a380 Uncommon trap: reason=bimorphic_or_optimized_type_check action=maybe_recompile pc=0x00000205cbb6e538 method=com.google.common.cache.LocalCache$Segment.enqueueNotification(Ljava/lang/Object;ILjava/lang/Object;ILcom/google/common/cache/RemovalCause;)V @ 14 
Event: 10774.948 Thread 0x00000205e114a380 DEOPT PACKING pc=0x00000205cbb6e538 sp=0x0000009e58cf87e0
Event: 10774.948 Thread 0x00000205e114a380 DEOPT UNPACKING pc=0x00000205ca8769a3 sp=0x0000009e58cf87a8 mode 2
Event: 10786.865 Thread 0x00000205e114a380 DEOPT PACKING pc=0x00000205c4cc2ee1 sp=0x0000009e58cf7d30
Event: 10786.865 Thread 0x00000205e114a380 DEOPT UNPACKING pc=0x00000205ca877143 sp=0x0000009e58cf7190 mode 0

Classes unloaded (20 events):
Event: 10754.023 Thread 0x00000205ddfb7860 Unloading class 0x0000000800190c00 'java/lang/invoke/LambdaForm$MH+0x0000000800190c00'
Event: 10754.023 Thread 0x00000205ddfb7860 Unloading class 0x00000008000a6c00 'java/lang/invoke/LambdaForm$MH+0x00000008000a6c00'
Event: 10754.023 Thread 0x00000205ddfb7860 Unloading class 0x00000008000a6800 'java/lang/invoke/LambdaForm$MH+0x00000008000a6800'
Event: 10754.023 Thread 0x00000205ddfb7860 Unloading class 0x00000008000a6000 'java/lang/invoke/LambdaForm$MH+0x00000008000a6000'
Event: 10754.023 Thread 0x00000205ddfb7860 Unloading class 0x00000008000a4400 'java/lang/invoke/LambdaForm$MH+0x00000008000a4400'
Event: 10784.818 Thread 0x00000205ddfb7860 Unloading class 0x0000000800fe2800 'jdk/internal/reflect/GeneratedSerializationConstructorAccessor117'
Event: 10784.818 Thread 0x00000205ddfb7860 Unloading class 0x0000000800fe2400 'jdk/internal/reflect/GeneratedSerializationConstructorAccessor116'
Event: 10784.818 Thread 0x00000205ddfb7860 Unloading class 0x0000000800fe2000 'jdk/internal/reflect/GeneratedSerializationConstructorAccessor115'
Event: 10784.818 Thread 0x00000205ddfb7860 Unloading class 0x0000000800fe1c00 'jdk/internal/reflect/GeneratedSerializationConstructorAccessor114'
Event: 10784.818 Thread 0x00000205ddfb7860 Unloading class 0x0000000800fe1800 'jdk/internal/reflect/GeneratedSerializationConstructorAccessor113'
Event: 10784.818 Thread 0x00000205ddfb7860 Unloading class 0x0000000800fe1400 'jdk/internal/reflect/GeneratedSerializationConstructorAccessor112'
Event: 10784.818 Thread 0x00000205ddfb7860 Unloading class 0x0000000800fe1000 'jdk/internal/reflect/GeneratedSerializationConstructorAccessor111'
Event: 10784.818 Thread 0x00000205ddfb7860 Unloading class 0x0000000800fe0c00 'jdk/internal/reflect/GeneratedSerializationConstructorAccessor110'
Event: 10784.818 Thread 0x00000205ddfb7860 Unloading class 0x0000000800fe0800 'jdk/internal/reflect/GeneratedSerializationConstructorAccessor109'
Event: 10784.819 Thread 0x00000205ddfb7860 Unloading class 0x0000000800fe0400 'jdk/internal/reflect/GeneratedSerializationConstructorAccessor108'
Event: 10784.819 Thread 0x00000205ddfb7860 Unloading class 0x0000000800fe0000 'jdk/internal/reflect/GeneratedSerializationConstructorAccessor107'
Event: 10784.819 Thread 0x00000205ddfb7860 Unloading class 0x0000000800fde400 'jdk/internal/reflect/GeneratedSerializationConstructorAccessor106'
Event: 10784.819 Thread 0x00000205ddfb7860 Unloading class 0x0000000800fde000 'jdk/internal/reflect/GeneratedSerializationConstructorAccessor105'
Event: 10784.819 Thread 0x00000205ddfb7860 Unloading class 0x0000000800fdc400 'jdk/internal/reflect/GeneratedSerializationConstructorAccessor104'
Event: 10784.819 Thread 0x00000205ddfb7860 Unloading class 0x0000000800fdc000 'jdk/internal/reflect/GeneratedSerializationConstructorAccessor103'

Classes redefined (0 events):
No events

Internal exceptions (20 events):
Event: 10755.200 Thread 0x00000205e114a380 Implicit null exception at 0x00000205cba8db46 to 0x00000205cba8f240
Event: 10755.206 Thread 0x00000205e114a380 Exception <a 'java/lang/NoSuchMethodError'{0x000000071a833280}: static Lorg/jetbrains/kotlin/gradle/plugin/internal/DefaultConfigurationTimePropertiesAccessorVariantFactory;.<clinit>()V> (0x000000071a833280) 
thrown [s\src\hotspot\share\prims\jni.cpp, line 1108]
Event: 10755.209 Thread 0x00000205e114a380 Exception <a 'java/lang/NoSuchMethodError'{0x000000071a84b240}: static Lorg/jetbrains/kotlin/gradle/plugin/internal/ProjectIsolationStartParameterAccessorG76$Factory;.<clinit>()V> (0x000000071a84b240) 
thrown [s\src\hotspot\share\prims\jni.cpp, line 1108]
Event: 10755.215 Thread 0x00000205e114a380 Exception <a 'java/lang/NoSuchMethodError'{0x000000071a863150}: static Lorg/jetbrains/kotlin/gradle/plugin/internal/DefaultMppTestReportHelperVariantFactory;.<clinit>()V> (0x000000071a863150) 
thrown [s\src\hotspot\share\prims\jni.cpp, line 1108]
Event: 10755.218 Thread 0x00000205e114a380 Exception <a 'java/lang/NoSuchMethodError'{0x000000071a87b1b0}: static Lorg/jetbrains/kotlin/gradle/plugin/internal/CompatibilityConventionRegistrarG76$Factory;.<clinit>()V> (0x000000071a87b1b0) 
thrown [s\src\hotspot\share\prims\jni.cpp, line 1108]
Event: 10755.384 Thread 0x00000205e114a380 Exception <a 'java/lang/NoSuchMethodError'{0x000000071a893188}: static Lorg/jetbrains/kotlin/gradle/plugin/internal/DefaultArtifactTypeAttributeAccessorVariantFactory;.<clinit>()V> (0x000000071a893188) 
thrown [s\src\hotspot\share\prims\jni.cpp, line 1108]
Event: 10755.386 Thread 0x00000205e114a380 Exception <a 'java/lang/NoSuchMethodError'{0x000000071a8ab7d8}: static Lorg/jetbrains/kotlin/gradle/plugin/internal/MavenPluginConfigurator$DefaultMavenPluginConfiguratorVariantFactory;.<clinit>()V> (0x000000071a8ab7d8) 
thrown [s\src\hotspot\share\prims\jni.cpp, line 1108]
Event: 10755.389 Thread 0x00000205e114a380 Exception <a 'java/lang/NoSuchMethodError'{0x000000071a8c3838}: static Lorg/jetbrains/kotlin/gradle/plugin/internal/DefaultJavaSourceSetsAccessorVariantFactory;.<clinit>()V> (0x000000071a8c3838) 
thrown [s\src\hotspot\share\prims\jni.cpp, line 1108]
Event: 10755.391 Thread 0x00000205e114a380 Exception <a 'java/lang/NoSuchMethodError'{0x000000071a949988}: static Lorg/jetbrains/kotlin/gradle/targets/js/nodejs/DefaultUnameExecutorVariantFactory;.<clinit>()V> (0x000000071a949988) 
thrown [s\src\hotspot\share\prims\jni.cpp, line 1108]
Event: 10755.578 Thread 0x00000205e114a380 Exception <a 'java/lang/NoSuchMethodError'{0x000000071a961868}: static Lorg/jetbrains/kotlin/gradle/plugin/internal/DefaultBasePluginConfigurationVariantFactory;.<clinit>()V> (0x000000071a961868) 
thrown [s\src\hotspot\share\prims\jni.cpp, line 1108]
Event: 10755.584 Thread 0x00000205e114a380 Exception <a 'java/lang/NoSuchMethodError'{0x000000071a9796f8}: static Lorg/jetbrains/kotlin/gradle/plugin/internal/DefaultIdeaSyncDetectorVariantFactory;.<clinit>()V> (0x000000071a9796f8) 
thrown [s\src\hotspot\share\prims\jni.cpp, line 1108]
Event: 10755.754 Thread 0x00000205e114a380 Exception <a 'java/lang/NoSuchMethodError'{0x000000071a991790}: static Lorg/jetbrains/kotlin/gradle/plugin/internal/DefaultKotlinTestReportCompatibilityHelperVariantFactory;.<clinit>()V> (0x000000071a991790) 
thrown [s\src\hotspot\share\prims\jni.cpp, line 1108]
Event: 10755.957 Thread 0x00000205e114a380 Implicit null exception at 0x00000205cae1b110 to 0x00000205cae1b54c
Event: 10758.698 Thread 0x00000205e114a380 Exception <a 'java/lang/NoSuchMethodError'{0x0000000718ab3118}: 'java.lang.Object java.lang.invoke.DelegatingMethodHandle$Holder.reinvoke_L(java.lang.Object, java.lang.Object, java.lang.Object, java.lang.Object, java.lang.Object, java.lang.Object, java.lang.Object, java.lang.Object, java.lang.Object, java.lang.Object, java.lang.Object, java.lang.Object, java.lang.Object, java.lang.Object, java.lang.Object, java.lang.Object, java.lang.Object, java.lang.Object, java.lang.Object, java.lang.Object, java.lang.O
Event: 10761.881 Thread 0x00000205e114a380 Implicit null exception at 0x00000205cb87dad4 to 0x00000205cb87f244
Event: 10765.020 Thread 0x00000205e1ed4540 Exception <a 'java/lang/NoSuchMethodError'{0x000000071a1efba8}: static Lorg/gradle/internal/build/event/types/DefaultProjectConfigurationSuccessResult;.<clinit>()V> (0x000000071a1efba8) 
thrown [s\src\hotspot\share\prims\jni.cpp, line 1108]
Event: 10765.020 Thread 0x00000205e1ed4540 Exception <a 'java/lang/NoSuchMethodError'{0x000000071a1f0c60}: static Lorg/gradle/internal/build/event/types/AbstractProjectConfigurationResult;.<clinit>()V> (0x000000071a1f0c60) 
thrown [s\src\hotspot\share\prims\jni.cpp, line 1108]
Event: 10765.021 Thread 0x00000205e1ed4540 Exception <a 'java/lang/NoSuchMethodError'{0x0000000719c012e8}: static Lorg/gradle/internal/build/event/types/DefaultPluginApplicationResult;.<clinit>()V> (0x0000000719c012e8) 
thrown [s\src\hotspot\share\prims\jni.cpp, line 1108]
Event: 10765.022 Thread 0x00000205e1ed4540 Exception <a 'java/lang/NoSuchMethodError'{0x0000000719c0af88}: static Lorg/gradle/internal/build/event/types/DefaultBinaryPluginIdentifier;.<clinit>()V> (0x0000000719c0af88) 
thrown [s\src\hotspot\share\prims\jni.cpp, line 1108]
Event: 10765.064 Thread 0x00000205e1ed4540 Exception <a 'java/lang/NoSuchMethodError'{0x0000000719c1dd60}: static Lorg/gradle/internal/build/event/types/DefaultScriptPluginIdentifier;.<clinit>()V> (0x0000000719c1dd60) 
thrown [s\src\hotspot\share\prims\jni.cpp, line 1108]

VM Operations (20 events):
Event: 10780.239 Executing VM operation: Cleanup done
Event: 10781.241 Executing VM operation: Cleanup
Event: 10781.241 Executing VM operation: Cleanup done
Event: 10783.260 Executing VM operation: Cleanup
Event: 10783.465 Executing VM operation: Cleanup done
Event: 10784.263 Executing VM operation: G1CollectForAllocation
Event: 10784.436 Executing VM operation: G1CollectForAllocation done
Event: 10784.816 Executing VM operation: G1Concurrent
Event: 10784.945 Executing VM operation: G1Concurrent done
Event: 10785.129 Executing VM operation: G1Concurrent
Event: 10785.913 Executing VM operation: G1Concurrent done
Event: 10787.922 Executing VM operation: Cleanup
Event: 10787.943 Executing VM operation: Cleanup done
Event: 10788.950 Executing VM operation: Cleanup
Event: 10788.951 Executing VM operation: Cleanup done
Event: 10790.827 Executing VM operation: G1CollectForAllocation
Event: 10791.002 Executing VM operation: G1CollectForAllocation done
Event: 10792.004 Executing VM operation: Cleanup
Event: 10792.004 Executing VM operation: Cleanup done
Event: 10792.568 Executing VM operation: G1CollectForAllocation

Events (20 events):
Event: 10756.987 Thread 0x00000205decb6750 flushing nmethod 0x00000205c504b690
Event: 10756.987 Thread 0x00000205decb6750 flushing nmethod 0x00000205c5051d10
Event: 10756.987 Thread 0x00000205decb6750 flushing nmethod 0x00000205c5052a10
Event: 10756.987 Thread 0x00000205decb6750 flushing nmethod 0x00000205c5059310
Event: 10756.987 Thread 0x00000205decb6750 flushing nmethod 0x00000205c5060010
Event: 10756.987 Thread 0x00000205decb6750 flushing nmethod 0x00000205c5061d10
Event: 10756.987 Thread 0x00000205decb6750 flushing nmethod 0x00000205c5066090
Event: 10756.988 Thread 0x00000205decb6750 flushing nmethod 0x00000205c509c190
Event: 10756.988 Thread 0x00000205decb6750 flushing nmethod 0x00000205c509ea10
Event: 10756.988 Thread 0x00000205decb6750 flushing nmethod 0x00000205c50a4c90
Event: 10756.988 Thread 0x00000205decb6750 flushing nmethod 0x00000205c50b9690
Event: 10756.988 Thread 0x00000205decb6750 flushing nmethod 0x00000205c50c4410
Event: 10756.988 Thread 0x00000205decb6750 flushing nmethod 0x00000205c50e0c90
Event: 10756.988 Thread 0x00000205decb6750 flushing nmethod 0x00000205c50e4510
Event: 10758.049 Thread 0x00000205e6a476b0 Thread added: 0x00000205e6a476b0
Event: 10759.737 Thread 0x00000205e6a476b0 Thread exited: 0x00000205e6a476b0
Event: 10772.287 Thread 0x00000205e6a485e0 Thread added: 0x00000205e6a485e0
Event: 10772.422 Thread 0x00000205e6a485e0 Thread exited: 0x00000205e6a485e0
Event: 10776.416 Thread 0x00000205e6a46780 Thread added: 0x00000205e6a46780
Event: 10776.764 Thread 0x00000205e6a46780 Thread exited: 0x00000205e6a46780


Dynamic libraries:
0x00007ff723f80000 - 0x00007ff723f8a000 	D:\Aplication\Android\Android Studio\jbr\bin\java.exe
0x00007ffbcedb0000 - 0x00007ffbcefc7000 	C:\WINDOWS\SYSTEM32\ntdll.dll
0x00007ffbcddd0000 - 0x00007ffbcde94000 	C:\WINDOWS\System32\KERNEL32.DLL
0x00007ffbcc210000 - 0x00007ffbcc5e3000 	C:\WINDOWS\System32\KERNELBASE.dll
0x00007ffbcc090000 - 0x00007ffbcc1a1000 	C:\WINDOWS\System32\ucrtbase.dll
0x00007ffb67710000 - 0x00007ffb67727000 	D:\Aplication\Android\Android Studio\jbr\bin\jli.dll
0x00007ffbcd480000 - 0x00007ffbcd631000 	C:\WINDOWS\System32\USER32.dll
0x00007ffbcc1e0000 - 0x00007ffbcc206000 	C:\WINDOWS\System32\win32u.dll
0x00007ffbcca40000 - 0x00007ffbcca69000 	C:\WINDOWS\System32\GDI32.dll
0x00007ffbcc6b0000 - 0x00007ffbcc7d2000 	C:\WINDOWS\System32\gdi32full.dll
0x00007ffbcc7e0000 - 0x00007ffbcc87a000 	C:\WINDOWS\System32\msvcp_win.dll
0x00007ffbb9c90000 - 0x00007ffbb9f2b000 	C:\WINDOWS\WinSxS\amd64_microsoft.windows.common-controls_6595b64144ccf1df_6.0.22621.5262_none_2712bde373830908\COMCTL32.dll
0x00007ffbce440000 - 0x00007ffbce4e7000 	C:\WINDOWS\System32\msvcrt.dll
0x00007ffb676f0000 - 0x00007ffb6770b000 	D:\Aplication\Android\Android Studio\jbr\bin\VCRUNTIME140.dll
0x00007ffbce400000 - 0x00007ffbce431000 	C:\WINDOWS\System32\IMM32.DLL
0x00007ffb94480000 - 0x00007ffb9448c000 	D:\Aplication\Android\Android Studio\jbr\bin\vcruntime140_1.dll
0x00007ffb67660000 - 0x00007ffb676ed000 	D:\Aplication\Android\Android Studio\jbr\bin\msvcp140.dll
0x00007ffb5ca30000 - 0x00007ffb5d69e000 	D:\Aplication\Android\Android Studio\jbr\bin\server\jvm.dll
0x00007ffbcdbd0000 - 0x00007ffbcdc81000 	C:\WINDOWS\System32\ADVAPI32.dll
0x00007ffbcca70000 - 0x00007ffbccb17000 	C:\WINDOWS\System32\sechost.dll
0x00007ffbcc1b0000 - 0x00007ffbcc1d8000 	C:\WINDOWS\System32\bcrypt.dll
0x00007ffbcdc90000 - 0x00007ffbcdda4000 	C:\WINDOWS\System32\RPCRT4.dll
0x00007ffb91f00000 - 0x00007ffb91f09000 	C:\WINDOWS\SYSTEM32\WSOCK32.dll
0x00007ffbce7b0000 - 0x00007ffbce821000 	C:\WINDOWS\System32\WS2_32.dll
0x00007ffbc6100000 - 0x00007ffbc6134000 	C:\WINDOWS\SYSTEM32\WINMM.dll
0x00007ffbc5e40000 - 0x00007ffbc5e4a000 	C:\WINDOWS\SYSTEM32\VERSION.dll
0x00007ffbcaea0000 - 0x00007ffbcaeb8000 	C:\WINDOWS\SYSTEM32\kernel.appcore.dll
0x00007ffb6c790000 - 0x00007ffb6c79a000 	D:\Aplication\Android\Android Studio\jbr\bin\jimage.dll
0x00007ffbb5c70000 - 0x00007ffbb5ea2000 	C:\WINDOWS\SYSTEM32\DBGHELP.DLL
0x00007ffbce9d0000 - 0x00007ffbced63000 	C:\WINDOWS\System32\combase.dll
0x00007ffbcdea0000 - 0x00007ffbcdf77000 	C:\WINDOWS\System32\OLEAUT32.dll
0x00007ffba5eb0000 - 0x00007ffba5ee2000 	C:\WINDOWS\SYSTEM32\dbgcore.DLL
0x00007ffbcbea0000 - 0x00007ffbcbf1b000 	C:\WINDOWS\System32\bcryptPrimitives.dll
0x00007ffb67630000 - 0x00007ffb67655000 	D:\Aplication\Android\Android Studio\jbr\bin\java.dll
0x00007ffb673c0000 - 0x00007ffb673d8000 	D:\Aplication\Android\Android Studio\jbr\bin\zip.dll
0x00007ffbccbd0000 - 0x00007ffbcd46d000 	C:\WINDOWS\System32\SHELL32.dll
0x00007ffbcc880000 - 0x00007ffbcc9bf000 	C:\WINDOWS\System32\wintypes.dll
0x00007ffbc9d90000 - 0x00007ffbca6ad000 	C:\WINDOWS\SYSTEM32\windows.storage.dll
0x00007ffbce830000 - 0x00007ffbce93b000 	C:\WINDOWS\System32\SHCORE.dll
0x00007ffbce960000 - 0x00007ffbce9c6000 	C:\WINDOWS\System32\shlwapi.dll
0x00007ffbcbdd0000 - 0x00007ffbcbdfb000 	C:\WINDOWS\SYSTEM32\profapi.dll
0x00007ffb69040000 - 0x00007ffb69059000 	D:\Aplication\Android\Android Studio\jbr\bin\net.dll
0x00007ffbc5930000 - 0x00007ffbc5a5c000 	C:\WINDOWS\SYSTEM32\WINHTTP.dll
0x00007ffbcb310000 - 0x00007ffbcb37a000 	C:\WINDOWS\system32\mswsock.dll
0x00007ffb69020000 - 0x00007ffb69036000 	D:\Aplication\Android\Android Studio\jbr\bin\nio.dll
0x00007ffb69010000 - 0x00007ffb69020000 	D:\Aplication\Android\Android Studio\jbr\bin\verify.dll
0x00007ffb6cdc0000 - 0x00007ffb6cde7000 	C:\Users\ASUS\.gradle\native\c067742578af261105cb4f569cf0c3c89f3d7b1fecec35dd04571415982c5e48\windows-amd64\native-platform.dll
0x00007ffb68ea0000 - 0x00007ffb68fe4000 	C:\Users\ASUS\.gradle\native\38dada09dfb8b06ba9b0570ebf7e218e3eb74d4ef43ca46872605cf95ebc2f47\windows-amd64\native-platform-file-events.dll
0x00007ffb69000000 - 0x00007ffb69009000 	D:\Aplication\Android\Android Studio\jbr\bin\management.dll
0x00007ffb68ff0000 - 0x00007ffb68ffb000 	D:\Aplication\Android\Android Studio\jbr\bin\management_ext.dll
0x00007ffbce950000 - 0x00007ffbce958000 	C:\WINDOWS\System32\PSAPI.DLL
0x00007ffbcb520000 - 0x00007ffbcb53b000 	C:\WINDOWS\SYSTEM32\CRYPTSP.dll
0x00007ffbcae00000 - 0x00007ffbcae37000 	C:\WINDOWS\system32\rsaenh.dll
0x00007ffbcb3c0000 - 0x00007ffbcb3e8000 	C:\WINDOWS\SYSTEM32\USERENV.dll
0x00007ffbcb540000 - 0x00007ffbcb54c000 	C:\WINDOWS\SYSTEM32\CRYPTBASE.dll
0x00007ffbca910000 - 0x00007ffbca93d000 	C:\WINDOWS\SYSTEM32\IPHLPAPI.DLL
0x00007ffbcdb10000 - 0x00007ffbcdb19000 	C:\WINDOWS\System32\NSI.dll
0x00007ffbc5860000 - 0x00007ffbc5879000 	C:\WINDOWS\SYSTEM32\dhcpcsvc6.DLL
0x00007ffbc5840000 - 0x00007ffbc585f000 	C:\WINDOWS\SYSTEM32\dhcpcsvc.DLL
0x00007ffbca980000 - 0x00007ffbcaa78000 	C:\WINDOWS\SYSTEM32\DNSAPI.dll
0x00007ffb79910000 - 0x00007ffb79918000 	C:\WINDOWS\system32\wshunix.dll
0x00007ffb78d70000 - 0x00007ffb78d87000 	C:\WINDOWS\system32\napinsp.dll
0x00007ffb78d50000 - 0x00007ffb78d6b000 	C:\WINDOWS\system32\pnrpnsp.dll
0x00007ffb78d30000 - 0x00007ffb78d41000 	C:\WINDOWS\System32\winrnr.dll
0x00007ffb95a60000 - 0x00007ffb95a7f000 	C:\WINDOWS\system32\wshbth.dll
0x00007ffb79d00000 - 0x00007ffb79d21000 	C:\WINDOWS\system32\nlansp_c.dll
0x00007ffbc0580000 - 0x00007ffbc058a000 	C:\Windows\System32\rasadhlp.dll
0x00007ffbc4ad0000 - 0x00007ffbc4b53000 	C:\WINDOWS\System32\fwpuclnt.dll

dbghelp: loaded successfully - version: 4.0.5 - missing functions: none
symbol engine: initialized successfully - sym options: 0x614 - pdb path: .;D:\Aplication\Android\Android Studio\jbr\bin;C:\WINDOWS\SYSTEM32;C:\WINDOWS\WinSxS\amd64_microsoft.windows.common-controls_6595b64144ccf1df_6.0.22621.5262_none_2712bde373830908;D:\Aplication\Android\Android Studio\jbr\bin\server;C:\Users\ASUS\.gradle\native\c067742578af261105cb4f569cf0c3c89f3d7b1fecec35dd04571415982c5e48\windows-amd64;C:\Users\ASUS\.gradle\native\38dada09dfb8b06ba9b0570ebf7e218e3eb74d4ef43ca46872605cf95ebc2f47\windows-amd64

VM Arguments:
jvm_args: --add-opens=java.base/java.util=ALL-UNNAMED --add-opens=java.base/java.lang=ALL-UNNAMED --add-opens=java.base/java.lang.invoke=ALL-UNNAMED --add-opens=java.prefs/java.util.prefs=ALL-UNNAMED --add-opens=java.base/java.nio.charset=ALL-UNNAMED --add-opens=java.base/java.net=ALL-UNNAMED --add-opens=java.base/java.util.concurrent.atomic=ALL-UNNAMED -Xmx4G -Dfile.encoding=utf8 -Duser.country=ID -Duser.language=en -Duser.variant 
java_command: org.gradle.launcher.daemon.bootstrap.GradleDaemon 7.6.3
java_class_path (initial): C:\Users\ASUS\.gradle\wrapper\dists\gradle-7.6.3-bin\aiqsy11zfh4dz5uu7slds59uo\gradle-7.6.3\lib\gradle-launcher-7.6.3.jar
Launcher Type: SUN_STANDARD

[Global flags]
     intx CICompilerCount                          = 3                                         {product} {ergonomic}
     uint ConcGCThreads                            = 1                                         {product} {ergonomic}
     uint G1ConcRefinementThreads                  = 4                                         {product} {ergonomic}
   size_t G1HeapRegionSize                         = 2097152                                   {product} {ergonomic}
    uintx GCDrainStackTargetSize                   = 64                                        {product} {ergonomic}
   size_t InitialHeapSize                          = 132120576                                 {product} {ergonomic}
   size_t MarkStackSize                            = 4194304                                   {product} {ergonomic}
   size_t MaxHeapSize                              = 4294967296                                {product} {command line}
   size_t MaxNewSize                               = 2575302656                                {product} {ergonomic}
   size_t MinHeapDeltaBytes                        = 2097152                                   {product} {ergonomic}
   size_t MinHeapSize                              = 8388608                                   {product} {ergonomic}
    uintx NonNMethodCodeHeapSize                   = 5832780                                {pd product} {ergonomic}
    uintx NonProfiledCodeHeapSize                  = 122912730                              {pd product} {ergonomic}
    uintx ProfiledCodeHeapSize                     = 122912730                              {pd product} {ergonomic}
    uintx ReservedCodeCacheSize                    = 251658240                              {pd product} {ergonomic}
     bool SegmentedCodeCache                       = true                                      {product} {ergonomic}
   size_t SoftMaxHeapSize                          = 4294967296                             {manageable} {ergonomic}
     bool UseCompressedClassPointers               = true                           {product lp64_product} {ergonomic}
     bool UseCompressedOops                        = true                           {product lp64_product} {ergonomic}
     bool UseG1GC                                  = true                                      {product} {ergonomic}
     bool UseLargePagesIndividualAllocation        = false                                  {pd product} {ergonomic}

Logging:
Log output configuration:
 #0: stdout all=warning uptime,level,tags
 #1: stderr all=off uptime,level,tags

Environment Variables:
PATH=C:\Program Files\Common Files\Oracle\Java\javapath;C:\WINDOWS\system32;C:\WINDOWS;C:\WINDOWS\System32\Wbem;C:\WINDOWS\System32\WindowsPowerShell\v1.0\;C:\WINDOWS\System32\OpenSSH\;C:\Program Files\Java\jdk\bin;C:\Program Files\dotnet\;C:\Users\ASUS\AppData\Local\Programs\Python\Python38;C:\Users\ASUS\AppData\Local\Programs\Python\Python38\Scripts;C:\Program Files\cURL\bin;C:\ProgramData\ComposerSetup\bin;C:\Program Files\GitHub CLI\;C:\Program Files\Microsoft SQL Server\Client SDK\ODBC\130\Tools\Binn\;C:\ProgramData\chocolatey\bin;C:\Users\ASUS\AppData\Local\Pub\Cache\bin;C:\Program Files\Java\jdk-23\bin;C:\Users\ASUS\AppData\Local\Android\Sdk\platform-tools;D:\Aplication\neo_xampp_php_7\php;C:\Users\ASUS\AppData\Roaming\nvm;C:\Program Files\nodejs;C:\src\flutter\bin\cache\dart-sdk\bin;C:\Program Files\Git\cmd;C:\Program Files\PuTTY\;C:\Users\ASUS\AppData\Local\Programs\Python\Python36\Scripts\;C:\Users\ASUS\AppData\Local\Programs\Python\Python36\;C:\Users\ASUS\AppData\Local\Programs\Python\Python311\Scripts\;C:\Users\ASUS\AppData\Local\Programs\Python\Python311\;C:\Users\ASUS\AppData\Local\Microsoft\WindowsApps;C:\Users\ASUS\AppData\Local\Programs\Microsoft VS Code\bin;C:\Users\ASUS\AppData\Roaming\Composer\vendor\bin;C:\Program Files\heroku\bin;C:\Program Files\Azure Data Studio\bin;C:\tools\dart-sdk\bin;C:\Users\ASUS\AppData\Roaming\Pub\Cache\bin;D:\src\flutter\bin;D:\Aplication\PhpStorm\PhpStorm 2023.3.6\bin;;C:\Users\ASUS\AppData\Roaming\nvm;C:\Program Files\nodejs;C:\Users\ASUS\AppData\Local\Programs\Python\Python39\Scripts;C:\Users\ASUS\AppData\Local\Programs\Python\Python39\;D:\Aplication\Android\Android Studio\jbr\bin;
USERNAME=ASUS
OS=Windows_NT
PROCESSOR_IDENTIFIER=Intel64 Family 6 Model 142 Stepping 12, GenuineIntel
TMP=C:\Users\ASUS\AppData\Local\Temp
TEMP=C:\Users\ASUS\AppData\Local\Temp


JNI global refs:
JNI global refs: 24, weak refs: 0

JNI global refs memory usage: 843, weak refs: 841


---------------  S Y S T E M  ---------------

OS:
 Windows 11 , 64 bit Build 22621 (10.0.22621.5262)
OS uptime: 0 days 3:12 hours
Hyper-V role detected

CPU: total 4 (initial active 4) (2 cores per cpu, 2 threads per core) family 6 model 142 stepping 12 microcode 0xea, cx8, cmov, fxsr, ht, mmx, 3dnowpref, sse, sse2, sse3, ssse3, sse4.1, sse4.2, popcnt, lzcnt, tsc, tscinvbit, avx, avx2, aes, erms, clmul, bmi1, bmi2, adx, fma, vzeroupper, clflush, clflushopt, hv

Memory: 4k page, system-wide physical 8029M (306M free)
TotalPageFile size 13118M (AvailPageFile size 570M)
current process WorkingSet (physical memory assigned to process): 551M, peak: 604M
current process commit charge ("private bytes"): 782M, peak: 1352M

vm_info: OpenJDK 64-Bit Server VM (17.0.6+0-b2043.56-10027231) for windows-amd64 JRE (17.0.6+0-b2043.56-10027231), built on Apr 28 2023 00:43:19 by "androidbuild" with MS VC++ 16.10 / 16.11 (VS2019)

END.
